[Licensing::Module] Trying to connect to existing licensing client channel...
[Licensing::IpcConnector] Successfully connected to the License Client on channel: "LicenseClient-nwave" at "2026-05-02T15:09:42.6941223Z"
[Licensing::Client] Error: Code 10 while verifying Licensing Client signature (process Id: 16600, path: "C:/Program Files/Unity Hub/UnityLicensingClient_V1/Unity.Licensing.Client.exe")
[Licensing::Module] Error: LicensingClient has failed validation; ignoring
[Licensing::Client] Handshaking with LicensingClient:
  Version:                 1.17.4+4293ba1
  Session Id:              012f502b384a4740bcfcc57116e79ca1
  Correlation Id:          fab13649f50c5e3b0b28d6cedd0eefce
  External correlation Id: 6229533350515793580
  Machine Id:              /CIpopPksGM8b2yzT8FVLTRdRDA=
[Licensing::Module] Successfully connected to LicensingClient on channel: "LicenseClient-nwave" (connect: 0.00s, validation: 0.01s, handshake: 0.06s)
[Licensing::IpcConnector] Successfully connected to the License Notification on channel: "LicenseClient-nwave-notifications" at "2026-05-02T15:09:42.7658501Z"
[Licensing::Module] Error: Access token is unavailable; failed to update
[Licensing::Client] Successfully updated license
Built from '6000.0/staging' branch; Version is '6000.0.41f1 (46e447368a18) revision 4645959'; Using compiler version '193933523'; Build Type 'Release'
OS: 'Windows 11  (10.0.26200) 64bit Core' Language: 'en' Physical Memory: 32414 MB
[Licensing::Client] Successfully resolved entitlement details
[Licensing::Module] Serial number assigned to: "20067242488518-UnityPersXXXX"
BatchMode: 1, IsHumanControllingUs: 0, StartBugReporterOnCrash: 0, Is64bit: 1, IsPro: 0
[Licensing::Client] Successfully resolved entitlement details

COMMAND LINE ARGUMENTS:
C:\Program Files\Unity\Hub\Editor\6000.0.41f1\Editor\Unity.exe
-batchmode
-nographics
-quit
-projectPath
C:\LLMRPG\LoreLegacyMonsters
-logFile
C:\LLMRPG\LoreLegacyMonsters\Artifacts\VisualSmoke\phase2-improvement-compile-final.log
Successfully changed project path to: C:\LLMRPG\LoreLegacyMonsters
C:/LLMRPG/LoreLegacyMonsters
[UnityMemory] Configuration Parameters - Can be set up in boot.config
    "memorysetup-bucket-allocator-granularity=16"
    "memorysetup-bucket-allocator-bucket-count=8"
    "memorysetup-bucket-allocator-block-size=33554432"
    "memorysetup-bucket-allocator-block-count=8"
    "memorysetup-main-allocator-block-size=16777216"
    "memorysetup-thread-allocator-block-size=16777216"
    "memorysetup-gfx-main-allocator-block-size=16777216"
    "memorysetup-gfx-thread-allocator-block-size=16777216"
    "memorysetup-cache-allocator-block-size=4194304"
    "memorysetup-typetree-allocator-block-size=2097152"
    "memorysetup-profiler-bucket-allocator-granularity=16"
    "memorysetup-profiler-bucket-allocator-bucket-count=8"
    "memorysetup-profiler-bucket-allocator-block-size=33554432"
    "memorysetup-profiler-bucket-allocator-block-count=8"
    "memorysetup-profiler-allocator-block-size=16777216"
    "memorysetup-profiler-editor-allocator-block-size=1048576"
    "memorysetup-temp-allocator-size-main=16777216"
    "memorysetup-job-temp-allocator-block-size=2097152"
    "memorysetup-job-temp-allocator-block-size-background=1048576"
    "memorysetup-job-temp-allocator-reduction-small-platforms=262144"
    "memorysetup-allocator-temp-initial-block-size-main=262144"
    "memorysetup-allocator-temp-initial-block-size-worker=262144"
    "memorysetup-temp-allocator-size-background-worker=32768"
    "memorysetup-temp-allocator-size-job-worker=262144"
    "memorysetup-temp-allocator-size-preload-manager=33554432"
    "memorysetup-temp-allocator-size-nav-mesh-worker=65536"
    "memorysetup-temp-allocator-size-audio-worker=65536"
    "memorysetup-temp-allocator-size-cloud-worker=32768"
    "memorysetup-temp-allocator-size-gi-baking-worker=262144"
    "memorysetup-temp-allocator-size-gi-baking-worker=262144"
    "memorysetup-temp-allocator-size-gi-baking-worker=262144"
    "memorysetup-temp-allocator-size-gi-baking-worker=262144"
    "memorysetup-temp-allocator-size-gi-baking-worker=262144"
    "memorysetup-temp-allocator-size-gfx=262144"
Player connection [15200]  Target information:

Player connection [15200]  * "[IP] 192.168.1.228 [Port] 55504 [Flags] 2 [Guid] 3754740472 [EditorId] 3754740472 [Version] 1048832 [Id] WindowsEditor(7,NatesRazer) [Debug] 1 [PackageName] WindowsEditor [ProjectName] Editor" 

Player connection [15200] Host joined multi-casting on [225.0.0.222:54997]...
Player connection [15200] Host joined alternative multi-casting on [225.0.0.222:34997]...
Input System module state changed to: Initialized.
[Physics::Module] Initialized fallback backend.
[Physics::Module] Id: 0xdecafbad
[Package Manager] Connected to IPC stream "Upm-36940" after 0.2 seconds.
Library Redirect Path: Library/
[Package Manager] Restoring resolved packages state from cache
[Licensing::Client] Successfully resolved entitlement details
[Package Manager] Registered 72 packages:
  Packages from [https://packages.unity.com]:
    com.unity.2d.animation@10.1.4 (location: C:\LLMRPG\LoreLegacyMonsters\Library\PackageCache\com.unity.2d.animation@494a3b4e73a9)
    com.unity.2d.pixel-perfect@5.0.3 (location: C:\LLMRPG\LoreLegacyMonsters\Library\PackageCache\com.unity.2d.pixel-perfect@e3ae982b672d)
    com.unity.2d.psdimporter@9.0.3 (location: C:\LLMRPG\LoreLegacyMonsters\Library\PackageCache\com.unity.2d.psdimporter@676bae148e11)
    com.unity.2d.spriteshape@10.0.7 (location: C:\LLMRPG\LoreLegacyMonsters\Library\PackageCache\com.unity.2d.spriteshape@9e35352ae135)
    com.unity.2d.tilemap.extras@4.1.0 (location: C:\LLMRPG\LoreLegacyMonsters\Library\PackageCache\com.unity.2d.tilemap.extras@13634da7dbe0)
    com.unity.ads@4.12.0 (location: C:\LLMRPG\LoreLegacyMonsters\Library\PackageCache\com.unity.ads@3bb3d269d51b)
    com.unity.ai.navigation@2.0.6 (location: C:\LLMRPG\LoreLegacyMonsters\Library\PackageCache\com.unity.ai.navigation@c74b2724ed42)
    com.unity.analytics@3.8.1 (location: C:\LLMRPG\LoreLegacyMonsters\Library\PackageCache\com.unity.analytics@6cc66d58ac08)
    com.unity.collab-proxy@2.7.1 (location: C:\LLMRPG\LoreLegacyMonsters\Library\PackageCache\com.unity.collab-proxy@50ac96531b63)
    com.unity.ide.rider@3.0.34 (location: C:\LLMRPG\LoreLegacyMonsters\Library\PackageCache\com.unity.ide.rider@ecbf706690e5)
    com.unity.ide.visualstudio@2.0.22 (location: C:\LLMRPG\LoreLegacyMonsters\Library\PackageCache\com.unity.ide.visualstudio@8140e851d83e)
    com.unity.inputsystem@1.13.1 (location: C:\LLMRPG\LoreLegacyMonsters\Library\PackageCache\com.unity.inputsystem@e2c83221d2dc)
    com.unity.purchasing@4.12.2 (location: C:\LLMRPG\LoreLegacyMonsters\Library\PackageCache\com.unity.purchasing@649c6c7b3b1b)
    com.unity.test-framework@1.4.6 (location: C:\LLMRPG\LoreLegacyMonsters\Library\PackageCache\com.unity.test-framework@5ac417e07314)
    com.unity.timeline@1.8.8 (location: C:\LLMRPG\LoreLegacyMonsters\Library\PackageCache\com.unity.timeline@fa3a0bab2b90)
    com.unity.visualscripting@1.9.6 (location: C:\LLMRPG\LoreLegacyMonsters\Library\PackageCache\com.unity.visualscripting@7dcdc439b230)
    com.unity.xr.legacyinputhelpers@2.1.12 (location: C:\LLMRPG\LoreLegacyMonsters\Library\PackageCache\com.unity.xr.legacyinputhelpers@b7579e86f3b4)
    com.unity.ext.nunit@2.0.5 (location: C:\LLMRPG\LoreLegacyMonsters\Library\PackageCache\com.unity.ext.nunit@60ef35ffd3cd)
    com.unity.services.core@1.14.0 (location: C:\LLMRPG\LoreLegacyMonsters\Library\PackageCache\com.unity.services.core@9e81a5e38245)
    com.unity.services.analytics@6.0.1 (location: C:\LLMRPG\LoreLegacyMonsters\Library\PackageCache\com.unity.services.analytics@f7e249983920)
    com.unity.2d.common@9.0.7 (location: C:\LLMRPG\LoreLegacyMonsters\Library\PackageCache\com.unity.2d.common@bb1fc9b3d81b)
    com.unity.mathematics@1.3.2 (location: C:\LLMRPG\LoreLegacyMonsters\Library\PackageCache\com.unity.mathematics@8017b507cc74)
    com.unity.collections@2.5.1 (location: C:\LLMRPG\LoreLegacyMonsters\Library\PackageCache\com.unity.collections@56bff8827a7e)
    com.unity.searcher@4.9.3 (location: C:\LLMRPG\LoreLegacyMonsters\Library\PackageCache\com.unity.searcher@1e17ce91558d)
    com.unity.burst@1.8.19 (location: C:\LLMRPG\LoreLegacyMonsters\Library\PackageCache\com.unity.burst@7a907cf5a459)
    com.unity.nuget.newtonsoft-json@3.2.1 (location: C:\LLMRPG\LoreLegacyMonsters\Library\PackageCache\com.unity.nuget.newtonsoft-json@74deb55db2a0)
    com.unity.nuget.mono-cecil@1.11.4 (location: C:\LLMRPG\LoreLegacyMonsters\Library\PackageCache\com.unity.nuget.mono-cecil@d6f9955a5d5f)
    com.unity.test-framework.performance@3.0.3 (location: C:\LLMRPG\LoreLegacyMonsters\Library\PackageCache\com.unity.test-framework.performance@fb0dc592af8b)
  Built-in packages:
    com.unity.2d.sprite@1.0.0 (location: C:\LLMRPG\LoreLegacyMonsters\Library\PackageCache\com.unity.2d.sprite@072d7bd355e5)
    com.unity.2d.tilemap@1.0.0 (location: C:\LLMRPG\LoreLegacyMonsters\Library\PackageCache\com.unity.2d.tilemap@91afae292a4e)
    com.unity.multiplayer.center@1.0.0 (location: C:\LLMRPG\LoreLegacyMonsters\Library\PackageCache\com.unity.multiplayer.center@f3fb577b3546)
    com.unity.render-pipelines.universal@17.0.4 (location: C:\LLMRPG\LoreLegacyMonsters\Library\PackageCache\com.unity.render-pipelines.universal@506b3deb0041)
    com.unity.textmeshpro@5.0.0 (location: C:\LLMRPG\LoreLegacyMonsters\Library\PackageCache\com.unity.textmeshpro@53f43edfd2e0)
    com.unity.ugui@2.0.0 (location: C:\LLMRPG\LoreLegacyMonsters\Library\PackageCache\com.unity.ugui@22ebcc83720a)
    com.unity.modules.accessibility@1.0.0 (location: C:\Program Files\Unity\Hub\Editor\6000.0.41f1\Editor\Data\Resources\PackageManager\BuiltInPackages\com.unity.modules.accessibility)
    com.unity.modules.ai@1.0.0 (location: C:\Program Files\Unity\Hub\Editor\6000.0.41f1\Editor\Data\Resources\PackageManager\BuiltInPackages\com.unity.modules.ai)
    com.unity.modules.androidjni@1.0.0 (location: C:\Program Files\Unity\Hub\Editor\6000.0.41f1\Editor\Data\Resources\PackageManager\BuiltInPackages\com.unity.modules.androidjni)
    com.unity.modules.animation@1.0.0 (location: C:\Program Files\Unity\Hub\Editor\6000.0.41f1\Editor\Data\Resources\PackageManager\BuiltInPackages\com.unity.modules.animation)
    com.unity.modules.assetbundle@1.0.0 (location: C:\Program Files\Unity\Hub\Editor\6000.0.41f1\Editor\Data\Resources\PackageManager\BuiltInPackages\com.unity.modules.assetbundle)
    com.unity.modules.audio@1.0.0 (location: C:\Program Files\Unity\Hub\Editor\6000.0.41f1\Editor\Data\Resources\PackageManager\BuiltInPackages\com.unity.modules.audio)
    com.unity.modules.cloth@1.0.0 (location: C:\Program Files\Unity\Hub\Editor\6000.0.41f1\Editor\Data\Resources\PackageManager\BuiltInPackages\com.unity.modules.cloth)
    com.unity.modules.director@1.0.0 (location: C:\Program Files\Unity\Hub\Editor\6000.0.41f1\Editor\Data\Resources\PackageManager\BuiltInPackages\com.unity.modules.director)
    com.unity.modules.imageconversion@1.0.0 (location: C:\Program Files\Unity\Hub\Editor\6000.0.41f1\Editor\Data\Resources\PackageManager\BuiltInPackages\com.unity.modules.imageconversion)
    com.unity.modules.imgui@1.0.0 (location: C:\Program Files\Unity\Hub\Editor\6000.0.41f1\Editor\Data\Resources\PackageManager\BuiltInPackages\com.unity.modules.imgui)
    com.unity.modules.jsonserialize@1.0.0 (location: C:\Program Files\Unity\Hub\Editor\6000.0.41f1\Editor\Data\Resources\PackageManager\BuiltInPackages\com.unity.modules.jsonserialize)
    com.unity.modules.particlesystem@1.0.0 (location: C:\Program Files\Unity\Hub\Editor\6000.0.41f1\Editor\Data\Resources\PackageManager\BuiltInPackages\com.unity.modules.particlesystem)
    com.unity.modules.physics@1.0.0 (location: C:\Program Files\Unity\Hub\Editor\6000.0.41f1\Editor\Data\Resources\PackageManager\BuiltInPackages\com.unity.modules.physics)
    com.unity.modules.physics2d@1.0.0 (location: C:\Program Files\Unity\Hub\Editor\6000.0.41f1\Editor\Data\Resources\PackageManager\BuiltInPackages\com.unity.modules.physics2d)
    com.unity.modules.screencapture@1.0.0 (location: C:\Program Files\Unity\Hub\Editor\6000.0.41f1\Editor\Data\Resources\PackageManager\BuiltInPackages\com.unity.modules.screencapture)
    com.unity.modules.terrain@1.0.0 (location: C:\Program Files\Unity\Hub\Editor\6000.0.41f1\Editor\Data\Resources\PackageManager\BuiltInPackages\com.unity.modules.terrain)
    com.unity.modules.terrainphysics@1.0.0 (location: C:\Program Files\Unity\Hub\Editor\6000.0.41f1\Editor\Data\Resources\PackageManager\BuiltInPackages\com.unity.modules.terrainphysics)
    com.unity.modules.tilemap@1.0.0 (location: C:\Program Files\Unity\Hub\Editor\6000.0.41f1\Editor\Data\Resources\PackageManager\BuiltInPackages\com.unity.modules.tilemap)
    com.unity.modules.ui@1.0.0 (location: C:\Program Files\Unity\Hub\Editor\6000.0.41f1\Editor\Data\Resources\PackageManager\BuiltInPackages\com.unity.modules.ui)
    com.unity.modules.uielements@1.0.0 (location: C:\Program Files\Unity\Hub\Editor\6000.0.41f1\Editor\Data\Resources\PackageManager\BuiltInPackages\com.unity.modules.uielements)
    com.unity.modules.umbra@1.0.0 (location: C:\Program Files\Unity\Hub\Editor\6000.0.41f1\Editor\Data\Resources\PackageManager\BuiltInPackages\com.unity.modules.umbra)
    com.unity.modules.unityanalytics@1.0.0 (location: C:\Program Files\Unity\Hub\Editor\6000.0.41f1\Editor\Data\Resources\PackageManager\BuiltInPackages\com.unity.modules.unityanalytics)
    com.unity.modules.unitywebrequest@1.0.0 (location: C:\Program Files\Unity\Hub\Editor\6000.0.41f1\Editor\Data\Resources\PackageManager\BuiltInPackages\com.unity.modules.unitywebrequest)
    com.unity.modules.unitywebrequestassetbundle@1.0.0 (location: C:\Program Files\Unity\Hub\Editor\6000.0.41f1\Editor\Data\Resources\PackageManager\BuiltInPackages\com.unity.modules.unitywebrequestassetbundle)
    com.unity.modules.unitywebrequestaudio@1.0.0 (location: C:\Program Files\Unity\Hub\Editor\6000.0.41f1\Editor\Data\Resources\PackageManager\BuiltInPackages\com.unity.modules.unitywebrequestaudio)
    com.unity.modules.unitywebrequesttexture@1.0.0 (location: C:\Program Files\Unity\Hub\Editor\6000.0.41f1\Editor\Data\Resources\PackageManager\BuiltInPackages\com.unity.modules.unitywebrequesttexture)
    com.unity.modules.unitywebrequestwww@1.0.0 (location: C:\Program Files\Unity\Hub\Editor\6000.0.41f1\Editor\Data\Resources\PackageManager\BuiltInPackages\com.unity.modules.unitywebrequestwww)
    com.unity.modules.vehicles@1.0.0 (location: C:\Program Files\Unity\Hub\Editor\6000.0.41f1\Editor\Data\Resources\PackageManager\BuiltInPackages\com.unity.modules.vehicles)
    com.unity.modules.video@1.0.0 (location: C:\Program Files\Unity\Hub\Editor\6000.0.41f1\Editor\Data\Resources\PackageManager\BuiltInPackages\com.unity.modules.video)
    com.unity.modules.vr@1.0.0 (location: C:\Program Files\Unity\Hub\Editor\6000.0.41f1\Editor\Data\Resources\PackageManager\BuiltInPackages\com.unity.modules.vr)
    com.unity.modules.wind@1.0.0 (location: C:\Program Files\Unity\Hub\Editor\6000.0.41f1\Editor\Data\Resources\PackageManager\BuiltInPackages\com.unity.modules.wind)
    com.unity.modules.xr@1.0.0 (location: C:\Program Files\Unity\Hub\Editor\6000.0.41f1\Editor\Data\Resources\PackageManager\BuiltInPackages\com.unity.modules.xr)
    com.unity.modules.subsystems@1.0.0 (location: C:\Program Files\Unity\Hub\Editor\6000.0.41f1\Editor\Data\Resources\PackageManager\BuiltInPackages\com.unity.modules.subsystems)
    com.unity.modules.hierarchycore@1.0.0 (location: C:\Program Files\Unity\Hub\Editor\6000.0.41f1\Editor\Data\Resources\PackageManager\BuiltInPackages\com.unity.modules.hierarchycore)
    com.unity.render-pipelines.core@17.0.4 (location: C:\LLMRPG\LoreLegacyMonsters\Library\PackageCache\com.unity.render-pipelines.core@e13fb214c240)
    com.unity.shadergraph@17.0.4 (location: C:\LLMRPG\LoreLegacyMonsters\Library\PackageCache\com.unity.shadergraph@cdef3258c742)
    com.unity.render-pipelines.universal-config@17.0.3 (location: C:\LLMRPG\LoreLegacyMonsters\Library\PackageCache\com.unity.render-pipelines.universal-config@fa63c96d3e1a)
    com.unity.rendering.light-transport@1.0.1 (location: C:\LLMRPG\LoreLegacyMonsters\Library\PackageCache\com.unity.rendering.light-transport@307bc27a498f)
[Package Manager] com.unity.textmeshpro is deprecated: This package is no longer supported. TextMeshPro functionalities are now included in the com.unity.ugui package. To continue using them, consider adding it to your project dependencies.
[Physics::Module] Selected backend.
[Physics::Module] Name: PhysX
[Physics::Module] Id: 0xf2b8ea05
[Physics::Module] SDK Version: 4.1.2
[Physics::Module] Integration Version: 1.0.0
[Physics::Module] Threading Mode: Multi-Threaded
[Subsystems] No new subsystems found in resolved package list.
Package Manager log level set to [2]
[Package Manager] Done registering packages in 0.65 seconds
Refreshing native plugins compatible for Editor in 9.30 ms, found 4 plugins.
Preloading 0 native plugins for Editor in 0.00 ms.
Initialize engine version: 6000.0.41f1 (46e447368a18)
[Subsystems] Discovering subsystems at path C:/Program Files/Unity/Hub/Editor/6000.0.41f1/Editor/Data/Resources/UnitySubsystems
[Subsystems] Discovering subsystems at path C:/LLMRPG/LoreLegacyMonsters/Assets
Forcing GfxDevice: Null
GfxDevice: creating device client; kGfxThreadingModeNonThreaded
NullGfxDevice:
    Version:  NULL 1.0 [1.0]
    Renderer: Null Device
    Vendor:   Unity Technologies
Shader Hidden/ProbeVolume/VoxelizeScene is not supported: GPU does not support conservative rasterization
[Licensing::Client] Successfully resolved entitlement details
Initialize mono
Mono path[0] = 'C:/Program Files/Unity/Hub/Editor/6000.0.41f1/Editor/Data/Managed'
Mono path[1] = 'C:/Program Files/Unity/Hub/Editor/6000.0.41f1/Editor/Data/MonoBleedingEdge/lib/mono/unityjit-win32'
Mono config path = 'C:/Program Files/Unity/Hub/Editor/6000.0.41f1/Editor/Data/MonoBleedingEdge/etc'
Using monoOptions --debugger-agent=transport=dt_socket,embedding=1,server=y,suspend=n,address=127.0.0.1:56940
Using cacheserver namespaces - metadata:defaultmetadata, artifacts:defaultartifacts
Using cacheserver namespaces - metadata:defaultmetadata, artifacts:defaultartifacts
ImportWorker Server TCP listen port: 0
AcceleratorClientConnectionCallback - disconnected - :0
Begin MonoManager ReloadAssembly
Registering precompiled unity dll's ...
Register platform support module: C:/Program Files/Unity/Hub/Editor/6000.0.41f1/Editor/Data/PlaybackEngines/WindowsStandaloneSupport/UnityEditor.WindowsStandalone.Extensions.dll
Registered in 0.003162 seconds.
- Loaded All Assemblies, in  0.382 seconds
Native extension for WindowsStandalone target not found
Mono: successfully reloaded assembly
- Finished resetting the current domain, in  0.303 seconds
Domain Reload Profiling: 683ms
	BeginReloadAssembly (135ms)
		ExecutionOrderSort (0ms)
		DisableScriptedObjects (0ms)
		BackupInstance (0ms)
		ReleaseScriptingObjects (0ms)
		CreateAndSetChildDomain (1ms)
	RebuildCommonClasses (38ms)
	RebuildNativeTypeToScriptingClass (11ms)
	initialDomainReloadingComplete (46ms)
	LoadAllAssembliesAndSetupDomain (148ms)
		LoadAssemblies (133ms)
		RebuildTransferFunctionScriptingTraits (0ms)
		AnalyzeDomain (145ms)
			TypeCache.Refresh (144ms)
				TypeCache.ScanAssembly (131ms)
			BuildScriptInfoCaches (0ms)
			ResolveRequiredComponents (0ms)
	FinalizeReload (304ms)
		ReleaseScriptCaches (0ms)
		RebuildScriptCaches (0ms)
		SetupLoadedEditorAssemblies (274ms)
			LogAssemblyErrors (0ms)
			InitializePlatformSupportModulesInManaged (20ms)
			SetLoadedEditorAssemblies (4ms)
			BeforeProcessingInitializeOnLoad (47ms)
			ProcessInitializeOnLoadAttributes (146ms)
			ProcessInitializeOnLoadMethodAttributes (56ms)
			AfterProcessingInitializeOnLoad (0ms)
			EditorAssembliesLoaded (0ms)
		ExecutionOrderSort2 (0ms)
		AwakeInstancesAfterBackupRestoration (0ms)
[Licensing::Client] Successfully resolved entitlement details
Application.AssetDatabase Initial Refresh Start
[ScriptCompilation] Requested script compilation because: Assetdatabase observed changes in script compilation related files
Starting: C:\Program Files\Unity\Hub\Editor\6000.0.41f1\Editor\Data\bee_backend.exe --dont-print-to-structured-log --ipc --defer-dag-verification --dagfile="Library/Bee/1900b0aE.dag" --continue-on-failure --profile="Library/Bee/backend1.traceevents" ScriptAssemblies
WorkingDir: C:/LLMRPG/LoreLegacyMonsters
DisplayProgressbar: Compiling Scripts
ExitCode: 0 Duration: 1s816ms
[1074/1426  0s] ILPP-Configuration Library/ilpp-configuration.nevergeneratedoutput
[1414/1426  1s] Csc Library/Bee/artifacts/1900b0aE.dag/LoreLegacyMonsters.dll (+2 others)
[1417/1426  0s] ILPostProcess Library/Bee/artifacts/1900b0aE.dag/post-processed/LoreLegacyMonsters.Editor.dll (+pdb)
Processing assembly Library/Bee/artifacts/1900b0aE.dag/LoreLegacyMonsters.Editor.dll, with 126 defines and 269 references

processors: Unity.Jobs.CodeGen.JobsILPostProcessor, zzzUnity.Burst.CodeGen.BurstILPostProcessor

running Unity.Jobs.CodeGen.JobsILPostProcessor

running zzzUnity.Burst.CodeGen.BurstILPostProcessor
[1418/1426  0s] ILPostProcess Library/Bee/artifacts/1900b0aE.dag/post-processed/LoreLegacyMonsters.dll (+pdb)
Processing assembly Library/Bee/artifacts/1900b0aE.dag/LoreLegacyMonsters.dll, with 128 defines and 261 references

processors: Unity.Jobs.CodeGen.JobsILPostProcessor, zzzUnity.Burst.CodeGen.BurstILPostProcessor

running Unity.Jobs.CodeGen.JobsILPostProcessor

running zzzUnity.Burst.CodeGen.BurstILPostProcessor
[1419/1426  0s] ILPostProcess Library/Bee/artifacts/1900b0aE.dag/post-processed/LoreLegacyMonsters.Tests.dll (+pdb)
Processing assembly Library/Bee/artifacts/1900b0aE.dag/LoreLegacyMonsters.Tests.dll, with 128 defines and 244 references

processors: Unity.Jobs.CodeGen.JobsILPostProcessor, zzzUnity.Burst.CodeGen.BurstILPostProcessor

running Unity.Jobs.CodeGen.JobsILPostProcessor

running zzzUnity.Burst.CodeGen.BurstILPostProcessor
[1424/1426  0s] CopyFiles Library/ScriptAssemblies/LoreLegacyMonsters.pdb
[1425/1426  0s] CopyFiles Library/ScriptAssemblies/LoreLegacyMonsters.dll
*** Tundra build success (1.75 seconds), 7 items updated, 1426 evaluated
AssetDatabase: script compilation time: 2.450976s
Begin MonoManager ReloadAssembly
- Loaded All Assemblies, in  1.035 seconds
'Assets/Scripts/InventoryManager.cs' contains partial class of Unity.Object, exactly 1 of the partial classes needs to be in a file with the same filename. This is to know the one that can be referenced from ie. GameObjects
'Assets/Scripts/InventorySystem.cs' contains partial class of Unity.Object, exactly 1 of the partial classes needs to be in a file with the same filename. This is to know the one that can be referenced from ie. GameObjects
'Assets/Scripts/Inventory/InventorySystem.cs' contains partial class of Unity.Object, exactly 1 of the partial classes needs to be in a file with the same filename. This is to know the one that can be referenced from ie. GameObjects
'Assets/Scripts/World/WeatherSystem.cs' contains partial class of Unity.Object, exactly 1 of the partial classes needs to be in a file with the same filename. This is to know the one that can be referenced from ie. GameObjects
'Assets/Scripts/Inventory/InventoryManager.cs' contains partial class of Unity.Object, exactly 1 of the partial classes needs to be in a file with the same filename. This is to know the one that can be referenced from ie. GameObjects
'Assets/Scripts/WeatherSystem.cs' contains partial class of Unity.Object, exactly 1 of the partial classes needs to be in a file with the same filename. This is to know the one that can be referenced from ie. GameObjects
'Assets/Scripts/Quests/QuestManager.cs' contains partial class of Unity.Object, exactly 1 of the partial classes needs to be in a file with the same filename. This is to know the one that can be referenced from ie. GameObjects
'Assets/Scripts/Quest/QuestManager.cs' contains partial class of Unity.Object, exactly 1 of the partial classes needs to be in a file with the same filename. This is to know the one that can be referenced from ie. GameObjects
Refreshing native plugins compatible for Editor in 9.35 ms, found 4 plugins.
Native extension for WindowsStandalone target not found
Refreshing native plugins compatible for Editor in 8.80 ms, found 4 plugins.
Loaded VersionHandlerImpl
UnityEngine.Debug:ExtractStackTraceNoAlloc (byte*,int,string)
UnityEngine.StackTraceUtility:ExtractStackTrace ()
UnityEngine.DebugLogHandler:Internal_Log (UnityEngine.LogType,UnityEngine.LogOption,string,UnityEngine.Object)
UnityEngine.DebugLogHandler:LogFormat (UnityEngine.LogType,UnityEngine.Object,string,object[])
UnityEngine.Logger:Log (UnityEngine.LogType,object)
UnityEngine.Debug:Log (object)
Google.Logger:Log (string,Google.LogLevel)
Google.VersionHandlerImpl:Log (string,bool,Google.LogLevel)
Google.VersionHandlerImpl:.cctor ()
Google.VersionHandlerImpl/DotNetVersionUpdater:.cctor ()
System.Runtime.CompilerServices.RuntimeHelpers:RunClassConstructor (System.RuntimeTypeHandle)
UnityEditor.EditorAssemblies:ProcessInitializeOnLoadAttributes (System.Type[])

Assets\MobileDependencyResolver\Editor\Google.IOSResolver.dll metadata will be checked
UnityEngine.Debug:ExtractStackTraceNoAlloc (byte*,int,string)
UnityEngine.StackTraceUtility:ExtractStackTrace ()
UnityEngine.DebugLogHandler:Internal_Log (UnityEngine.LogType,UnityEngine.LogOption,string,UnityEngine.Object)
UnityEngine.DebugLogHandler:LogFormat (UnityEngine.LogType,UnityEngine.Object,string,object[])
UnityEngine.Logger:Log (UnityEngine.LogType,object)
UnityEngine.Debug:Log (object)
Google.Logger:Log (string,Google.LogLevel)
Google.VersionHandlerImpl:Log (string,bool,Google.LogLevel)
Google.VersionHandlerImpl/FileMetadataSet:FindWithPendingUpdates (Google.VersionHandlerImpl/FileMetadataSet)
Google.VersionHandlerImpl:UpdateVersionedAssets (bool,System.Action)
Google.VersionHandlerImpl:UpdateVersionedAssets (bool)
Google.VersionHandlerImpl:UpdateVersionedAssets ()
Google.VersionHandlerImpl:UpdateVersionedAssetsOnUpdate ()
Google.VersionHandlerImpl:<VersionHandlerImpl>m__B ()
Google.RunOnMainThread:ExecuteNext ()
Google.RunOnMainThread:<ExecuteAll>m__A ()
Google.RunOnMainThread:RunAction (System.Action)
Google.RunOnMainThread:ExecuteAll ()
Google.RunOnMainThread:Run (System.Action,bool)
Google.VersionHandlerImpl:.cctor ()
Google.VersionHandlerImpl/DotNetVersionUpdater:.cctor ()
System.Runtime.CompilerServices.RuntimeHelpers:RunClassConstructor (System.RuntimeTypeHandle)
UnityEditor.EditorAssemblies:ProcessInitializeOnLoadAttributes (System.Type[])

Assets\MobileDependencyResolver\Editor\Google.JarResolver.dll metadata will be checked
UnityEngine.Debug:ExtractStackTraceNoAlloc (byte*,int,string)
UnityEngine.StackTraceUtility:ExtractStackTrace ()
UnityEngine.DebugLogHandler:Internal_Log (UnityEngine.LogType,UnityEngine.LogOption,string,UnityEngine.Object)
UnityEngine.DebugLogHandler:LogFormat (UnityEngine.LogType,UnityEngine.Object,string,object[])
UnityEngine.Logger:Log (UnityEngine.LogType,object)
UnityEngine.Debug:Log (object)
Google.Logger:Log (string,Google.LogLevel)
Google.VersionHandlerImpl:Log (string,bool,Google.LogLevel)
Google.VersionHandlerImpl/FileMetadataSet:FindWithPendingUpdates (Google.VersionHandlerImpl/FileMetadataSet)
Google.VersionHandlerImpl:UpdateVersionedAssets (bool,System.Action)
Google.VersionHandlerImpl:UpdateVersionedAssets (bool)
Google.VersionHandlerImpl:UpdateVersionedAssets ()
Google.VersionHandlerImpl:UpdateVersionedAssetsOnUpdate ()
Google.VersionHandlerImpl:<VersionHandlerImpl>m__B ()
Google.RunOnMainThread:ExecuteNext ()
Google.RunOnMainThread:<ExecuteAll>m__A ()
Google.RunOnMainThread:RunAction (System.Action)
Google.RunOnMainThread:ExecuteAll ()
Google.RunOnMainThread:Run (System.Action,bool)
Google.VersionHandlerImpl:.cctor ()
Google.VersionHandlerImpl/DotNetVersionUpdater:.cctor ()
System.Runtime.CompilerServices.RuntimeHelpers:RunClassConstructor (System.RuntimeTypeHandle)
UnityEditor.EditorAssemblies:ProcessInitializeOnLoadAttributes (System.Type[])

Assets\MobileDependencyResolver\Editor\Google.VersionHandler.dll metadata will be checked
UnityEngine.Debug:ExtractStackTraceNoAlloc (byte*,int,string)
UnityEngine.StackTraceUtility:ExtractStackTrace ()
UnityEngine.DebugLogHandler:Internal_Log (UnityEngine.LogType,UnityEngine.LogOption,string,UnityEngine.Object)
UnityEngine.DebugLogHandler:LogFormat (UnityEngine.LogType,UnityEngine.Object,string,object[])
UnityEngine.Logger:Log (UnityEngine.LogType,object)
UnityEngine.Debug:Log (object)
Google.Logger:Log (string,Google.LogLevel)
Google.VersionHandlerImpl:Log (string,bool,Google.LogLevel)
Google.VersionHandlerImpl/FileMetadataSet:FindWithPendingUpdates (Google.VersionHandlerImpl/FileMetadataSet)
Google.VersionHandlerImpl:UpdateVersionedAssets (bool,System.Action)
Google.VersionHandlerImpl:UpdateVersionedAssets (bool)
Google.VersionHandlerImpl:UpdateVersionedAssets ()
Google.VersionHandlerImpl:UpdateVersionedAssetsOnUpdate ()
Google.VersionHandlerImpl:<VersionHandlerImpl>m__B ()
Google.RunOnMainThread:ExecuteNext ()
Google.RunOnMainThread:<ExecuteAll>m__A ()
Google.RunOnMainThread:RunAction (System.Action)
Google.RunOnMainThread:ExecuteAll ()
Google.RunOnMainThread:Run (System.Action,bool)
Google.VersionHandlerImpl:.cctor ()
Google.VersionHandlerImpl/DotNetVersionUpdater:.cctor ()
System.Runtime.CompilerServices.RuntimeHelpers:RunClassConstructor (System.RuntimeTypeHandle)
UnityEditor.EditorAssemblies:ProcessInitializeOnLoadAttributes (System.Type[])

Assets\MobileDependencyResolver\Editor\Google.VersionHandlerImpl.dll metadata will be checked
UnityEngine.Debug:ExtractStackTraceNoAlloc (byte*,int,string)
UnityEngine.StackTraceUtility:ExtractStackTrace ()
UnityEngine.DebugLogHandler:Internal_Log (UnityEngine.LogType,UnityEngine.LogOption,string,UnityEngine.Object)
UnityEngine.DebugLogHandler:LogFormat (UnityEngine.LogType,UnityEngine.Object,string,object[])
UnityEngine.Logger:Log (UnityEngine.LogType,object)
UnityEngine.Debug:Log (object)
Google.Logger:Log (string,Google.LogLevel)
Google.VersionHandlerImpl:Log (string,bool,Google.LogLevel)
Google.VersionHandlerImpl/FileMetadataSet:FindWithPendingUpdates (Google.VersionHandlerImpl/FileMetadataSet)
Google.VersionHandlerImpl:UpdateVersionedAssets (bool,System.Action)
Google.VersionHandlerImpl:UpdateVersionedAssets (bool)
Google.VersionHandlerImpl:UpdateVersionedAssets ()
Google.VersionHandlerImpl:UpdateVersionedAssetsOnUpdate ()
Google.VersionHandlerImpl:<VersionHandlerImpl>m__B ()
Google.RunOnMainThread:ExecuteNext ()
Google.RunOnMainThread:<ExecuteAll>m__A ()
Google.RunOnMainThread:RunAction (System.Action)
Google.RunOnMainThread:ExecuteAll ()
Google.RunOnMainThread:Run (System.Action,bool)
Google.VersionHandlerImpl:.cctor ()
Google.VersionHandlerImpl/DotNetVersionUpdater:.cctor ()
System.Runtime.CompilerServices.RuntimeHelpers:RunClassConstructor (System.RuntimeTypeHandle)
UnityEditor.EditorAssemblies:ProcessInitializeOnLoadAttributes (System.Type[])

Assets\MobileDependencyResolver\Editor\mobile-dependency-resolver.txt metadata will be checked
UnityEngine.Debug:ExtractStackTraceNoAlloc (byte*,int,string)
UnityEngine.StackTraceUtility:ExtractStackTrace ()
UnityEngine.DebugLogHandler:Internal_Log (UnityEngine.LogType,UnityEngine.LogOption,string,UnityEngine.Object)
UnityEngine.DebugLogHandler:LogFormat (UnityEngine.LogType,UnityEngine.Object,string,object[])
UnityEngine.Logger:Log (UnityEngine.LogType,object)
UnityEngine.Debug:Log (object)
Google.Logger:Log (string,Google.LogLevel)
Google.VersionHandlerImpl:Log (string,bool,Google.LogLevel)
Google.VersionHandlerImpl/FileMetadataSet:FindWithPendingUpdates (Google.VersionHandlerImpl/FileMetadataSet)
Google.VersionHandlerImpl:UpdateVersionedAssets (bool,System.Action)
Google.VersionHandlerImpl:UpdateVersionedAssets (bool)
Google.VersionHandlerImpl:UpdateVersionedAssets ()
Google.VersionHandlerImpl:UpdateVersionedAssetsOnUpdate ()
Google.VersionHandlerImpl:<VersionHandlerImpl>m__B ()
Google.RunOnMainThread:ExecuteNext ()
Google.RunOnMainThread:<ExecuteAll>m__A ()
Google.RunOnMainThread:RunAction (System.Action)
Google.RunOnMainThread:ExecuteAll ()
Google.RunOnMainThread:Run (System.Action,bool)
Google.VersionHandlerImpl:.cctor ()
Google.VersionHandlerImpl/DotNetVersionUpdater:.cctor ()
System.Runtime.CompilerServices.RuntimeHelpers:RunClassConstructor (System.RuntimeTypeHandle)
UnityEditor.EditorAssemblies:ProcessInitializeOnLoadAttributes (System.Type[])

Detected .NET version 4.5
UnityEngine.Debug:ExtractStackTraceNoAlloc (byte*,int,string)
UnityEngine.StackTraceUtility:ExtractStackTrace ()
UnityEngine.DebugLogHandler:Internal_Log (UnityEngine.LogType,UnityEngine.LogOption,string,UnityEngine.Object)
UnityEngine.DebugLogHandler:LogFormat (UnityEngine.LogType,UnityEngine.Object,string,object[])
UnityEngine.Logger:Log (UnityEngine.LogType,object)
UnityEngine.Debug:Log (object)
Google.Logger:Log (string,Google.LogLevel)
Google.VersionHandlerImpl:Log (string,bool,Google.LogLevel)
Google.VersionHandlerImpl/DotNetVersionUpdater:.cctor ()
System.Runtime.CompilerServices.RuntimeHelpers:RunClassConstructor (System.RuntimeTypeHandle)
UnityEditor.EditorAssemblies:ProcessInitializeOnLoadAttributes (System.Type[])

Mono: successfully reloaded assembly
- Finished resetting the current domain, in  4.137 seconds
Domain Reload Profiling: 5167ms
	BeginReloadAssembly (288ms)
		ExecutionOrderSort (0ms)
		DisableScriptedObjects (12ms)
		BackupInstance (0ms)
		ReleaseScriptingObjects (0ms)
		CreateAndSetChildDomain (133ms)
	RebuildCommonClasses (34ms)
	RebuildNativeTypeToScriptingClass (12ms)
	initialDomainReloadingComplete (36ms)
	LoadAllAssembliesAndSetupDomain (658ms)
		LoadAssemblies (476ms)
		RebuildTransferFunctionScriptingTraits (0ms)
		AnalyzeDomain (284ms)
			TypeCache.Refresh (198ms)
				TypeCache.ScanAssembly (182ms)
			BuildScriptInfoCaches (68ms)
			ResolveRequiredComponents (14ms)
	FinalizeReload (4138ms)
		ReleaseScriptCaches (0ms)
		RebuildScriptCaches (0ms)
		SetupLoadedEditorAssemblies (3944ms)
			LogAssemblyErrors (0ms)
			InitializePlatformSupportModulesInManaged (13ms)
			SetLoadedEditorAssemblies (3ms)
			BeforeProcessingInitializeOnLoad (140ms)
			ProcessInitializeOnLoadAttributes (3530ms)
			ProcessInitializeOnLoadMethodAttributes (251ms)
			AfterProcessingInitializeOnLoad (6ms)
			EditorAssembliesLoaded (1ms)
		ExecutionOrderSort2 (0ms)
		AwakeInstancesAfterBackupRestoration (37ms)
Refreshing native plugins compatible for Editor in 9.42 ms, found 4 plugins.
Preloading 0 native plugins for Editor in 0.00 ms.
Asset Pipeline Refresh (id=f9fba4adf91b43545825cdba33ebbdca): Total: 8.831 seconds - Initiated by InitialRefreshV2(ForceSynchronousImport)
	Summary:
		Imports: total=0 (actual=0, local cache=0, cache server=0)
		Asset DB Process Time: managed=0 ms, native=4979 ms
		Asset DB Callback time: managed=277 ms, native=13 ms
		Scripting: domain reloads=1, domain reload time=1036 ms, compile time=2453 ms, other=71 ms
		Project Asset Count: scripts=1743, non-scripts=3120
		Asset File Changes: new=0, changed=1, moved=0, deleted=0
		Scan Filter Count: 0
	InvokeCustomDependenciesCallbacks: 0.001ms
	InvokePackagesCallback: 4.433ms
	ApplyChangesToAssetFolders: 0.609ms
	Scan: 373.443ms
	OnSourceAssetsModified: 1.089ms
	CategorizeAssetsWithTransientArtifact: 71.617ms
	ProcessAssetsWithTransientArtifactChanges: 98.131ms
	CategorizeAssets: 67.017ms
	ImportOutOfDateAssets: 4167.598ms (1712.611ms without children)
		CompileScripts: 2452.879ms
		ReloadNativeAssets: 0.001ms
		UnloadImportedAssets: 0.406ms
		EnsureUptoDateAssetsAreRegisteredWithGuidPM: 0.702ms
		InitializingProgressBar: 0.000ms
		PostProcessAllAssetNotificationsAddChangedAssets: 0.000ms
		OnDemandSchedulerStart: 1.000ms
	PostProcessAllAssets: 278.288ms
	Hotreload: 11.100ms
	GatherAllCurrentPrimaryArtifactRevisions: 0.001ms
	UnloadStreamsBegin: 1.377ms
	PersistCurrentRevisions: 0.160ms
	UnloadStreamsEnd: 0.001ms
	GenerateScriptTypeHashes: 3.799ms
	Untracked: 3755.663ms

Application.AssetDatabase Initial Refresh End
Scanning for USB devices : 3.467ms
Initializing Unity extensions:
[Licensing::Client] Successfully resolved entitlement details
[MODES] ModeService[none].Initialize
[MODES] ModeService[none].LoadModes
[MODES] Loading mode Default (0) for mode-current-id-LoreLegacyMonsters
Unloading 59 Unused Serialized files (Serialized files now loaded: 0)
Unloading 7800 unused Assets / (2.9 MB). Loaded Objects now: 8419.
Memory consumption went from 204.9 MB to 202.0 MB.
Total: 23.606400 ms (FindLiveObjects: 0.974400 ms CreateObjectMapping: 0.541500 ms MarkObjects: 19.060500 ms  DeleteObjects: 3.028300 ms)

Batchmode quit successfully invoked - shutting down!
[Physics::Module] Cleanup current backned.
[Physics::Module] Id: 0xf2b8ea05
Input System module state changed to: ShutdownInProgress.
Input System polling thread exited.
Input System module state changed to: Shutdown.
[Licensing::IpcConnector] License Notification channel disconnected successfully.
[Licensing::IpcConnector] License Client channel disconnected successfully.
AcceleratorClientConnectionCallback - disconnected - :0
Cleanup mono
Exiting batchmode successfully now!
Exiting without the bug reporter. Application will terminate with return code 0