[Licensing::Module] Trying to connect to existing licensing client channel...
Built from '6000.4/staging' branch; Version is '6000.4.5f1 (cc83ebd631f8) revision 13403115'; Using compiler version '194234433'; Build Type 'Release'
OS: 'Windows 11  (10.0.26200) Core' Language: 'en' Physical Memory: 32414 MB
[Licensing::IpcConnector] Successfully connected to: "LicenseClient-nwave" at "2026-05-05T14:08:32.3538128Z"
BatchMode: 1, IsHumanControllingUs: 0, StartBugReporterOnCrash: 0, Is64bit: 1
System  architecture: x64
Process architecture: x64
Date: 2026-05-05T14:08:32Z

COMMAND LINE ARGUMENTS:
C:\Program Files\Unity\Hub\Editor\6000.4.5f1\Editor\Unity.exe
-batchmode
-nographics
-projectPath
C:\LLMRPG\LoreLegacyMonsters
-batchTask
smoke-main-menu
-logFile
C:\LLMRPG\LoreLegacyMonsters\Artifacts\VisualSmoke\unity-smoke-main-menu-20260505-090832.log
Successfully changed project path to: C:\LLMRPG\LoreLegacyMonsters
C:/LLMRPG/LoreLegacyMonsters
[UnityMemory] Configuration Parameters - Can be set up in boot.config
    "memorysetup-temp-allocator-size-gi-baking-worker=262144"
    "memorysetup-temp-allocator-size-gi-baking-worker=262144"
    "memorysetup-temp-allocator-size-gi-baking-worker=262144"
    "memorysetup-temp-allocator-size-gi-baking-worker=262144"
    "memorysetup-temp-allocator-size-gi-baking-worker=262144"
    "memorysetup-temp-allocator-size-nav-mesh-worker=65536"
    "memorysetup-temp-allocator-size-audio-worker=65536"
    "memorysetup-temp-allocator-size-cloud-worker=32768"
    "memorysetup-temp-allocator-size-gfx=262144"
    "memorysetup-temp-allocator-size-preload-manager=33554432"
    "memorysetup-temp-allocator-size-job-worker=262144"
    "memorysetup-temp-allocator-size-background-worker=32768"
    "memorysetup-allocator-temp-initial-block-size-main=262144"
    "memorysetup-allocator-temp-initial-block-size-worker=262144"
    "memorysetup-bucket-allocator-granularity=16"
    "memorysetup-bucket-allocator-bucket-count=8"
    "memorysetup-bucket-allocator-block-size=33554432"
    "memorysetup-bucket-allocator-block-count=8"
    "memorysetup-main-allocator-block-size=16777216"
    "memorysetup-thread-allocator-block-size=16777216"
    "memorysetup-gfx-main-allocator-block-size=16777216"
    "memorysetup-gfx-thread-allocator-block-size=16777216"
    "memorysetup-cache-allocator-block-size=4194304"
    "memorysetup-typetree-allocator-block-size=2097152"
    "memorysetup-profiler-bucket-allocator-granularity=16"
    "memorysetup-profiler-bucket-allocator-bucket-count=8"
    "memorysetup-profiler-bucket-allocator-block-size=33554432"
    "memorysetup-profiler-bucket-allocator-block-count=8"
    "memorysetup-profiler-allocator-block-size=16777216"
    "memorysetup-profiler-editor-allocator-block-size=1048576"
    "memorysetup-temp-allocator-size-main=16777216"
    "memorysetup-job-temp-allocator-block-size=2097152"
    "memorysetup-job-temp-allocator-block-size-background=1048576"
    "memorysetup-job-temp-allocator-reduction-small-platforms=262144"
Player connection [17228]  Target information:

Player connection [17228]  * "[IP] 192.168.1.228 [Port] 55504 [Flags] 2 [Guid] 1446668513 [EditorId] 1446668513 [Version] 1048832 [Id] WindowsEditor(7,NatesRazer) [Debug] 1 [PackageName] WindowsEditor [ProjectName] Editor" 

Player connection [17228] Host joined multi-casting on [225.0.0.222:54997]...
Player connection [17228] Host joined alternative multi-casting on [225.0.0.222:34997]...
Input System module state changed to: Initialized.
[Physics::Module] Initialized fallback backend.
[Physics::Module] Id: 0xdecafbad
[Package Manager] Connected to IPC stream "Upm-24540" after 0.2 seconds.
[Licensing::Module] Licensing is not yet initialized.
[Licensing::Client] Error: HandshakeResponse reported an error:
	ResponseCode: 505
	ResponseStatus: Unsupported protocol version '1.18.1'.
[Licensing::Module] Error: Failed to handshake to channel: "LicenseClient-nwave"
[Licensing::IpcConnector] LicenseClient-nwave channel disconnected successfully.
[Licensing::IpcConnector] Channel LicenseClient-nwave-6000.4.5 doesn't exist
[Licensing::Module] Successfully launched the LicensingClient (PId: 32292)
[Licensing::IpcConnector] Successfully connected to: "LicenseClient-nwave-6000.4.5" at "2026-05-05T14:08:33.8785945Z"
[Licensing::Client] Code 10 while verifying Licensing Client signature (process Id: 32292, path: "C:/Program Files/Unity/Hub/Editor/6000.4.5f1/Editor/Data/Resources/Licensing/Client/Unity.Licensing.Client.exe")
[Licensing::Module] LicensingClient has failed validation; ignoring
[Licensing::Client] Handshaking with LicensingClient:
  Version:                 1.18.1+9fbee8e
  Session Id:              4692bc90f9d747f29a4364ceed356832
  Correlation Id:          71c350e08d6dee26976ed1454ec59d1d
  External correlation Id: 2106543652378881288
  Machine Id:              /CIpopPksGM8b2yzT8FVLTRdRDA=
[Licensing::Module] Successfully connected to LicensingClient on channel: "LicenseClient-nwave-6000.4.5" (connect: 0.37s, validation: 0.12s, handshake: 0.01s)
[Licensing::IpcConnector] Successfully connected to: "LicenseClient-nwave-6000.4.5-notifications" at "2026-05-05T14:08:34.0019377Z"
[Licensing::Module] Connected to LicensingClient (PId: 32292, launch time: 0.00, total connection time: 0.50s)
[Licensing::Module] Error: Access token is unavailable; failed to update
[Licensing::Client] Successfully resolved entitlement details
[Licensing::Module] License group:
  Id: 20067242488518-UnityPersXXXX
  Product: Unity Personal
  Type: Assigned
  Expiration: Unlimited
[Licensing::Client] Successfully updated license, isAsync: True, time: 0.01
[Licensing::Client] Successfully resolved entitlement details
[Licensing::Module] Licensing Background thread has ended after 1.68s
[Licensing::Module] Licensing is initialized (took 0.96s).
[Licensing::Client] Successfully resolved entitlement details
Library Redirect Path: Library/
[Physics::Module] Selected backend.
[Physics::Module] Name: PhysX
[Physics::Module] Id: 0xf2b8ea05
[Physics::Module] SDK Version: 4.1.2
[Physics::Module] Integration Version: 1.0.0
[Physics::Module] Threading Mode: Multi-Threaded
Refreshing native plugins compatible for Editor in 2.12 ms, found 2 plugins.
Initialize engine version: 6000.4.5f1 (cc83ebd631f8)
[Subsystems] Discovering subsystems at path C:/Program Files/Unity/Hub/Editor/6000.4.5f1/Editor/Data/Resources/UnitySubsystems
[Subsystems] Discovering subsystems at path C:/LLMRPG/LoreLegacyMonsters/Assets
Forcing GfxDevice: Null
GfxDevice: creating device client; kGfxThreadingModeNonThreaded
NullGfxDevice:
    Version:  NULL 1.0 [1.0]
    Renderer: Null Device
    Vendor:   Unity Technologies
Initialize mono
Mono path[0] = 'C:/Program Files/Unity/Hub/Editor/6000.4.5f1/Editor/Data/Managed'
Mono path[1] = 'C:/Program Files/Unity/Hub/Editor/6000.4.5f1/Editor/Data/MonoBleedingEdge/lib/mono/unityjit-win32'
Mono config path = 'C:/Program Files/Unity/Hub/Editor/6000.4.5f1/Editor/Data/MonoBleedingEdge/etc'
Using monoOptions --debugger-agent=transport=dt_socket,embedding=1,server=y,suspend=n,address=127.0.0.1:56540
CodeReloadManager initialized
Using cacheserver namespaces - metadata:defaultmetadata, artifacts:defaultartifacts
Using cacheserver namespaces - metadata:defaultmetadata, artifacts:defaultartifacts
ImportWorker Server TCP listen port: 0
AcceleratorClientConnectionCallback - disconnected - :0
Begin MonoManager ReloadAssembly
Registering precompiled unity dll's ...
Register platform support module: C:/Program Files/Unity/Hub/Editor/6000.4.5f1/Editor/Data/PlaybackEngines/WebGLSupport/UnityEditor.WebGL.Extensions.dll
Register platform support module: C:/Program Files/Unity/Hub/Editor/6000.4.5f1/Editor/Data/PlaybackEngines/MacStandaloneSupport/UnityEditor.OSXStandalone.Extensions.dll
Register platform support module: C:/Program Files/Unity/Hub/Editor/6000.4.5f1/Editor/Data/PlaybackEngines/WindowsStandaloneSupport/UnityEditor.WindowsStandalone.Extensions.dll
[Licensing::Client] Successfully resolved entitlement details
Register platform support module: C:/Program Files/Unity/Hub/Editor/6000.4.5f1/Editor/Data/PlaybackEngines/MetroSupport/UnityEditor.UWP.Extensions.dll
[Licensing::Client] Successfully resolved entitlement details
Register platform support module: C:/Program Files/Unity/Hub/Editor/6000.4.5f1/Editor/Data/PlaybackEngines/AndroidPlayer/UnityEditor.Android.Extensions.dll
[Licensing::Client] Successfully resolved entitlement details
Register platform support module: C:/Program Files/Unity/Hub/Editor/6000.4.5f1/Editor/Data/PlaybackEngines/iOSSupport/UnityEditor.iOS.Extensions.dll
Register platform support module: C:/Program Files/Unity/Hub/Editor/6000.4.5f1/Editor/Data/PlaybackEngines/LinuxStandaloneSupport/UnityEditor.LinuxStandalone.Extensions.dll
Registered in 0.013669 seconds.
Native extension for LinuxStandalone target not found
Native extension for iOS target not found
Native extension for Android target not found
Native extension for UWP target not found
Native extension for WindowsStandalone target not found
Native extension for OSXStandalone target not found
Native extension for WebGL target not found
Package Manager log level set to [2]
[Licensing::Client] Successfully resolved entitlement details
ScheduleIndexationOnStartup MainProcess:False IndexOnStartup:False
Mono: successfully reloaded assembly
- Finished resetting the current domain, in  1.362 seconds
Domain Reload Profiling: 1757ms
	BeginReloadAssembly (118ms)
		CreateAndSetChildDomain (9ms)
	RebuildCommonClasses (29ms)
	RebuildNativeTypeToScriptingClass (9ms)
	initialDomainReloadingComplete (69ms)
	LoadAllAssembliesAndSetupDomain (169ms)
		LoadAssemblies (108ms)
		AnalyzeDomain (160ms)
			TypeCache.Refresh (159ms)
				TypeCache.ScanAssembly (148ms)
	FinalizeReload (1363ms)
		SetupLoadedEditorAssemblies (0ms)
			InitializePlatformSupportModulesInManaged (81ms)
			BeforeProcessingInitializeOnLoad (65ms)
			ProcessInitializeOnLoadAttributes (87ms)
			ProcessInitializeOnLoadMethodAttributes (1082ms)
[Licensing::Client] Successfully resolved entitlement details
Application.AssetDatabase Initial Refresh Start
[Package Manager] Restoring resolved packages state from cache
[Licensing::Client] Successfully resolved entitlement details
[Package Manager] Registered 72 packages:
  Packages from [https://packages.unity.com]:
    com.unity.2d.animation@14.0.3 (location: C:\LLMRPG\LoreLegacyMonsters\Library\PackageCache\com.unity.2d.animation@a6f2f1d22eb5)
    com.unity.2d.pixel-perfect@5.1.1 (location: C:\LLMRPG\LoreLegacyMonsters\Library\PackageCache\com.unity.2d.pixel-perfect@09d99455b901)
    com.unity.2d.psdimporter@13.0.2 (location: C:\LLMRPG\LoreLegacyMonsters\Library\PackageCache\com.unity.2d.psdimporter@11a0e04e0561)
    com.unity.2d.spriteshape@14.0.1 (location: C:\LLMRPG\LoreLegacyMonsters\Library\PackageCache\com.unity.2d.spriteshape@da3647ffbbd7)
    com.unity.2d.tilemap.extras@7.0.1 (location: C:\LLMRPG\LoreLegacyMonsters\Library\PackageCache\com.unity.2d.tilemap.extras@66df903b3633)
    com.unity.ads@4.16.4 (location: C:\LLMRPG\LoreLegacyMonsters\Library\PackageCache\com.unity.ads@e89225828059)
    com.unity.ai.navigation@2.0.12 (location: C:\LLMRPG\LoreLegacyMonsters\Library\PackageCache\com.unity.ai.navigation@734c2c4c5591)
    com.unity.analytics@3.8.2 (location: C:\LLMRPG\LoreLegacyMonsters\Library\PackageCache\com.unity.analytics@c9d14a6bdec6)
    com.unity.collab-proxy@2.12.4 (location: C:\LLMRPG\LoreLegacyMonsters\Library\PackageCache\com.unity.collab-proxy@0b1559bcd34e)
    com.unity.ide.rider@3.0.39 (location: C:\LLMRPG\LoreLegacyMonsters\Library\PackageCache\com.unity.ide.rider@4504839d03f7)
    com.unity.ide.visualstudio@2.0.27 (location: C:\LLMRPG\LoreLegacyMonsters\Library\PackageCache\com.unity.ide.visualstudio@dc1ddd4f09b6)
    com.unity.inputsystem@1.19.0 (location: C:\LLMRPG\LoreLegacyMonsters\Library\PackageCache\com.unity.inputsystem@21a28c3a6c83)
    com.unity.purchasing@4.15.0 (location: C:\LLMRPG\LoreLegacyMonsters\Library\PackageCache\com.unity.purchasing@ffbc76639aab)
    com.unity.timeline@1.8.12 (location: C:\LLMRPG\LoreLegacyMonsters\Library\PackageCache\com.unity.timeline@8cd8509afae5)
    com.unity.visualscripting@1.9.11 (location: C:\LLMRPG\LoreLegacyMonsters\Library\PackageCache\com.unity.visualscripting@8bed5ad90189)
    com.unity.xr.legacyinputhelpers@3.0.1 (location: C:\LLMRPG\LoreLegacyMonsters\Library\PackageCache\com.unity.xr.legacyinputhelpers@3f62d634f63b)
    com.unity.services.core@1.16.0 (location: C:\LLMRPG\LoreLegacyMonsters\Library\PackageCache\com.unity.services.core@8ba50f624741)
    com.unity.services.analytics@6.3.0 (location: C:\LLMRPG\LoreLegacyMonsters\Library\PackageCache\com.unity.services.analytics@cde4e6cf92f9)
    com.unity.2d.common@13.0.1 (location: C:\LLMRPG\LoreLegacyMonsters\Library\PackageCache\com.unity.2d.common@49d8bea2bff3)
    com.unity.mathematics@1.3.3 (location: C:\LLMRPG\LoreLegacyMonsters\Library\PackageCache\com.unity.mathematics@19a9377c4ffa)
    com.unity.searcher@4.9.4 (location: C:\LLMRPG\LoreLegacyMonsters\Library\PackageCache\com.unity.searcher@d45a78918735)
    com.unity.burst@1.8.29 (location: C:\LLMRPG\LoreLegacyMonsters\Library\PackageCache\com.unity.burst@6bb9aca3ef38)
    com.unity.nuget.newtonsoft-json@3.2.2 (location: C:\LLMRPG\LoreLegacyMonsters\Library\PackageCache\com.unity.nuget.newtonsoft-json@4dfd81071c64)
    com.unity.nuget.mono-cecil@1.11.6 (location: C:\LLMRPG\LoreLegacyMonsters\Library\PackageCache\com.unity.nuget.mono-cecil@ecb9724e46ff)
    com.unity.test-framework.performance@3.4.0 (location: C:\LLMRPG\LoreLegacyMonsters\Library\PackageCache\com.unity.test-framework.performance@aa81a99c4a75)
  Built-in packages:
    com.unity.2d.sprite@1.0.0 (location: C:\LLMRPG\LoreLegacyMonsters\Library\PackageCache\com.unity.2d.sprite@929df5adbb1f)
    com.unity.2d.tilemap@1.0.0 (location: C:\LLMRPG\LoreLegacyMonsters\Library\PackageCache\com.unity.2d.tilemap@c457c5249013)
    com.unity.multiplayer.center@1.0.1 (location: C:\LLMRPG\LoreLegacyMonsters\Library\PackageCache\com.unity.multiplayer.center@f01f4ba8d00a)
    com.unity.render-pipelines.universal@17.4.0 (location: C:\LLMRPG\LoreLegacyMonsters\Library\PackageCache\com.unity.render-pipelines.universal@4d008a28541a)
    com.unity.test-framework@1.6.0 (location: C:\LLMRPG\LoreLegacyMonsters\Library\PackageCache\com.unity.test-framework@76560ee600cb)
    com.unity.ugui@2.0.0 (location: C:\LLMRPG\LoreLegacyMonsters\Library\PackageCache\com.unity.ugui@d8a2716f3013)
    com.unity.modules.accessibility@1.0.0 (location: C:\LLMRPG\LoreLegacyMonsters\Library\PackageCache\com.unity.modules.accessibility)
    com.unity.modules.adaptiveperformance@1.0.0 (location: C:\LLMRPG\LoreLegacyMonsters\Library\PackageCache\com.unity.modules.adaptiveperformance)
    com.unity.modules.ai@1.0.0 (location: C:\LLMRPG\LoreLegacyMonsters\Library\PackageCache\com.unity.modules.ai)
    com.unity.modules.androidjni@1.0.0 (location: C:\LLMRPG\LoreLegacyMonsters\Library\PackageCache\com.unity.modules.androidjni)
    com.unity.modules.animation@1.0.0 (location: C:\LLMRPG\LoreLegacyMonsters\Library\PackageCache\com.unity.modules.animation)
    com.unity.modules.assetbundle@1.0.0 (location: C:\LLMRPG\LoreLegacyMonsters\Library\PackageCache\com.unity.modules.assetbundle)
    com.unity.modules.audio@1.0.0 (location: C:\LLMRPG\LoreLegacyMonsters\Library\PackageCache\com.unity.modules.audio)
    com.unity.modules.cloth@1.0.0 (location: C:\LLMRPG\LoreLegacyMonsters\Library\PackageCache\com.unity.modules.cloth)
    com.unity.modules.director@1.0.0 (location: C:\LLMRPG\LoreLegacyMonsters\Library\PackageCache\com.unity.modules.director)
    com.unity.modules.imageconversion@1.0.0 (location: C:\LLMRPG\LoreLegacyMonsters\Library\PackageCache\com.unity.modules.imageconversion)
    com.unity.modules.imgui@1.0.0 (location: C:\LLMRPG\LoreLegacyMonsters\Library\PackageCache\com.unity.modules.imgui)
    com.unity.modules.jsonserialize@1.0.0 (location: C:\LLMRPG\LoreLegacyMonsters\Library\PackageCache\com.unity.modules.jsonserialize)
    com.unity.modules.particlesystem@1.0.0 (location: C:\LLMRPG\LoreLegacyMonsters\Library\PackageCache\com.unity.modules.particlesystem)
    com.unity.modules.physics@1.0.0 (location: C:\LLMRPG\LoreLegacyMonsters\Library\PackageCache\com.unity.modules.physics)
    com.unity.modules.physics2d@1.0.0 (location: C:\LLMRPG\LoreLegacyMonsters\Library\PackageCache\com.unity.modules.physics2d)
    com.unity.modules.screencapture@1.0.0 (location: C:\LLMRPG\LoreLegacyMonsters\Library\PackageCache\com.unity.modules.screencapture)
    com.unity.modules.terrain@1.0.0 (location: C:\LLMRPG\LoreLegacyMonsters\Library\PackageCache\com.unity.modules.terrain)
    com.unity.modules.terrainphysics@1.0.0 (location: C:\LLMRPG\LoreLegacyMonsters\Library\PackageCache\com.unity.modules.terrainphysics)
    com.unity.modules.tilemap@1.0.0 (location: C:\LLMRPG\LoreLegacyMonsters\Library\PackageCache\com.unity.modules.tilemap)
    com.unity.modules.ui@1.0.0 (location: C:\LLMRPG\LoreLegacyMonsters\Library\PackageCache\com.unity.modules.ui)
    com.unity.modules.uielements@1.0.0 (location: C:\LLMRPG\LoreLegacyMonsters\Library\PackageCache\com.unity.modules.uielements)
    com.unity.modules.umbra@1.0.0 (location: C:\LLMRPG\LoreLegacyMonsters\Library\PackageCache\com.unity.modules.umbra)
    com.unity.modules.unityanalytics@1.0.0 (location: C:\LLMRPG\LoreLegacyMonsters\Library\PackageCache\com.unity.modules.unityanalytics)
    com.unity.modules.unitywebrequest@1.0.0 (location: C:\LLMRPG\LoreLegacyMonsters\Library\PackageCache\com.unity.modules.unitywebrequest)
    com.unity.modules.unitywebrequestassetbundle@1.0.0 (location: C:\LLMRPG\LoreLegacyMonsters\Library\PackageCache\com.unity.modules.unitywebrequestassetbundle)
    com.unity.modules.unitywebrequestaudio@1.0.0 (location: C:\LLMRPG\LoreLegacyMonsters\Library\PackageCache\com.unity.modules.unitywebrequestaudio)
    com.unity.modules.unitywebrequesttexture@1.0.0 (location: C:\LLMRPG\LoreLegacyMonsters\Library\PackageCache\com.unity.modules.unitywebrequesttexture)
    com.unity.modules.unitywebrequestwww@1.0.0 (location: C:\LLMRPG\LoreLegacyMonsters\Library\PackageCache\com.unity.modules.unitywebrequestwww)
    com.unity.modules.vectorgraphics@1.0.0 (location: C:\LLMRPG\LoreLegacyMonsters\Library\PackageCache\com.unity.modules.vectorgraphics)
    com.unity.modules.vehicles@1.0.0 (location: C:\LLMRPG\LoreLegacyMonsters\Library\PackageCache\com.unity.modules.vehicles)
    com.unity.modules.video@1.0.0 (location: C:\LLMRPG\LoreLegacyMonsters\Library\PackageCache\com.unity.modules.video)
    com.unity.modules.vr@1.0.0 (location: C:\LLMRPG\LoreLegacyMonsters\Library\PackageCache\com.unity.modules.vr)
    com.unity.modules.wind@1.0.0 (location: C:\LLMRPG\LoreLegacyMonsters\Library\PackageCache\com.unity.modules.wind)
    com.unity.modules.xr@1.0.0 (location: C:\LLMRPG\LoreLegacyMonsters\Library\PackageCache\com.unity.modules.xr)
    com.unity.modules.subsystems@1.0.0 (location: C:\LLMRPG\LoreLegacyMonsters\Library\PackageCache\com.unity.modules.subsystems)
    com.unity.modules.hierarchycore@1.0.0 (location: C:\LLMRPG\LoreLegacyMonsters\Library\PackageCache\com.unity.modules.hierarchycore)
    com.unity.ext.nunit@2.0.5 (location: C:\LLMRPG\LoreLegacyMonsters\Library\PackageCache\com.unity.ext.nunit@d8c07649098d)
    com.unity.render-pipelines.core@17.4.0 (location: C:\LLMRPG\LoreLegacyMonsters\Library\PackageCache\com.unity.render-pipelines.core@2269be549234)
    com.unity.shadergraph@17.4.0 (location: C:\LLMRPG\LoreLegacyMonsters\Library\PackageCache\com.unity.shadergraph@cd28a7c13031)
    com.unity.render-pipelines.universal-config@17.4.0 (location: C:\LLMRPG\LoreLegacyMonsters\Library\PackageCache\com.unity.render-pipelines.universal-config@0db4263b9e6b)
    com.unity.collections@6.4.0 (location: C:\LLMRPG\LoreLegacyMonsters\Library\PackageCache\com.unity.collections@9c2353fb96f6)
[Subsystems] No new subsystems found in resolved package list.
[Package Manager] Done registering packages in 0.05 seconds
Starting: C:\Program Files\Unity\Hub\Editor\6000.4.5f1\Editor\Data\Tools\BuildPipeline\bee_backend.exe --ipc --defer-dag-verification --dagfile="Library/Bee/1900b0aE.dag" --continue-on-failure --profile="Library/Bee/backend1.traceevents" ScriptAssemblies
WorkingDir: C:/LLMRPG/LoreLegacyMonsters
DisplayProgressbar: Compiling Scripts
ExitCode: 0 Duration: 0s482ms
[1187/1566  0s] ILPP-Configuration Library/ilpp-configuration.nevergeneratedoutput
*** Tundra build success (0.43 seconds), 1 items updated, 1566 evaluated
AssetDatabase: script compilation time: 0.989923s
Begin MonoManager ReloadAssembly
Assembly Assembly-CSharp-Editor-firstpass.dll at Library/ScriptAssemblies/Assembly-CSharp-Editor-firstpass.dll not valid. Loading of assembly skipped.
Assembly Assembly-CSharp-Editor.dll at Library/ScriptAssemblies/Assembly-CSharp-Editor.dll not valid. Loading of assembly skipped.
Assembly Assembly-CSharp-firstpass.dll at Library/ScriptAssemblies/Assembly-CSharp-firstpass.dll not valid. Loading of assembly skipped.
Assembly Assembly-CSharp.dll at Library/ScriptAssemblies/Assembly-CSharp.dll not valid. Loading of assembly skipped.
Assembly DocCodeExamples.dll at Library/ScriptAssemblies/DocCodeExamples.dll not valid. Loading of assembly skipped.
Assembly TestNewCustomAssembly.dll at Library/ScriptAssemblies/TestNewCustomAssembly.dll not valid. Loading of assembly skipped.
Assembly Unity.2D.Animation.EditorTests.dll at Library/ScriptAssemblies/Unity.2D.Animation.EditorTests.dll not valid. Loading of assembly skipped.
Assembly Unity.2D.Common.EditorTests.dll at Library/ScriptAssemblies/Unity.2D.Common.EditorTests.dll not valid. Loading of assembly skipped.
Assembly Unity.2D.PixelPerfect.Editor.Tests.dll at Library/ScriptAssemblies/Unity.2D.PixelPerfect.Editor.Tests.dll not valid. Loading of assembly skipped.
Assembly Unity.2D.Psdimporter.EditorTests.dll at Library/ScriptAssemblies/Unity.2D.Psdimporter.EditorTests.dll not valid. Loading of assembly skipped.
Assembly Unity.2D.Sprite.Package.EditorTests.dll at Library/ScriptAssemblies/Unity.2D.Sprite.Package.EditorTests.dll not valid. Loading of assembly skipped.
Assembly Unity.2D.SpriteShape.EditorTests.dll at Library/ScriptAssemblies/Unity.2D.SpriteShape.EditorTests.dll not valid. Loading of assembly skipped.
Assembly Unity.2D.Tilemap.Package.EditorTests.dll at Library/ScriptAssemblies/Unity.2D.Tilemap.Package.EditorTests.dll not valid. Loading of assembly skipped.
Assembly Unity.Analytics.DataPrivacy.Tests.dll at Library/ScriptAssemblies/Unity.Analytics.DataPrivacy.Tests.dll not valid. Loading of assembly skipped.
Assembly Unity.Analytics.StandardEvents.EditorTests.dll at Library/ScriptAssemblies/Unity.Analytics.StandardEvents.EditorTests.dll not valid. Loading of assembly skipped.
Assembly Unity.Collections.BurstCompatibilityGen.dll at Library/ScriptAssemblies/Unity.Collections.BurstCompatibilityGen.dll not valid. Loading of assembly skipped.
Assembly Unity.Collections.DocCodeSamples.dll at Library/ScriptAssemblies/Unity.Collections.DocCodeSamples.dll not valid. Loading of assembly skipped.
Assembly Unity.Collections.PerformanceTests.dll at Library/ScriptAssemblies/Unity.Collections.PerformanceTests.dll not valid. Loading of assembly skipped.
Assembly Unity.Collections.Tests.dll at Library/ScriptAssemblies/Unity.Collections.Tests.dll not valid. Loading of assembly skipped.
Assembly Unity.Collections.Tests.Playmode.dll at Library/ScriptAssemblies/Unity.Collections.Tests.Playmode.dll not valid. Loading of assembly skipped.
Assembly Unity.InputSystem.IntegrationTests.dll at Library/ScriptAssemblies/Unity.InputSystem.IntegrationTests.dll not valid. Loading of assembly skipped.
Assembly Unity.Mathematics.Tests.dll at Library/ScriptAssemblies/Unity.Mathematics.Tests.dll not valid. Loading of assembly skipped.
Assembly Unity.Multiplayer.Center.Editor.Tests.dll at Library/ScriptAssemblies/Unity.Multiplayer.Center.Editor.Tests.dll not valid. Loading of assembly skipped.
Assembly Unity.Multiplayer.Center.Tests.dll at Library/ScriptAssemblies/Unity.Multiplayer.Center.Tests.dll not valid. Loading of assembly skipped.
Assembly Unity.Nuget.Mono-Cecil.dll at Library/ScriptAssemblies/Unity.Nuget.Mono-Cecil.dll not valid. Loading of assembly skipped.
Assembly Unity.PathTracing.Editor.Tests.dll at Library/ScriptAssemblies/Unity.PathTracing.Editor.Tests.dll not valid. Loading of assembly skipped.
Assembly Unity.PathTracing.Runtime.Tests.dll at Library/ScriptAssemblies/Unity.PathTracing.Runtime.Tests.dll not valid. Loading of assembly skipped.
Assembly Unity.RenderPipelines.Core.Editor.Tests.dll at Library/ScriptAssemblies/Unity.RenderPipelines.Core.Editor.Tests.dll not valid. Loading of assembly skipped.
Assembly Unity.RenderPipelines.Core.Runtime.Tests.dll at Library/ScriptAssemblies/Unity.RenderPipelines.Core.Runtime.Tests.dll not valid. Loading of assembly skipped.
Assembly Unity.RenderPipelines.Universal.Config.Editor.Tests.dll at Library/ScriptAssemblies/Unity.RenderPipelines.Universal.Config.Editor.Tests.dll not valid. Loading of assembly skipped.
Assembly Unity.RenderPipelines.Universal.Editor.Tests.dll at Library/ScriptAssemblies/Unity.RenderPipelines.Universal.Editor.Tests.dll not valid. Loading of assembly skipped.
Assembly Unity.RenderPipelines.Universal.Runtime.Tests.dll at Library/ScriptAssemblies/Unity.RenderPipelines.Universal.Runtime.Tests.dll not valid. Loading of assembly skipped.
Assembly Unity.Searcher.EditorTests.dll at Library/ScriptAssemblies/Unity.Searcher.EditorTests.dll not valid. Loading of assembly skipped.
Assembly Unity.ShaderGraph.Editor.Tests.dll at Library/ScriptAssemblies/Unity.ShaderGraph.Editor.Tests.dll not valid. Loading of assembly skipped.
Assembly Unity.TextMeshPro.Editor.Tests.dll at Library/ScriptAssemblies/Unity.TextMeshPro.Editor.Tests.dll not valid. Loading of assembly skipped.
Assembly Unity.TextMeshPro.Tests.dll at Library/ScriptAssemblies/Unity.TextMeshPro.Tests.dll not valid. Loading of assembly skipped.
Assembly Unity.UnifiedRayTracing.Editor.Tests.dll at Library/ScriptAssemblies/Unity.UnifiedRayTracing.Editor.Tests.dll not valid. Loading of assembly skipped.
Assembly UnityEditor.UI.Common.Tests.dll at Library/ScriptAssemblies/UnityEditor.UI.Common.Tests.dll not valid. Loading of assembly skipped.
Assembly UnityEditor.UI.EditorTests.dll at Library/ScriptAssemblies/UnityEditor.UI.EditorTests.dll not valid. Loading of assembly skipped.
Assembly UnityEditor.XR.LegacyInputHelpers.Tests.dll at Library/ScriptAssemblies/UnityEditor.XR.LegacyInputHelpers.Tests.dll not valid. Loading of assembly skipped.
Assembly UnityEngine.Advertisements.Editor.Tests.dll at Library/ScriptAssemblies/UnityEngine.Advertisements.Editor.Tests.dll not valid. Loading of assembly skipped.
Assembly UnityEngine.Advertisements.Tests.dll at Library/ScriptAssemblies/UnityEngine.Advertisements.Tests.dll not valid. Loading of assembly skipped.
Assembly UnityEngine.Purchasing.Apple.dll at Library/ScriptAssemblies/UnityEngine.Purchasing.Apple.dll not valid. Loading of assembly skipped.
Assembly UnityEngine.Purchasing.AppleMacos.dll at Library/ScriptAssemblies/UnityEngine.Purchasing.AppleMacos.dll not valid. Loading of assembly skipped.
Assembly UnityEngine.Purchasing.Security.dll at Library/ScriptAssemblies/UnityEngine.Purchasing.Security.dll not valid. Loading of assembly skipped.
Assembly UnityEngine.Purchasing.WinRT.dll at Library/ScriptAssemblies/UnityEngine.Purchasing.WinRT.dll not valid. Loading of assembly skipped.
Assembly UnityEngine.SpatialTracking.Tests.dll at Library/ScriptAssemblies/UnityEngine.SpatialTracking.Tests.dll not valid. Loading of assembly skipped.
Assembly UnityEngine.UI.Tests.dll at Library/ScriptAssemblies/UnityEngine.UI.Tests.dll not valid. Loading of assembly skipped.
'Assets/Scripts/InventoryManager.cs' contains partial class of Unity.Object, exactly 1 of the partial classes needs to be in a file with the same filename. This is to know the one that can be referenced from ie. GameObjects
'Assets/Scripts/InventorySystem.cs' contains partial class of Unity.Object, exactly 1 of the partial classes needs to be in a file with the same filename. This is to know the one that can be referenced from ie. GameObjects
'Assets/Scripts/Inventory/InventorySystem.cs' contains partial class of Unity.Object, exactly 1 of the partial classes needs to be in a file with the same filename. This is to know the one that can be referenced from ie. GameObjects
'Assets/Scripts/World/WeatherSystem.cs' contains partial class of Unity.Object, exactly 1 of the partial classes needs to be in a file with the same filename. This is to know the one that can be referenced from ie. GameObjects
'Assets/Scripts/Inventory/InventoryManager.cs' contains partial class of Unity.Object, exactly 1 of the partial classes needs to be in a file with the same filename. This is to know the one that can be referenced from ie. GameObjects
'Assets/Scripts/WeatherSystem.cs' contains partial class of Unity.Object, exactly 1 of the partial classes needs to be in a file with the same filename. This is to know the one that can be referenced from ie. GameObjects
Refreshing native plugins compatible for Editor in 8.83 ms, found 7 plugins.
Native extension for LinuxStandalone target not found
Native extension for iOS target not found
Native extension for Android target not found
Native extension for UWP target not found
Native extension for WindowsStandalone target not found
Native extension for OSXStandalone target not found
Native extension for WebGL target not found
Refreshing native plugins compatible for Editor in 10.18 ms, found 7 plugins.
Loaded VersionHandlerImpl
UnityEngine.Debug:ExtractStackTraceNoAlloc (byte*,int,string)
UnityEngine.StackTraceUtility:ExtractStackTrace ()
UnityEngine.DebugLogHandler:Internal_Log (UnityEngine.LogType,UnityEngine.LogOption,string,UnityEngine.Object)
UnityEngine.DebugLogHandler:LogFormat (UnityEngine.LogType,UnityEngine.Object,string,object[])
UnityEngine.Logger:Log (UnityEngine.LogType,object)
UnityEngine.Debug:Log (object)
Google.Logger:Log (string,Google.LogLevel)
Google.VersionHandlerImpl:Log (string,bool,Google.LogLevel)
Google.VersionHandlerImpl:.cctor ()
Google.VersionHandlerImpl/DotNetVersionUpdater:.cctor ()
System.Runtime.CompilerServices.RuntimeHelpers:RunClassConstructor (System.RuntimeTypeHandle)
UnityEditor.EditorAssemblies:ProcessInitializeOnLoadAttributes (System.Type[])

Assets\MobileDependencyResolver\Editor\Google.IOSResolver.dll metadata will be checked
UnityEngine.Debug:ExtractStackTraceNoAlloc (byte*,int,string)
UnityEngine.StackTraceUtility:ExtractStackTrace ()
UnityEngine.DebugLogHandler:Internal_Log (UnityEngine.LogType,UnityEngine.LogOption,string,UnityEngine.Object)
UnityEngine.DebugLogHandler:LogFormat (UnityEngine.LogType,UnityEngine.Object,string,object[])
UnityEngine.Logger:Log (UnityEngine.LogType,object)
UnityEngine.Debug:Log (object)
Google.Logger:Log (string,Google.LogLevel)
Google.VersionHandlerImpl:Log (string,bool,Google.LogLevel)
Google.VersionHandlerImpl/FileMetadataSet:FindWithPendingUpdates (Google.VersionHandlerImpl/FileMetadataSet)
Google.VersionHandlerImpl:UpdateVersionedAssets (bool,System.Action)
Google.VersionHandlerImpl:UpdateVersionedAssets (bool)
Google.VersionHandlerImpl:UpdateVersionedAssets ()
Google.VersionHandlerImpl:UpdateVersionedAssetsOnUpdate ()
Google.VersionHandlerImpl:<VersionHandlerImpl>m__B ()
Google.RunOnMainThread:ExecuteNext ()
Google.RunOnMainThread:<ExecuteAll>m__A ()
Google.RunOnMainThread:RunAction (System.Action)
Google.RunOnMainThread:ExecuteAll ()
Google.RunOnMainThread:Run (System.Action,bool)
Google.VersionHandlerImpl:.cctor ()
Google.VersionHandlerImpl/DotNetVersionUpdater:.cctor ()
System.Runtime.CompilerServices.RuntimeHelpers:RunClassConstructor (System.RuntimeTypeHandle)
UnityEditor.EditorAssemblies:ProcessInitializeOnLoadAttributes (System.Type[])

Assets\MobileDependencyResolver\Editor\Google.JarResolver.dll metadata will be checked
UnityEngine.Debug:ExtractStackTraceNoAlloc (byte*,int,string)
UnityEngine.StackTraceUtility:ExtractStackTrace ()
UnityEngine.DebugLogHandler:Internal_Log (UnityEngine.LogType,UnityEngine.LogOption,string,UnityEngine.Object)
UnityEngine.DebugLogHandler:LogFormat (UnityEngine.LogType,UnityEngine.Object,string,object[])
UnityEngine.Logger:Log (UnityEngine.LogType,object)
UnityEngine.Debug:Log (object)
Google.Logger:Log (string,Google.LogLevel)
Google.VersionHandlerImpl:Log (string,bool,Google.LogLevel)
Google.VersionHandlerImpl/FileMetadataSet:FindWithPendingUpdates (Google.VersionHandlerImpl/FileMetadataSet)
Google.VersionHandlerImpl:UpdateVersionedAssets (bool,System.Action)
Google.VersionHandlerImpl:UpdateVersionedAssets (bool)
Google.VersionHandlerImpl:UpdateVersionedAssets ()
Google.VersionHandlerImpl:UpdateVersionedAssetsOnUpdate ()
Google.VersionHandlerImpl:<VersionHandlerImpl>m__B ()
Google.RunOnMainThread:ExecuteNext ()
Google.RunOnMainThread:<ExecuteAll>m__A ()
Google.RunOnMainThread:RunAction (System.Action)
Google.RunOnMainThread:ExecuteAll ()
Google.RunOnMainThread:Run (System.Action,bool)
Google.VersionHandlerImpl:.cctor ()
Google.VersionHandlerImpl/DotNetVersionUpdater:.cctor ()
System.Runtime.CompilerServices.RuntimeHelpers:RunClassConstructor (System.RuntimeTypeHandle)
UnityEditor.EditorAssemblies:ProcessInitializeOnLoadAttributes (System.Type[])

Assets\MobileDependencyResolver\Editor\Google.VersionHandler.dll metadata will be checked
UnityEngine.Debug:ExtractStackTraceNoAlloc (byte*,int,string)
UnityEngine.StackTraceUtility:ExtractStackTrace ()
UnityEngine.DebugLogHandler:Internal_Log (UnityEngine.LogType,UnityEngine.LogOption,string,UnityEngine.Object)
UnityEngine.DebugLogHandler:LogFormat (UnityEngine.LogType,UnityEngine.Object,string,object[])
UnityEngine.Logger:Log (UnityEngine.LogType,object)
UnityEngine.Debug:Log (object)
Google.Logger:Log (string,Google.LogLevel)
Google.VersionHandlerImpl:Log (string,bool,Google.LogLevel)
Google.VersionHandlerImpl/FileMetadataSet:FindWithPendingUpdates (Google.VersionHandlerImpl/FileMetadataSet)
Google.VersionHandlerImpl:UpdateVersionedAssets (bool,System.Action)
Google.VersionHandlerImpl:UpdateVersionedAssets (bool)
Google.VersionHandlerImpl:UpdateVersionedAssets ()
Google.VersionHandlerImpl:UpdateVersionedAssetsOnUpdate ()
Google.VersionHandlerImpl:<VersionHandlerImpl>m__B ()
Google.RunOnMainThread:ExecuteNext ()
Google.RunOnMainThread:<ExecuteAll>m__A ()
Google.RunOnMainThread:RunAction (System.Action)
Google.RunOnMainThread:ExecuteAll ()
Google.RunOnMainThread:Run (System.Action,bool)
Google.VersionHandlerImpl:.cctor ()
Google.VersionHandlerImpl/DotNetVersionUpdater:.cctor ()
System.Runtime.CompilerServices.RuntimeHelpers:RunClassConstructor (System.RuntimeTypeHandle)
UnityEditor.EditorAssemblies:ProcessInitializeOnLoadAttributes (System.Type[])

Assets\MobileDependencyResolver\Editor\Google.VersionHandlerImpl.dll metadata will be checked
UnityEngine.Debug:ExtractStackTraceNoAlloc (byte*,int,string)
UnityEngine.StackTraceUtility:ExtractStackTrace ()
UnityEngine.DebugLogHandler:Internal_Log (UnityEngine.LogType,UnityEngine.LogOption,string,UnityEngine.Object)
UnityEngine.DebugLogHandler:LogFormat (UnityEngine.LogType,UnityEngine.Object,string,object[])
UnityEngine.Logger:Log (UnityEngine.LogType,object)
UnityEngine.Debug:Log (object)
Google.Logger:Log (string,Google.LogLevel)
Google.VersionHandlerImpl:Log (string,bool,Google.LogLevel)
Google.VersionHandlerImpl/FileMetadataSet:FindWithPendingUpdates (Google.VersionHandlerImpl/FileMetadataSet)
Google.VersionHandlerImpl:UpdateVersionedAssets (bool,System.Action)
Google.VersionHandlerImpl:UpdateVersionedAssets (bool)
Google.VersionHandlerImpl:UpdateVersionedAssets ()
Google.VersionHandlerImpl:UpdateVersionedAssetsOnUpdate ()
Google.VersionHandlerImpl:<VersionHandlerImpl>m__B ()
Google.RunOnMainThread:ExecuteNext ()
Google.RunOnMainThread:<ExecuteAll>m__A ()
Google.RunOnMainThread:RunAction (System.Action)
Google.RunOnMainThread:ExecuteAll ()
Google.RunOnMainThread:Run (System.Action,bool)
Google.VersionHandlerImpl:.cctor ()
Google.VersionHandlerImpl/DotNetVersionUpdater:.cctor ()
System.Runtime.CompilerServices.RuntimeHelpers:RunClassConstructor (System.RuntimeTypeHandle)
UnityEditor.EditorAssemblies:ProcessInitializeOnLoadAttributes (System.Type[])

Assets\MobileDependencyResolver\Editor\mobile-dependency-resolver.txt metadata will be checked
UnityEngine.Debug:ExtractStackTraceNoAlloc (byte*,int,string)
UnityEngine.StackTraceUtility:ExtractStackTrace ()
UnityEngine.DebugLogHandler:Internal_Log (UnityEngine.LogType,UnityEngine.LogOption,string,UnityEngine.Object)
UnityEngine.DebugLogHandler:LogFormat (UnityEngine.LogType,UnityEngine.Object,string,object[])
UnityEngine.Logger:Log (UnityEngine.LogType,object)
UnityEngine.Debug:Log (object)
Google.Logger:Log (string,Google.LogLevel)
Google.VersionHandlerImpl:Log (string,bool,Google.LogLevel)
Google.VersionHandlerImpl/FileMetadataSet:FindWithPendingUpdates (Google.VersionHandlerImpl/FileMetadataSet)
Google.VersionHandlerImpl:UpdateVersionedAssets (bool,System.Action)
Google.VersionHandlerImpl:UpdateVersionedAssets (bool)
Google.VersionHandlerImpl:UpdateVersionedAssets ()
Google.VersionHandlerImpl:UpdateVersionedAssetsOnUpdate ()
Google.VersionHandlerImpl:<VersionHandlerImpl>m__B ()
Google.RunOnMainThread:ExecuteNext ()
Google.RunOnMainThread:<ExecuteAll>m__A ()
Google.RunOnMainThread:RunAction (System.Action)
Google.RunOnMainThread:ExecuteAll ()
Google.RunOnMainThread:Run (System.Action,bool)
Google.VersionHandlerImpl:.cctor ()
Google.VersionHandlerImpl/DotNetVersionUpdater:.cctor ()
System.Runtime.CompilerServices.RuntimeHelpers:RunClassConstructor (System.RuntimeTypeHandle)
UnityEditor.EditorAssemblies:ProcessInitializeOnLoadAttributes (System.Type[])

Detected .NET version 4.5
UnityEngine.Debug:ExtractStackTraceNoAlloc (byte*,int,string)
UnityEngine.StackTraceUtility:ExtractStackTrace ()
UnityEngine.DebugLogHandler:Internal_Log (UnityEngine.LogType,UnityEngine.LogOption,string,UnityEngine.Object)
UnityEngine.DebugLogHandler:LogFormat (UnityEngine.LogType,UnityEngine.Object,string,object[])
UnityEngine.Logger:Log (UnityEngine.LogType,object)
UnityEngine.Debug:Log (object)
Google.Logger:Log (string,Google.LogLevel)
Google.VersionHandlerImpl:Log (string,bool,Google.LogLevel)
Google.VersionHandlerImpl/DotNetVersionUpdater:.cctor ()
System.Runtime.CompilerServices.RuntimeHelpers:RunClassConstructor (System.RuntimeTypeHandle)
UnityEditor.EditorAssemblies:ProcessInitializeOnLoadAttributes (System.Type[])

ScheduleIndexationOnStartup MainProcess:True IndexOnStartup:True
Mono: successfully reloaded assembly
- Finished resetting the current domain, in  3.171 seconds
Domain Reload Profiling: 4315ms
	BeginReloadAssembly (381ms)
		DisableScriptedObjects (117ms)
		CreateAndSetChildDomain (143ms)
	RebuildCommonClasses (31ms)
	RebuildNativeTypeToScriptingClass (9ms)
	initialDomainReloadingComplete (85ms)
	LoadAllAssembliesAndSetupDomain (637ms)
		LoadAssemblies (449ms)
		AnalyzeDomain (268ms)
			TypeCache.Refresh (185ms)
				TypeCache.ScanAssembly (170ms)
			BuildScriptInfoCaches (71ms)
			ResolveRequiredComponents (9ms)
	FinalizeReload (3171ms)
		SetupLoadedEditorAssemblies (0ms)
			InitializePlatformSupportModulesInManaged (45ms)
			BeforeProcessingInitializeOnLoad (153ms)
			ProcessInitializeOnLoadAttributes (2554ms)
			ProcessInitializeOnLoadMethodAttributes (246ms)
			AfterProcessingInitializeOnLoad (5ms)
		AwakeInstancesAfterBackupRestoration (17ms)
(Values over 0.050ms)
Asset Pipeline Refresh (id=07a0faa7896a5594dafdf2f944d24b32): Total: 6.147 seconds - Initiated by InitialRefreshV2(ForceSynchronousImport)
	Summary:
		Imports: total=0 (actual=0, local cache=0, cache server=0)
		Asset DB Process Time: managed=0 ms, native=3809 ms
		Asset DB Callback time: managed=87 ms, native=48 ms
		Scripting: domain reloads=1, domain reload time=1150 ms, compile time=991 ms, other=58 ms
		Project Asset Count: scripts=1893, non-scripts=3513
		Asset File Changes: new=0, changed=0, moved=0, deleted=0
		Scan Filter Count: 0
	InvokePackagesCallback: 51.824ms
	ApplyChangesToAssetFolders: 0.588ms
	Scan: 251.821ms
	CategorizeScriptCompilationAssets: 57.322ms
	ProcessAssetsWithTransientArtifactChanges: 74.234ms
	CategorizeAssets: 50.032ms
	CompileScripts: 991.306ms
	ImportOutOfDateAssets: 3196.107ms (3194.872ms without children)
		UnloadImportedAssets: 0.141ms
		EnsureUptoDateAssetsAreRegisteredWithGuidPM: 0.566ms
		OnDemandSchedulerStart: 0.524ms
	PostProcessAllAssets: 88.009ms
		MonoPostProcessAllAssets: 87.963ms
			UniversalRenderPipelineGlobalSettingsPostprocessor.OnPostprocessAllAssets 69.432ms
			SyncVS.PostprocessSyncProject 4.875ms
			SpeedTree9Postprocessor.OnPostprocessAllAssets 2.223ms
			WindowAssetPostprocessingWatcher.OnPostprocessAllAssets 1.580ms
			InputActionAssetPostprocessor.OnPostprocessAllAssets 0.493ms
			ProjectSettingsPostprocessor.OnPostprocessAllAssets 0.387ms
			ReferencedClipsPostProcessor.OnPostprocessAllAssets 0.282ms
			TerrainToolbarOverlayPostProcessor.OnPostprocessAllAssets 0.214ms
			AssetDatabaseCallbacks.OnPostprocessAllAssets 0.162ms
			RenderPipelineGlobalSettingsPostprocessor.OnPostprocessAllAssets 0.070ms
	UnloadStreamsBegin: 2.042ms
	PersistCurrentRevisions: 0.142ms
	GenerateScriptTypeHashes: 2.450ms
	GenerateScriptTypeSerializationHashes: 4.549ms
	Untracked: 1365.507ms

Application.AssetDatabase Initial Refresh End
Shader Hidden/ChartRasterizerHardware is not supported: GPU does not support conservative rasterization
Shader Hidden/ChartRasterizerHardware is not supported: GPU does not support conservative rasterization
Scanning for USB devices : 5.065ms
Initializing Unity extensions:
[MODES] ModeService[none].Initialize
[MODES] ModeService[none].LoadModes
[MODES] Loading mode Default (0) for mode-current-id-LoreLegacyMonsters
Unloading 139 Unused Serialized files (Serialized files now loaded: 0)
Unloading 8479 unused Assets / (3.6 MB). Loaded Objects now: 9311.
Memory consumption went from 231.3 MB to 227.6 MB.
Total: 12.177400 ms (FindLiveObjects: 0.497800 ms CreateObjectMapping: 0.364000 ms MarkObjects: 9.419200 ms  DeleteObjects: 1.893600 ms)

Microsoft Media Foundation video decoding to texture disabled: graphics device is Null, only Direct3D 11 and Direct3D 12 (only on desktop) are supported for hardware-accelerated video decoding.
[Project] Loading completed in 10.811 seconds
	Project init time: 				10.168 seconds
		Template init time: 		0.000 seconds
		Package Manager init time: 		1.173 seconds
		Asset Database init time: 		0.465 seconds
		Global illumination init time: 	0.006 seconds
		Assemblies load time: 			1.796 seconds
		Unity extensions init time: 	0.008 seconds
		Asset Database refresh time: 	6.147 seconds
	Scene opening time: 			0.165 seconds
##utp:{"type":"ProjectInfo","version":2,"phase":"Immediate","time":1777990123152,"processId":24540,"projectLoad":10.811227599999999,"projectInit":10.1677931,"templateInit":0.0,"packageManagerInit":1.1732159,"assetDatabaseInit":0.4654414,"globalIlluminationInit":0.0056933,"assembliesLoad":1.7963071,"unityExtensionsInit":0.0078757,"assetDatabaseRefresh":6.1469673,"sceneOpening":0.1652143}
##utp:{"type":"EditorInfo","version":2,"phase":"Immediate","time":1777990123152,"processId":24540,"editorVersion":"6000.4.5f1 (cc83ebd631f8)","branch":"6000.4/staging","buildType":"Release","platform":"Windows"}
Asset Pipeline Refresh (id=218249111bea9dd4e910af957788f689): Total: 0.073 seconds - Initiated by RefreshV2(ForceSynchronousImport)
[Licensing::Client] Successfully resolved entitlement details
[BATCH-AUTO] Dispatching task: smoke-main-menu
UnityEngine.Debug:ExtractStackTraceNoAlloc (byte*,int,string)
UnityEngine.StackTraceUtility:ExtractStackTrace ()
UnityEngine.DebugLogHandler:Internal_Log (UnityEngine.LogType,UnityEngine.LogOption,string,UnityEngine.Object)
UnityEngine.DebugLogHandler:LogFormat (UnityEngine.LogType,UnityEngine.Object,string,object[])
UnityEngine.Logger:Log (UnityEngine.LogType,object)
UnityEngine.Debug:Log (object)
LoreLegacyMonsters.Editor.BatchAutomationBootstrap:Dispatch (string) (at Assets/Editor/BatchAutomationBootstrap.cs:65)
LoreLegacyMonsters.Editor.BatchAutomationBootstrap:TryDispatchWhenReady () (at Assets/Editor/BatchAutomationBootstrap.cs:58)
UnityEditor.EditorApplication:Internal_CallUpdateFunctions ()

(Filename: Assets/Editor/BatchAutomationBootstrap.cs Line: 65)

Opening scene 'Assets/Scenes/MainMenu.unity'
Unloading 0 Unused Serialized files (Serialized files now loaded: 0)
Loaded scene 'Assets/Scenes/MainMenu.unity'
	Deserialize:            1.031 ms
	Integration:            207.498 ms
	Integration of assets:  0.001 ms
	Thread Wait Time:       0.015 ms
	Total Operation Time:   208.545 ms
Unloading 6 unused Assets / (19.6 KB). Loaded Objects now: 9328.
Memory consumption went from 191.2 MB to 191.1 MB.
Total: 11.172000 ms (FindLiveObjects: 0.355300 ms CreateObjectMapping: 0.162500 ms MarkObjects: 10.581600 ms  DeleteObjects: 0.071800 ms)

[Licensing::Client] Successfully resolved entitlement details
Start Indexing on Editor startup
[Indexing] Starting Initial Indexing for Assets
Reloading assemblies for play mode.
Reloading assemblies after forced synchronous recompile.
Assembly Assembly-CSharp-Editor-firstpass.dll at Library/ScriptAssemblies/Assembly-CSharp-Editor-firstpass.dll not valid. Loading of assembly skipped.
Assembly Assembly-CSharp-Editor.dll at Library/ScriptAssemblies/Assembly-CSharp-Editor.dll not valid. Loading of assembly skipped.
Assembly Assembly-CSharp-firstpass.dll at Library/ScriptAssemblies/Assembly-CSharp-firstpass.dll not valid. Loading of assembly skipped.
Assembly Assembly-CSharp.dll at Library/ScriptAssemblies/Assembly-CSharp.dll not valid. Loading of assembly skipped.
Assembly DocCodeExamples.dll at Library/ScriptAssemblies/DocCodeExamples.dll not valid. Loading of assembly skipped.
Assembly TestNewCustomAssembly.dll at Library/ScriptAssemblies/TestNewCustomAssembly.dll not valid. Loading of assembly skipped.
Assembly Unity.2D.Animation.EditorTests.dll at Library/ScriptAssemblies/Unity.2D.Animation.EditorTests.dll not valid. Loading of assembly skipped.
Assembly Unity.2D.Common.EditorTests.dll at Library/ScriptAssemblies/Unity.2D.Common.EditorTests.dll not valid. Loading of assembly skipped.
Assembly Unity.2D.PixelPerfect.Editor.Tests.dll at Library/ScriptAssemblies/Unity.2D.PixelPerfect.Editor.Tests.dll not valid. Loading of assembly skipped.
Assembly Unity.2D.Psdimporter.EditorTests.dll at Library/ScriptAssemblies/Unity.2D.Psdimporter.EditorTests.dll not valid. Loading of assembly skipped.
Assembly Unity.2D.Sprite.Package.EditorTests.dll at Library/ScriptAssemblies/Unity.2D.Sprite.Package.EditorTests.dll not valid. Loading of assembly skipped.
Assembly Unity.2D.SpriteShape.EditorTests.dll at Library/ScriptAssemblies/Unity.2D.SpriteShape.EditorTests.dll not valid. Loading of assembly skipped.
Assembly Unity.2D.Tilemap.Package.EditorTests.dll at Library/ScriptAssemblies/Unity.2D.Tilemap.Package.EditorTests.dll not valid. Loading of assembly skipped.
Assembly Unity.Analytics.DataPrivacy.Tests.dll at Library/ScriptAssemblies/Unity.Analytics.DataPrivacy.Tests.dll not valid. Loading of assembly skipped.
Assembly Unity.Analytics.StandardEvents.EditorTests.dll at Library/ScriptAssemblies/Unity.Analytics.StandardEvents.EditorTests.dll not valid. Loading of assembly skipped.
Assembly Unity.Collections.BurstCompatibilityGen.dll at Library/ScriptAssemblies/Unity.Collections.BurstCompatibilityGen.dll not valid. Loading of assembly skipped.
Assembly Unity.Collections.DocCodeSamples.dll at Library/ScriptAssemblies/Unity.Collections.DocCodeSamples.dll not valid. Loading of assembly skipped.
Assembly Unity.Collections.PerformanceTests.dll at Library/ScriptAssemblies/Unity.Collections.PerformanceTests.dll not valid. Loading of assembly skipped.
Assembly Unity.Collections.Tests.dll at Library/ScriptAssemblies/Unity.Collections.Tests.dll not valid. Loading of assembly skipped.
Assembly Unity.Collections.Tests.Playmode.dll at Library/ScriptAssemblies/Unity.Collections.Tests.Playmode.dll not valid. Loading of assembly skipped.
Assembly Unity.InputSystem.IntegrationTests.dll at Library/ScriptAssemblies/Unity.InputSystem.IntegrationTests.dll not valid. Loading of assembly skipped.
Assembly Unity.Mathematics.Tests.dll at Library/ScriptAssemblies/Unity.Mathematics.Tests.dll not valid. Loading of assembly skipped.
Assembly Unity.Multiplayer.Center.Editor.Tests.dll at Library/ScriptAssemblies/Unity.Multiplayer.Center.Editor.Tests.dll not valid. Loading of assembly skipped.
Assembly Unity.Multiplayer.Center.Tests.dll at Library/ScriptAssemblies/Unity.Multiplayer.Center.Tests.dll not valid. Loading of assembly skipped.
Assembly Unity.Nuget.Mono-Cecil.dll at Library/ScriptAssemblies/Unity.Nuget.Mono-Cecil.dll not valid. Loading of assembly skipped.
Assembly Unity.PathTracing.Editor.Tests.dll at Library/ScriptAssemblies/Unity.PathTracing.Editor.Tests.dll not valid. Loading of assembly skipped.
Assembly Unity.PathTracing.Runtime.Tests.dll at Library/ScriptAssemblies/Unity.PathTracing.Runtime.Tests.dll not valid. Loading of assembly skipped.
Assembly Unity.RenderPipelines.Core.Editor.Tests.dll at Library/ScriptAssemblies/Unity.RenderPipelines.Core.Editor.Tests.dll not valid. Loading of assembly skipped.
Assembly Unity.RenderPipelines.Core.Runtime.Tests.dll at Library/ScriptAssemblies/Unity.RenderPipelines.Core.Runtime.Tests.dll not valid. Loading of assembly skipped.
Assembly Unity.RenderPipelines.Universal.Config.Editor.Tests.dll at Library/ScriptAssemblies/Unity.RenderPipelines.Universal.Config.Editor.Tests.dll not valid. Loading of assembly skipped.
Assembly Unity.RenderPipelines.Universal.Editor.Tests.dll at Library/ScriptAssemblies/Unity.RenderPipelines.Universal.Editor.Tests.dll not valid. Loading of assembly skipped.
Assembly Unity.RenderPipelines.Universal.Runtime.Tests.dll at Library/ScriptAssemblies/Unity.RenderPipelines.Universal.Runtime.Tests.dll not valid. Loading of assembly skipped.
Assembly Unity.Searcher.EditorTests.dll at Library/ScriptAssemblies/Unity.Searcher.EditorTests.dll not valid. Loading of assembly skipped.
Assembly Unity.ShaderGraph.Editor.Tests.dll at Library/ScriptAssemblies/Unity.ShaderGraph.Editor.Tests.dll not valid. Loading of assembly skipped.
Assembly Unity.TextMeshPro.Editor.Tests.dll at Library/ScriptAssemblies/Unity.TextMeshPro.Editor.Tests.dll not valid. Loading of assembly skipped.
Assembly Unity.TextMeshPro.Tests.dll at Library/ScriptAssemblies/Unity.TextMeshPro.Tests.dll not valid. Loading of assembly skipped.
Assembly Unity.UnifiedRayTracing.Editor.Tests.dll at Library/ScriptAssemblies/Unity.UnifiedRayTracing.Editor.Tests.dll not valid. Loading of assembly skipped.
Assembly UnityEditor.UI.Common.Tests.dll at Library/ScriptAssemblies/UnityEditor.UI.Common.Tests.dll not valid. Loading of assembly skipped.
Assembly UnityEditor.UI.EditorTests.dll at Library/ScriptAssemblies/UnityEditor.UI.EditorTests.dll not valid. Loading of assembly skipped.
Assembly UnityEditor.XR.LegacyInputHelpers.Tests.dll at Library/ScriptAssemblies/UnityEditor.XR.LegacyInputHelpers.Tests.dll not valid. Loading of assembly skipped.
Assembly UnityEngine.Advertisements.Editor.Tests.dll at Library/ScriptAssemblies/UnityEngine.Advertisements.Editor.Tests.dll not valid. Loading of assembly skipped.
Assembly UnityEngine.Advertisements.Tests.dll at Library/ScriptAssemblies/UnityEngine.Advertisements.Tests.dll not valid. Loading of assembly skipped.
Assembly UnityEngine.Purchasing.Apple.dll at Library/ScriptAssemblies/UnityEngine.Purchasing.Apple.dll not valid. Loading of assembly skipped.
Assembly UnityEngine.Purchasing.AppleMacos.dll at Library/ScriptAssemblies/UnityEngine.Purchasing.AppleMacos.dll not valid. Loading of assembly skipped.
Assembly UnityEngine.Purchasing.Security.dll at Library/ScriptAssemblies/UnityEngine.Purchasing.Security.dll not valid. Loading of assembly skipped.
Assembly UnityEngine.Purchasing.WinRT.dll at Library/ScriptAssemblies/UnityEngine.Purchasing.WinRT.dll not valid. Loading of assembly skipped.
Assembly UnityEngine.SpatialTracking.Tests.dll at Library/ScriptAssemblies/UnityEngine.SpatialTracking.Tests.dll not valid. Loading of assembly skipped.
Assembly UnityEngine.UI.Tests.dll at Library/ScriptAssemblies/UnityEngine.UI.Tests.dll not valid. Loading of assembly skipped.
Begin MonoManager ReloadAssembly
Assembly Assembly-CSharp-Editor-firstpass.dll at Library/ScriptAssemblies/Assembly-CSharp-Editor-firstpass.dll not valid. Loading of assembly skipped.
Assembly Assembly-CSharp-Editor.dll at Library/ScriptAssemblies/Assembly-CSharp-Editor.dll not valid. Loading of assembly skipped.
Assembly Assembly-CSharp-firstpass.dll at Library/ScriptAssemblies/Assembly-CSharp-firstpass.dll not valid. Loading of assembly skipped.
Assembly Assembly-CSharp.dll at Library/ScriptAssemblies/Assembly-CSharp.dll not valid. Loading of assembly skipped.
Assembly DocCodeExamples.dll at Library/ScriptAssemblies/DocCodeExamples.dll not valid. Loading of assembly skipped.
Assembly TestNewCustomAssembly.dll at Library/ScriptAssemblies/TestNewCustomAssembly.dll not valid. Loading of assembly skipped.
Assembly Unity.2D.Animation.EditorTests.dll at Library/ScriptAssemblies/Unity.2D.Animation.EditorTests.dll not valid. Loading of assembly skipped.
Assembly Unity.2D.Common.EditorTests.dll at Library/ScriptAssemblies/Unity.2D.Common.EditorTests.dll not valid. Loading of assembly skipped.
Assembly Unity.2D.PixelPerfect.Editor.Tests.dll at Library/ScriptAssemblies/Unity.2D.PixelPerfect.Editor.Tests.dll not valid. Loading of assembly skipped.
Assembly Unity.2D.Psdimporter.EditorTests.dll at Library/ScriptAssemblies/Unity.2D.Psdimporter.EditorTests.dll not valid. Loading of assembly skipped.
Assembly Unity.2D.Sprite.Package.EditorTests.dll at Library/ScriptAssemblies/Unity.2D.Sprite.Package.EditorTests.dll not valid. Loading of assembly skipped.
Assembly Unity.2D.SpriteShape.EditorTests.dll at Library/ScriptAssemblies/Unity.2D.SpriteShape.EditorTests.dll not valid. Loading of assembly skipped.
Assembly Unity.2D.Tilemap.Package.EditorTests.dll at Library/ScriptAssemblies/Unity.2D.Tilemap.Package.EditorTests.dll not valid. Loading of assembly skipped.
Assembly Unity.Analytics.DataPrivacy.Tests.dll at Library/ScriptAssemblies/Unity.Analytics.DataPrivacy.Tests.dll not valid. Loading of assembly skipped.
Assembly Unity.Analytics.StandardEvents.EditorTests.dll at Library/ScriptAssemblies/Unity.Analytics.StandardEvents.EditorTests.dll not valid. Loading of assembly skipped.
Assembly Unity.Collections.BurstCompatibilityGen.dll at Library/ScriptAssemblies/Unity.Collections.BurstCompatibilityGen.dll not valid. Loading of assembly skipped.
Assembly Unity.Collections.DocCodeSamples.dll at Library/ScriptAssemblies/Unity.Collections.DocCodeSamples.dll not valid. Loading of assembly skipped.
Assembly Unity.Collections.PerformanceTests.dll at Library/ScriptAssemblies/Unity.Collections.PerformanceTests.dll not valid. Loading of assembly skipped.
Assembly Unity.Collections.Tests.dll at Library/ScriptAssemblies/Unity.Collections.Tests.dll not valid. Loading of assembly skipped.
Assembly Unity.Collections.Tests.Playmode.dll at Library/ScriptAssemblies/Unity.Collections.Tests.Playmode.dll not valid. Loading of assembly skipped.
Assembly Unity.InputSystem.IntegrationTests.dll at Library/ScriptAssemblies/Unity.InputSystem.IntegrationTests.dll not valid. Loading of assembly skipped.
Assembly Unity.Mathematics.Tests.dll at Library/ScriptAssemblies/Unity.Mathematics.Tests.dll not valid. Loading of assembly skipped.
Assembly Unity.Multiplayer.Center.Editor.Tests.dll at Library/ScriptAssemblies/Unity.Multiplayer.Center.Editor.Tests.dll not valid. Loading of assembly skipped.
Assembly Unity.Multiplayer.Center.Tests.dll at Library/ScriptAssemblies/Unity.Multiplayer.Center.Tests.dll not valid. Loading of assembly skipped.
Assembly Unity.Nuget.Mono-Cecil.dll at Library/ScriptAssemblies/Unity.Nuget.Mono-Cecil.dll not valid. Loading of assembly skipped.
Assembly Unity.PathTracing.Editor.Tests.dll at Library/ScriptAssemblies/Unity.PathTracing.Editor.Tests.dll not valid. Loading of assembly skipped.
Assembly Unity.PathTracing.Runtime.Tests.dll at Library/ScriptAssemblies/Unity.PathTracing.Runtime.Tests.dll not valid. Loading of assembly skipped.
Assembly Unity.RenderPipelines.Core.Editor.Tests.dll at Library/ScriptAssemblies/Unity.RenderPipelines.Core.Editor.Tests.dll not valid. Loading of assembly skipped.
Assembly Unity.RenderPipelines.Core.Runtime.Tests.dll at Library/ScriptAssemblies/Unity.RenderPipelines.Core.Runtime.Tests.dll not valid. Loading of assembly skipped.
Assembly Unity.RenderPipelines.Universal.Config.Editor.Tests.dll at Library/ScriptAssemblies/Unity.RenderPipelines.Universal.Config.Editor.Tests.dll not valid. Loading of assembly skipped.
Assembly Unity.RenderPipelines.Universal.Editor.Tests.dll at Library/ScriptAssemblies/Unity.RenderPipelines.Universal.Editor.Tests.dll not valid. Loading of assembly skipped.
Assembly Unity.RenderPipelines.Universal.Runtime.Tests.dll at Library/ScriptAssemblies/Unity.RenderPipelines.Universal.Runtime.Tests.dll not valid. Loading of assembly skipped.
Assembly Unity.Searcher.EditorTests.dll at Library/ScriptAssemblies/Unity.Searcher.EditorTests.dll not valid. Loading of assembly skipped.
Assembly Unity.ShaderGraph.Editor.Tests.dll at Library/ScriptAssemblies/Unity.ShaderGraph.Editor.Tests.dll not valid. Loading of assembly skipped.
Assembly Unity.TextMeshPro.Editor.Tests.dll at Library/ScriptAssemblies/Unity.TextMeshPro.Editor.Tests.dll not valid. Loading of assembly skipped.
Assembly Unity.TextMeshPro.Tests.dll at Library/ScriptAssemblies/Unity.TextMeshPro.Tests.dll not valid. Loading of assembly skipped.
Assembly Unity.UnifiedRayTracing.Editor.Tests.dll at Library/ScriptAssemblies/Unity.UnifiedRayTracing.Editor.Tests.dll not valid. Loading of assembly skipped.
Assembly UnityEditor.UI.Common.Tests.dll at Library/ScriptAssemblies/UnityEditor.UI.Common.Tests.dll not valid. Loading of assembly skipped.
Assembly UnityEditor.UI.EditorTests.dll at Library/ScriptAssemblies/UnityEditor.UI.EditorTests.dll not valid. Loading of assembly skipped.
Assembly UnityEditor.XR.LegacyInputHelpers.Tests.dll at Library/ScriptAssemblies/UnityEditor.XR.LegacyInputHelpers.Tests.dll not valid. Loading of assembly skipped.
Assembly UnityEngine.Advertisements.Editor.Tests.dll at Library/ScriptAssemblies/UnityEngine.Advertisements.Editor.Tests.dll not valid. Loading of assembly skipped.
Assembly UnityEngine.Advertisements.Tests.dll at Library/ScriptAssemblies/UnityEngine.Advertisements.Tests.dll not valid. Loading of assembly skipped.
Assembly UnityEngine.Purchasing.Apple.dll at Library/ScriptAssemblies/UnityEngine.Purchasing.Apple.dll not valid. Loading of assembly skipped.
Assembly UnityEngine.Purchasing.AppleMacos.dll at Library/ScriptAssemblies/UnityEngine.Purchasing.AppleMacos.dll not valid. Loading of assembly skipped.
Assembly UnityEngine.Purchasing.Security.dll at Library/ScriptAssemblies/UnityEngine.Purchasing.Security.dll not valid. Loading of assembly skipped.
Assembly UnityEngine.Purchasing.WinRT.dll at Library/ScriptAssemblies/UnityEngine.Purchasing.WinRT.dll not valid. Loading of assembly skipped.
Assembly UnityEngine.SpatialTracking.Tests.dll at Library/ScriptAssemblies/UnityEngine.SpatialTracking.Tests.dll not valid. Loading of assembly skipped.
Assembly UnityEngine.UI.Tests.dll at Library/ScriptAssemblies/UnityEngine.UI.Tests.dll not valid. Loading of assembly skipped.
Refreshing native plugins compatible for Editor in 8.93 ms, found 7 plugins.
Native extension for LinuxStandalone target not found
Native extension for iOS target not found
Native extension for Android target not found
Native extension for UWP target not found
Native extension for WindowsStandalone target not found
Native extension for OSXStandalone target not found
Native extension for WebGL target not found
Loaded VersionHandlerImpl
UnityEngine.Debug:ExtractStackTraceNoAlloc (byte*,int,string)
UnityEngine.StackTraceUtility:ExtractStackTrace ()
UnityEngine.DebugLogHandler:Internal_Log (UnityEngine.LogType,UnityEngine.LogOption,string,UnityEngine.Object)
UnityEngine.DebugLogHandler:LogFormat (UnityEngine.LogType,UnityEngine.Object,string,object[])
UnityEngine.Logger:Log (UnityEngine.LogType,object)
UnityEngine.Debug:Log (object)
Google.Logger:Log (string,Google.LogLevel)
Google.VersionHandlerImpl:Log (string,bool,Google.LogLevel)
Google.VersionHandlerImpl:.cctor ()
Google.VersionHandlerImpl/DotNetVersionUpdater:.cctor ()
System.Runtime.CompilerServices.RuntimeHelpers:RunClassConstructor (System.RuntimeTypeHandle)
UnityEditor.EditorAssemblies:ProcessInitializeOnLoadAttributes (System.Type[])

Assets\MobileDependencyResolver\Editor\Google.IOSResolver.dll metadata will be checked
UnityEngine.Debug:ExtractStackTraceNoAlloc (byte*,int,string)
UnityEngine.StackTraceUtility:ExtractStackTrace ()
UnityEngine.DebugLogHandler:Internal_Log (UnityEngine.LogType,UnityEngine.LogOption,string,UnityEngine.Object)
UnityEngine.DebugLogHandler:LogFormat (UnityEngine.LogType,UnityEngine.Object,string,object[])
UnityEngine.Logger:Log (UnityEngine.LogType,object)
UnityEngine.Debug:Log (object)
Google.Logger:Log (string,Google.LogLevel)
Google.VersionHandlerImpl:Log (string,bool,Google.LogLevel)
Google.VersionHandlerImpl/FileMetadataSet:FindWithPendingUpdates (Google.VersionHandlerImpl/FileMetadataSet)
Google.VersionHandlerImpl:UpdateVersionedAssets (bool,System.Action)
Google.VersionHandlerImpl:UpdateVersionedAssets (bool)
Google.VersionHandlerImpl:UpdateVersionedAssets ()
Google.VersionHandlerImpl:UpdateVersionedAssetsOnUpdate ()
Google.VersionHandlerImpl:<VersionHandlerImpl>m__B ()
Google.RunOnMainThread:ExecuteNext ()
Google.RunOnMainThread:<ExecuteAll>m__A ()
Google.RunOnMainThread:RunAction (System.Action)
Google.RunOnMainThread:ExecuteAll ()
Google.RunOnMainThread:Run (System.Action,bool)
Google.VersionHandlerImpl:.cctor ()
Google.VersionHandlerImpl/DotNetVersionUpdater:.cctor ()
System.Runtime.CompilerServices.RuntimeHelpers:RunClassConstructor (System.RuntimeTypeHandle)
UnityEditor.EditorAssemblies:ProcessInitializeOnLoadAttributes (System.Type[])

Assets\MobileDependencyResolver\Editor\Google.JarResolver.dll metadata will be checked
UnityEngine.Debug:ExtractStackTraceNoAlloc (byte*,int,string)
UnityEngine.StackTraceUtility:ExtractStackTrace ()
UnityEngine.DebugLogHandler:Internal_Log (UnityEngine.LogType,UnityEngine.LogOption,string,UnityEngine.Object)
UnityEngine.DebugLogHandler:LogFormat (UnityEngine.LogType,UnityEngine.Object,string,object[])
UnityEngine.Logger:Log (UnityEngine.LogType,object)
UnityEngine.Debug:Log (object)
Google.Logger:Log (string,Google.LogLevel)
Google.VersionHandlerImpl:Log (string,bool,Google.LogLevel)
Google.VersionHandlerImpl/FileMetadataSet:FindWithPendingUpdates (Google.VersionHandlerImpl/FileMetadataSet)
Google.VersionHandlerImpl:UpdateVersionedAssets (bool,System.Action)
Google.VersionHandlerImpl:UpdateVersionedAssets (bool)
Google.VersionHandlerImpl:UpdateVersionedAssets ()
Google.VersionHandlerImpl:UpdateVersionedAssetsOnUpdate ()
Google.VersionHandlerImpl:<VersionHandlerImpl>m__B ()
Google.RunOnMainThread:ExecuteNext ()
Google.RunOnMainThread:<ExecuteAll>m__A ()
Google.RunOnMainThread:RunAction (System.Action)
Google.RunOnMainThread:ExecuteAll ()
Google.RunOnMainThread:Run (System.Action,bool)
Google.VersionHandlerImpl:.cctor ()
Google.VersionHandlerImpl/DotNetVersionUpdater:.cctor ()
System.Runtime.CompilerServices.RuntimeHelpers:RunClassConstructor (System.RuntimeTypeHandle)
UnityEditor.EditorAssemblies:ProcessInitializeOnLoadAttributes (System.Type[])

Assets\MobileDependencyResolver\Editor\Google.VersionHandler.dll metadata will be checked
UnityEngine.Debug:ExtractStackTraceNoAlloc (byte*,int,string)
UnityEngine.StackTraceUtility:ExtractStackTrace ()
UnityEngine.DebugLogHandler:Internal_Log (UnityEngine.LogType,UnityEngine.LogOption,string,UnityEngine.Object)
UnityEngine.DebugLogHandler:LogFormat (UnityEngine.LogType,UnityEngine.Object,string,object[])
UnityEngine.Logger:Log (UnityEngine.LogType,object)
UnityEngine.Debug:Log (object)
Google.Logger:Log (string,Google.LogLevel)
Google.VersionHandlerImpl:Log (string,bool,Google.LogLevel)
Google.VersionHandlerImpl/FileMetadataSet:FindWithPendingUpdates (Google.VersionHandlerImpl/FileMetadataSet)
Google.VersionHandlerImpl:UpdateVersionedAssets (bool,System.Action)
Google.VersionHandlerImpl:UpdateVersionedAssets (bool)
Google.VersionHandlerImpl:UpdateVersionedAssets ()
Google.VersionHandlerImpl:UpdateVersionedAssetsOnUpdate ()
Google.VersionHandlerImpl:<VersionHandlerImpl>m__B ()
Google.RunOnMainThread:ExecuteNext ()
Google.RunOnMainThread:<ExecuteAll>m__A ()
Google.RunOnMainThread:RunAction (System.Action)
Google.RunOnMainThread:ExecuteAll ()
Google.RunOnMainThread:Run (System.Action,bool)
Google.VersionHandlerImpl:.cctor ()
Google.VersionHandlerImpl/DotNetVersionUpdater:.cctor ()
System.Runtime.CompilerServices.RuntimeHelpers:RunClassConstructor (System.RuntimeTypeHandle)
UnityEditor.EditorAssemblies:ProcessInitializeOnLoadAttributes (System.Type[])

Assets\MobileDependencyResolver\Editor\Google.VersionHandlerImpl.dll metadata will be checked
UnityEngine.Debug:ExtractStackTraceNoAlloc (byte*,int,string)
UnityEngine.StackTraceUtility:ExtractStackTrace ()
UnityEngine.DebugLogHandler:Internal_Log (UnityEngine.LogType,UnityEngine.LogOption,string,UnityEngine.Object)
UnityEngine.DebugLogHandler:LogFormat (UnityEngine.LogType,UnityEngine.Object,string,object[])
UnityEngine.Logger:Log (UnityEngine.LogType,object)
UnityEngine.Debug:Log (object)
Google.Logger:Log (string,Google.LogLevel)
Google.VersionHandlerImpl:Log (string,bool,Google.LogLevel)
Google.VersionHandlerImpl/FileMetadataSet:FindWithPendingUpdates (Google.VersionHandlerImpl/FileMetadataSet)
Google.VersionHandlerImpl:UpdateVersionedAssets (bool,System.Action)
Google.VersionHandlerImpl:UpdateVersionedAssets (bool)
Google.VersionHandlerImpl:UpdateVersionedAssets ()
Google.VersionHandlerImpl:UpdateVersionedAssetsOnUpdate ()
Google.VersionHandlerImpl:<VersionHandlerImpl>m__B ()
Google.RunOnMainThread:ExecuteNext ()
Google.RunOnMainThread:<ExecuteAll>m__A ()
Google.RunOnMainThread:RunAction (System.Action)
Google.RunOnMainThread:ExecuteAll ()
Google.RunOnMainThread:Run (System.Action,bool)
Google.VersionHandlerImpl:.cctor ()
Google.VersionHandlerImpl/DotNetVersionUpdater:.cctor ()
System.Runtime.CompilerServices.RuntimeHelpers:RunClassConstructor (System.RuntimeTypeHandle)
UnityEditor.EditorAssemblies:ProcessInitializeOnLoadAttributes (System.Type[])

Assets\MobileDependencyResolver\Editor\mobile-dependency-resolver.txt metadata will be checked
UnityEngine.Debug:ExtractStackTraceNoAlloc (byte*,int,string)
UnityEngine.StackTraceUtility:ExtractStackTrace ()
UnityEngine.DebugLogHandler:Internal_Log (UnityEngine.LogType,UnityEngine.LogOption,string,UnityEngine.Object)
UnityEngine.DebugLogHandler:LogFormat (UnityEngine.LogType,UnityEngine.Object,string,object[])
UnityEngine.Logger:Log (UnityEngine.LogType,object)
UnityEngine.Debug:Log (object)
Google.Logger:Log (string,Google.LogLevel)
Google.VersionHandlerImpl:Log (string,bool,Google.LogLevel)
Google.VersionHandlerImpl/FileMetadataSet:FindWithPendingUpdates (Google.VersionHandlerImpl/FileMetadataSet)
Google.VersionHandlerImpl:UpdateVersionedAssets (bool,System.Action)
Google.VersionHandlerImpl:UpdateVersionedAssets (bool)
Google.VersionHandlerImpl:UpdateVersionedAssets ()
Google.VersionHandlerImpl:UpdateVersionedAssetsOnUpdate ()
Google.VersionHandlerImpl:<VersionHandlerImpl>m__B ()
Google.RunOnMainThread:ExecuteNext ()
Google.RunOnMainThread:<ExecuteAll>m__A ()
Google.RunOnMainThread:RunAction (System.Action)
Google.RunOnMainThread:ExecuteAll ()
Google.RunOnMainThread:Run (System.Action,bool)
Google.VersionHandlerImpl:.cctor ()
Google.VersionHandlerImpl/DotNetVersionUpdater:.cctor ()
System.Runtime.CompilerServices.RuntimeHelpers:RunClassConstructor (System.RuntimeTypeHandle)
UnityEditor.EditorAssemblies:ProcessInitializeOnLoadAttributes (System.Type[])

Detected .NET version 4.5
UnityEngine.Debug:ExtractStackTraceNoAlloc (byte*,int,string)
UnityEngine.StackTraceUtility:ExtractStackTrace ()
UnityEngine.DebugLogHandler:Internal_Log (UnityEngine.LogType,UnityEngine.LogOption,string,UnityEngine.Object)
UnityEngine.DebugLogHandler:LogFormat (UnityEngine.LogType,UnityEngine.Object,string,object[])
UnityEngine.Logger:Log (UnityEngine.LogType,object)
UnityEngine.Debug:Log (object)
Google.Logger:Log (string,Google.LogLevel)
Google.VersionHandlerImpl:Log (string,bool,Google.LogLevel)
Google.VersionHandlerImpl/DotNetVersionUpdater:.cctor ()
System.Runtime.CompilerServices.RuntimeHelpers:RunClassConstructor (System.RuntimeTypeHandle)
UnityEditor.EditorAssemblies:ProcessInitializeOnLoadAttributes (System.Type[])

ScheduleIndexationOnStartup MainProcess:True IndexOnStartup:True
Mono: successfully reloaded assembly
- Finished resetting the current domain, in  1.099 seconds
Domain Reload Profiling: 2146ms
	BeginReloadAssembly (637ms)
		DisableScriptedObjects (122ms)
		CreateAndSetChildDomain (369ms)
	RebuildCommonClasses (29ms)
	RebuildNativeTypeToScriptingClass (9ms)
	initialDomainReloadingComplete (80ms)
	LoadAllAssembliesAndSetupDomain (291ms)
		LoadAssemblies (180ms)
		AnalyzeDomain (202ms)
			TypeCache.Refresh (7ms)
			BuildScriptInfoCaches (181ms)
			ResolveRequiredComponents (12ms)
	FinalizeReload (1099ms)
		SetupLoadedEditorAssemblies (0ms)
			InitializePlatformSupportModulesInManaged (42ms)
			BeforeProcessingInitializeOnLoad (161ms)
			ProcessInitializeOnLoadAttributes (430ms)
			ProcessInitializeOnLoadMethodAttributes (186ms)
			AfterProcessingInitializeOnLoad (4ms)
		AwakeInstancesAfterBackupRestoration (27ms)
(Values over 0.050ms)
Asset Pipeline Refresh (id=6eedc66153529414cadbea332e460a8d): Total: 2.384 seconds - Initiated by StopAssetImportingV2(ForceSynchronousImport | ForceDomainReload)
	Summary:
		Imports: total=0 (actual=0, local cache=0, cache server=0)
		Asset DB Process Time: managed=0 ms, native=1208 ms
		Asset DB Callback time: managed=21 ms, native=0 ms
		Scripting: domain reloads=1, domain reload time=1152 ms, compile time=1 ms, other=0 ms
		Project Asset Count: scripts=1893, non-scripts=3513
		Asset File Changes: new=0, changed=0, moved=0, deleted=0
		Scan Filter Count: 0
	InvokePackagesCallback: 3.091ms
	ApplyChangesToAssetFolders: 0.271ms
	ProcessAssetsWithTransientArtifactChanges: 3.542ms
	CategorizeAssets: 40.657ms
	CompileScripts: 1.004ms
	ImportOutOfDateAssets: 1124.345ms (1122.779ms without children)
		CollectScriptTypesHashes: 4.704ms
		ReloadNativeAssets: 0.520ms
		UnloadImportedAssets: 0.054ms
		EnsureUptoDateAssetsAreRegisteredWithGuidPM: 0.665ms
		OnDemandSchedulerStart: 0.299ms
	PostProcessAllAssets: 21.353ms
		MonoPostProcessAllAssets: 21.349ms
			UniversalRenderPipelineGlobalSettingsPostprocessor.OnPostprocessAllAssets 8.341ms
			SyncVS.PostprocessSyncProject 2.444ms
			WindowAssetPostprocessingWatcher.OnPostprocessAllAssets 1.426ms
			SpeedTree9Postprocessor.OnPostprocessAllAssets 1.373ms
			ReferencedClipsPostProcessor.OnPostprocessAllAssets 0.260ms
			InputActionAssetPostprocessor.OnPostprocessAllAssets 0.189ms
			TerrainToolbarOverlayPostProcessor.OnPostprocessAllAssets 0.136ms
			AssetDatabaseCallbacks.OnPostprocessAllAssets 0.115ms
			ProjectSettingsPostprocessor.OnPostprocessAllAssets 0.100ms
			RenderPipelineGlobalSettingsPostprocessor.OnPostprocessAllAssets 0.060ms
	GatherAllCurrentPrimaryImportResultRevisions: 0.185ms
	UnloadStreamsBegin: 1.241ms
	PersistCurrentRevisions: 0.128ms
	GenerateScriptTypeHashes: 3.888ms
	GenerateScriptTypeSerializationHashes: 6.613ms
	Untracked: 1165.710ms

Refreshing native plugins compatible for Editor in 9.75 ms, found 7 plugins.
Loaded scene 'Temp/__Backupscenes/0.backup'
	Deserialize:            2.129 ms
	Integration:            389.788 ms
	Integration of assets:  0.002 ms
	Thread Wait Time:       0.009 ms
	Total Operation Time:   391.929 ms
Created GICache directory at C:/Users/nwave/AppData/LocalLow/Unity/Caches/GiCache. Took: 0.016s, timestamps: [10.814 - 10.830]
[MODES] ModeService[none].Initialize
[MODES] ModeService[none].LoadModes
[Licensing::Client] Successfully resolved entitlement details
[Licensing::Client] Successfully resolved entitlement details
VisualSmokeCapture: skipping camera fallback under Null graphics device.
UnityEngine.Debug:ExtractStackTraceNoAlloc (byte*,int,string)
UnityEngine.StackTraceUtility:ExtractStackTrace ()
UnityEngine.DebugLogHandler:Internal_Log (UnityEngine.LogType,UnityEngine.LogOption,string,UnityEngine.Object)
UnityEngine.DebugLogHandler:LogFormat (UnityEngine.LogType,UnityEngine.Object,string,object[])
UnityEngine.Logger:Log (UnityEngine.LogType,object)
UnityEngine.Debug:Log (object)
LoreLegacyMonsters.Editor.VisualSmokeCapture:CaptureCameraFallback (string) (at Assets/Editor/VisualSmokeCapture.cs:632)
LoreLegacyMonsters.Editor.VisualSmokeCapture:Capture (string) (at Assets/Editor/VisualSmokeCapture.cs:624)
LoreLegacyMonsters.Editor.VisualSmokeCapture:TickMainMenu () (at Assets/Editor/VisualSmokeCapture.cs:130)
UnityEditor.EditorApplication:Internal_CallUpdateFunctions ()

(Filename: Assets/Editor/VisualSmokeCapture.cs Line: 632)

VisualSmokeCapture: requested screenshot C:\LLMRPG\LoreLegacyMonsters\Artifacts/VisualSmoke\2026-05-05\00-main-menu.png
UnityEngine.Debug:ExtractStackTraceNoAlloc (byte*,int,string)
UnityEngine.StackTraceUtility:ExtractStackTrace ()
UnityEngine.DebugLogHandler:Internal_Log (UnityEngine.LogType,UnityEngine.LogOption,string,UnityEngine.Object)
UnityEngine.DebugLogHandler:LogFormat (UnityEngine.LogType,UnityEngine.Object,string,object[])
UnityEngine.Logger:Log (UnityEngine.LogType,object)
UnityEngine.Debug:Log (object)
LoreLegacyMonsters.Editor.VisualSmokeCapture:Capture (string) (at Assets/Editor/VisualSmokeCapture.cs:625)
LoreLegacyMonsters.Editor.VisualSmokeCapture:TickMainMenu () (at Assets/Editor/VisualSmokeCapture.cs:130)
UnityEditor.EditorApplication:Internal_CallUpdateFunctions ()

(Filename: Assets/Editor/VisualSmokeCapture.cs Line: 625)

[ASSERT][PASS] ui.main_menu.visible: root found
UnityEngine.Debug:ExtractStackTraceNoAlloc (byte*,int,string)
UnityEngine.StackTraceUtility:ExtractStackTrace ()
UnityEngine.DebugLogHandler:Internal_Log (UnityEngine.LogType,UnityEngine.LogOption,string,UnityEngine.Object)
UnityEngine.DebugLogHandler:LogFormat (UnityEngine.LogType,UnityEngine.Object,string,object[])
UnityEngine.Logger:Log (UnityEngine.LogType,object)
UnityEngine.Debug:Log (object)
LoreLegacyMonsters.Editor.VisualSmokeCapture:LogAssert (string,bool,string) (at Assets/Editor/VisualSmokeCapture.cs:339)
LoreLegacyMonsters.Editor.VisualSmokeCapture:AssertMainMenuVisible () (at Assets/Editor/VisualSmokeCapture.cs:354)
LoreLegacyMonsters.Editor.VisualSmokeCapture:TickMainMenu () (at Assets/Editor/VisualSmokeCapture.cs:131)
UnityEditor.EditorApplication:Internal_CallUpdateFunctions ()

(Filename: Assets/Editor/VisualSmokeCapture.cs Line: 339)

[ASSERT][PASS] ui.main_menu.controls: newGame=True, statusCard=True, menuUi=True, scene=MainMenu
UnityEngine.Debug:ExtractStackTraceNoAlloc (byte*,int,string)
UnityEngine.StackTraceUtility:ExtractStackTrace ()
UnityEngine.DebugLogHandler:Internal_Log (UnityEngine.LogType,UnityEngine.LogOption,string,UnityEngine.Object)
UnityEngine.DebugLogHandler:LogFormat (UnityEngine.LogType,UnityEngine.Object,string,object[])
UnityEngine.Logger:Log (UnityEngine.LogType,object)
UnityEngine.Debug:Log (object)
LoreLegacyMonsters.Editor.VisualSmokeCapture:LogAssert (string,bool,string) (at Assets/Editor/VisualSmokeCapture.cs:339)
LoreLegacyMonsters.Editor.VisualSmokeCapture:AssertMainMenuVisible () (at Assets/Editor/VisualSmokeCapture.cs:356)
LoreLegacyMonsters.Editor.VisualSmokeCapture:TickMainMenu () (at Assets/Editor/VisualSmokeCapture.cs:131)
UnityEditor.EditorApplication:Internal_CallUpdateFunctions ()

(Filename: Assets/Editor/VisualSmokeCapture.cs Line: 339)

[ASSERT][PASS] ui.main_menu.first_session_card: first-run card found
UnityEngine.Debug:ExtractStackTraceNoAlloc (byte*,int,string)
UnityEngine.StackTraceUtility:ExtractStackTrace ()
UnityEngine.DebugLogHandler:Internal_Log (UnityEngine.LogType,UnityEngine.LogOption,string,UnityEngine.Object)
UnityEngine.DebugLogHandler:LogFormat (UnityEngine.LogType,UnityEngine.Object,string,object[])
UnityEngine.Logger:Log (UnityEngine.LogType,object)
UnityEngine.Debug:Log (object)
LoreLegacyMonsters.Editor.VisualSmokeCapture:LogAssert (string,bool,string) (at Assets/Editor/VisualSmokeCapture.cs:339)
LoreLegacyMonsters.Editor.VisualSmokeCapture:AssertMainMenuVisible () (at Assets/Editor/VisualSmokeCapture.cs:358)
LoreLegacyMonsters.Editor.VisualSmokeCapture:TickMainMenu () (at Assets/Editor/VisualSmokeCapture.cs:131)
UnityEditor.EditorApplication:Internal_CallUpdateFunctions ()

(Filename: Assets/Editor/VisualSmokeCapture.cs Line: 339)

[ASSERT][PASS] ui.main_menu.first_session_text: 1) Enter your trainer name and start New Game.
2) Talk to Mira in town, then follow the route marker.
3) Use M for map and J for quest log whenever you lose the thread.
UnityEngine.Debug:ExtractStackTraceNoAlloc (byte*,int,string)
UnityEngine.StackTraceUtility:ExtractStackTrace ()
UnityEngine.DebugLogHandler:Internal_Log (UnityEngine.LogType,UnityEngine.LogOption,string,UnityEngine.Object)
UnityEngine.DebugLogHandler:LogFormat (UnityEngine.LogType,UnityEngine.Object,string,object[])
UnityEngine.Logger:Log (UnityEngine.LogType,object)
UnityEngine.Debug:Log (object)
LoreLegacyMonsters.Editor.VisualSmokeCapture:LogAssert (string,bool,string) (at Assets/Editor/VisualSmokeCapture.cs:339)
LoreLegacyMonsters.Editor.VisualSmokeCapture:AssertMainMenuVisible () (at Assets/Editor/VisualSmokeCapture.cs:359)
LoreLegacyMonsters.Editor.VisualSmokeCapture:TickMainMenu () (at Assets/Editor/VisualSmokeCapture.cs:131)
UnityEditor.EditorApplication:Internal_CallUpdateFunctions ()

(Filename: Assets/Editor/VisualSmokeCapture.cs Line: 339)

VisualSmokeCapture: complete (C:\LLMRPG\LoreLegacyMonsters\Artifacts/VisualSmoke\2026-05-05)
UnityEngine.Debug:ExtractStackTraceNoAlloc (byte*,int,string)
UnityEngine.StackTraceUtility:ExtractStackTrace ()
UnityEngine.DebugLogHandler:Internal_Log (UnityEngine.LogType,UnityEngine.LogOption,string,UnityEngine.Object)
UnityEngine.DebugLogHandler:LogFormat (UnityEngine.LogType,UnityEngine.Object,string,object[])
UnityEngine.Logger:Log (UnityEngine.LogType,object)
UnityEngine.Debug:Log (object)
LoreLegacyMonsters.Editor.VisualSmokeCapture:Finish (int) (at Assets/Editor/VisualSmokeCapture.cs:1025)
LoreLegacyMonsters.Editor.VisualSmokeCapture:TickMainMenu () (at Assets/Editor/VisualSmokeCapture.cs:132)
UnityEditor.EditorApplication:Internal_CallUpdateFunctions ()

(Filename: Assets/Editor/VisualSmokeCapture.cs Line: 1025)

Killing ADB server in 2.0867155 seconds.
[Physics::Module] Cleanup current backend.
[Physics::Module] Id: 0xf2b8ea05
Input System module state changed to: ShutdownInProgress.
Input Polling Thread exited.
Input System module state changed to: Shutdown.
[Licensing::IpcConnector] LicenseClient-nwave-6000.4.5-notifications channel disconnected successfully.
[Licensing::IpcConnector] LicenseClient-nwave-6000.4.5 channel disconnected successfully.
AcceleratorClientConnectionCallback - disconnected - :0
Cleanup mono
CodeReloadManager destroyed
Checking for leaked weakptr:
  Found no leaked weakptrs.
[Package Manager] Server process was shutdown
##utp:{"type":"MemoryLeaks","version":2,"phase":"Immediate","time":1777990130449,"processId":24540,"allocatedMemory":15750864,"memoryLabels":[{"Default":216080},{"Permanent":15276},{"NewDelete":66051},{"Thread":4230344},{"Manager":51557},{"VertexData":8},{"Geometry":816},{"Texture":24},{"Shader":850092},{"Material":24},{"GfxDevice":55321},{"Animation":392},{"Audio":2632},{"FreeType":8},{"FontEngine":736},{"Physics":2090},{"Physics2D":16},{"Serialization":440},{"Input":9880},{"JobScheduler":33024},{"TextLib":216},{"Mono":32},{"MonoCode":64},{"ScriptingNativeRuntime":155052},{"BaseObject":1620880},{"Resource":1184},{"Renderer":3008},{"Transform":4685},{"File":4009},{"WebCam":616},{"Culling":32},{"Terrain":11394},{"Wind":24},{"STL":40},{"String":23610},{"StaticString":6718},{"Utility":2675494},{"Curl":2559},{"PoolAlloc":2168},{"AI":80},{"TypeTree":28789},{"ScriptManager":448},{"RuntimeInitializeOnLoadManager":64},{"SpriteAtlas":120},{"GI":7792},{"Director":8320},{"CloudService":10832},{"WebRequest":808},{"VR":48050},{"SceneManager":504},{"Video":64},{"LazyScriptCache":32},{"Camera":17},{"Secure":2113},{"SerializationCache":1576},{"APIUpdating":10320},{"Subsystems":336},{"VirtualTexturing":57888},{"StaticSafetyDebugInfo":278528},{"Analytics":464},{"Hierarchy":608},{"CoreStats":13032},{"Identifiers":12960},{"Gui":128},{"EditorUtility":144622},{"VersionControl":4},{"Undo":931},{"AssetDatabase":5020764},{"EditorGi":328},{"UnityConnect":37777},{"Upm":1912},{"UpmDiagnostics":8},{"AssetCompliance":64},{"DrivenProperties":72},{"LocalIPC":211},{"ProfilerEditor":9746},{"CoreBusinessMetrics":2876},{"Windowing":456},{"Licensing":664},{"AssetReference":32},{"IPCStream":32}]}
