[Licensing::Module] Trying to connect to existing licensing client channel...
[Licensing::IpcConnector] Successfully connected to the License Client on channel: "LicenseClient-nwave" at "2026-05-02T04:41:36.169065Z"
[Licensing::Client] Error: Code 10 while verifying Licensing Client signature (process Id: 16600, path: "C:/Program Files/Unity Hub/UnityLicensingClient_V1/Unity.Licensing.Client.exe")
[Licensing::Module] Error: LicensingClient has failed validation; ignoring
[Licensing::Client] Handshaking with LicensingClient:
  Version:                 1.17.4+4293ba1
  Session Id:              657f48d0a62142979ca7324a07ca9d84
  Correlation Id:          fab13649f50c5e3b0b28d6cedd0eefce
  External correlation Id: 368236457324330867
  Machine Id:              /CIpopPksGM8b2yzT8FVLTRdRDA=
[Licensing::Module] Successfully connected to LicensingClient on channel: "LicenseClient-nwave" (connect: 0.00s, validation: 0.01s, handshake: 0.06s)
[Licensing::IpcConnector] Successfully connected to the License Notification on channel: "LicenseClient-nwave-notifications" at "2026-05-02T04:41:36.2405159Z"
[Licensing::Module] Error: Access token is unavailable; failed to update
[Licensing::Client] Successfully updated license
Built from '6000.0/staging' branch; Version is '6000.0.41f1 (46e447368a18) revision 4645959'; Using compiler version '193933523'; Build Type 'Release'
OS: 'Windows 11  (10.0.26200) 64bit Core' Language: 'en' Physical Memory: 32414 MB
[Licensing::Client] Successfully resolved entitlement details
[Licensing::Module] Serial number assigned to: "20067242488518-UnityPersXXXX"
BatchMode: 1, IsHumanControllingUs: 0, StartBugReporterOnCrash: 0, Is64bit: 1, IsPro: 0
[Licensing::Client] Successfully resolved entitlement details

COMMAND LINE ARGUMENTS:
C:\Program Files\Unity\Hub\Editor\6000.0.41f1\Editor\Unity.exe
-batchmode
-projectPath
C:\LLMRPG\LoreLegacyMonsters
-executeMethod
LoreLegacyMonsters.Editor.VisualSmokeCapture.CaptureOverworldTourBatch
-logFile
Artifacts\VisualSmoke\unity-phase2-overworld-tour.log
Successfully changed project path to: C:\LLMRPG\LoreLegacyMonsters
C:/LLMRPG/LoreLegacyMonsters
[UnityMemory] Configuration Parameters - Can be set up in boot.config
    "memorysetup-bucket-allocator-granularity=16"
    "memorysetup-bucket-allocator-bucket-count=8"
    "memorysetup-bucket-allocator-block-size=33554432"
    "memorysetup-bucket-allocator-block-count=8"
    "memorysetup-main-allocator-block-size=16777216"
    "memorysetup-thread-allocator-block-size=16777216"
    "memorysetup-gfx-main-allocator-block-size=16777216"
    "memorysetup-gfx-thread-allocator-block-size=16777216"
    "memorysetup-cache-allocator-block-size=4194304"
    "memorysetup-typetree-allocator-block-size=2097152"
    "memorysetup-profiler-bucket-allocator-granularity=16"
    "memorysetup-profiler-bucket-allocator-bucket-count=8"
    "memorysetup-profiler-bucket-allocator-block-size=33554432"
    "memorysetup-profiler-bucket-allocator-block-count=8"
    "memorysetup-profiler-allocator-block-size=16777216"
    "memorysetup-profiler-editor-allocator-block-size=1048576"
    "memorysetup-temp-allocator-size-main=16777216"
    "memorysetup-job-temp-allocator-block-size=2097152"
    "memorysetup-job-temp-allocator-block-size-background=1048576"
    "memorysetup-job-temp-allocator-reduction-small-platforms=262144"
    "memorysetup-allocator-temp-initial-block-size-main=262144"
    "memorysetup-allocator-temp-initial-block-size-worker=262144"
    "memorysetup-temp-allocator-size-background-worker=32768"
    "memorysetup-temp-allocator-size-job-worker=262144"
    "memorysetup-temp-allocator-size-preload-manager=33554432"
    "memorysetup-temp-allocator-size-nav-mesh-worker=65536"
    "memorysetup-temp-allocator-size-audio-worker=65536"
    "memorysetup-temp-allocator-size-cloud-worker=32768"
    "memorysetup-temp-allocator-size-gi-baking-worker=262144"
    "memorysetup-temp-allocator-size-gi-baking-worker=262144"
    "memorysetup-temp-allocator-size-gi-baking-worker=262144"
    "memorysetup-temp-allocator-size-gi-baking-worker=262144"
    "memorysetup-temp-allocator-size-gi-baking-worker=262144"
    "memorysetup-temp-allocator-size-gfx=262144"
Player connection [19504]  Target information:

Player connection [19504]  * "[IP] 192.168.1.228 [Port] 55504 [Flags] 2 [Guid] 3435878734 [EditorId] 3435878734 [Version] 1048832 [Id] WindowsEditor(7,NatesRazer) [Debug] 1 [PackageName] WindowsEditor [ProjectName] Editor" 

Player connection [19504] Host joined multi-casting on [225.0.0.222:54997]...
Player connection [19504] Host joined alternative multi-casting on [225.0.0.222:34997]...
Input System module state changed to: Initialized.
[Physics::Module] Initialized fallback backend.
[Physics::Module] Id: 0xdecafbad
[Package Manager] Connected to IPC stream "Upm-2980" after 0.3 seconds.
Library Redirect Path: Library/
[Package Manager] Restoring resolved packages state from cache
[Licensing::Client] Successfully resolved entitlement details
[Package Manager] Registered 72 packages:
  Packages from [https://packages.unity.com]:
    com.unity.2d.animation@10.1.4 (location: C:\LLMRPG\LoreLegacyMonsters\Library\PackageCache\com.unity.2d.animation@494a3b4e73a9)
    com.unity.2d.pixel-perfect@5.0.3 (location: C:\LLMRPG\LoreLegacyMonsters\Library\PackageCache\com.unity.2d.pixel-perfect@e3ae982b672d)
    com.unity.2d.psdimporter@9.0.3 (location: C:\LLMRPG\LoreLegacyMonsters\Library\PackageCache\com.unity.2d.psdimporter@676bae148e11)
    com.unity.2d.spriteshape@10.0.7 (location: C:\LLMRPG\LoreLegacyMonsters\Library\PackageCache\com.unity.2d.spriteshape@9e35352ae135)
    com.unity.2d.tilemap.extras@4.1.0 (location: C:\LLMRPG\LoreLegacyMonsters\Library\PackageCache\com.unity.2d.tilemap.extras@13634da7dbe0)
    com.unity.ads@4.12.0 (location: C:\LLMRPG\LoreLegacyMonsters\Library\PackageCache\com.unity.ads@3bb3d269d51b)
    com.unity.ai.navigation@2.0.6 (location: C:\LLMRPG\LoreLegacyMonsters\Library\PackageCache\com.unity.ai.navigation@c74b2724ed42)
    com.unity.analytics@3.8.1 (location: C:\LLMRPG\LoreLegacyMonsters\Library\PackageCache\com.unity.analytics@6cc66d58ac08)
    com.unity.collab-proxy@2.7.1 (location: C:\LLMRPG\LoreLegacyMonsters\Library\PackageCache\com.unity.collab-proxy@50ac96531b63)
    com.unity.ide.rider@3.0.34 (location: C:\LLMRPG\LoreLegacyMonsters\Library\PackageCache\com.unity.ide.rider@ecbf706690e5)
    com.unity.ide.visualstudio@2.0.22 (location: C:\LLMRPG\LoreLegacyMonsters\Library\PackageCache\com.unity.ide.visualstudio@8140e851d83e)
    com.unity.inputsystem@1.13.1 (location: C:\LLMRPG\LoreLegacyMonsters\Library\PackageCache\com.unity.inputsystem@e2c83221d2dc)
    com.unity.purchasing@4.12.2 (location: C:\LLMRPG\LoreLegacyMonsters\Library\PackageCache\com.unity.purchasing@649c6c7b3b1b)
    com.unity.test-framework@1.4.6 (location: C:\LLMRPG\LoreLegacyMonsters\Library\PackageCache\com.unity.test-framework@5ac417e07314)
    com.unity.timeline@1.8.8 (location: C:\LLMRPG\LoreLegacyMonsters\Library\PackageCache\com.unity.timeline@fa3a0bab2b90)
    com.unity.visualscripting@1.9.6 (location: C:\LLMRPG\LoreLegacyMonsters\Library\PackageCache\com.unity.visualscripting@7dcdc439b230)
    com.unity.xr.legacyinputhelpers@2.1.12 (location: C:\LLMRPG\LoreLegacyMonsters\Library\PackageCache\com.unity.xr.legacyinputhelpers@b7579e86f3b4)
    com.unity.ext.nunit@2.0.5 (location: C:\LLMRPG\LoreLegacyMonsters\Library\PackageCache\com.unity.ext.nunit@60ef35ffd3cd)
    com.unity.services.core@1.14.0 (location: C:\LLMRPG\LoreLegacyMonsters\Library\PackageCache\com.unity.services.core@9e81a5e38245)
    com.unity.services.analytics@6.0.1 (location: C:\LLMRPG\LoreLegacyMonsters\Library\PackageCache\com.unity.services.analytics@f7e249983920)
    com.unity.2d.common@9.0.7 (location: C:\LLMRPG\LoreLegacyMonsters\Library\PackageCache\com.unity.2d.common@bb1fc9b3d81b)
    com.unity.mathematics@1.3.2 (location: C:\LLMRPG\LoreLegacyMonsters\Library\PackageCache\com.unity.mathematics@8017b507cc74)
    com.unity.collections@2.5.1 (location: C:\LLMRPG\LoreLegacyMonsters\Library\PackageCache\com.unity.collections@56bff8827a7e)
    com.unity.searcher@4.9.3 (location: C:\LLMRPG\LoreLegacyMonsters\Library\PackageCache\com.unity.searcher@1e17ce91558d)
    com.unity.burst@1.8.19 (location: C:\LLMRPG\LoreLegacyMonsters\Library\PackageCache\com.unity.burst@7a907cf5a459)
    com.unity.nuget.newtonsoft-json@3.2.1 (location: C:\LLMRPG\LoreLegacyMonsters\Library\PackageCache\com.unity.nuget.newtonsoft-json@74deb55db2a0)
    com.unity.nuget.mono-cecil@1.11.4 (location: C:\LLMRPG\LoreLegacyMonsters\Library\PackageCache\com.unity.nuget.mono-cecil@d6f9955a5d5f)
    com.unity.test-framework.performance@3.0.3 (location: C:\LLMRPG\LoreLegacyMonsters\Library\PackageCache\com.unity.test-framework.performance@fb0dc592af8b)
  Built-in packages:
    com.unity.2d.sprite@1.0.0 (location: C:\LLMRPG\LoreLegacyMonsters\Library\PackageCache\com.unity.2d.sprite@072d7bd355e5)
    com.unity.2d.tilemap@1.0.0 (location: C:\LLMRPG\LoreLegacyMonsters\Library\PackageCache\com.unity.2d.tilemap@91afae292a4e)
    com.unity.multiplayer.center@1.0.0 (location: C:\LLMRPG\LoreLegacyMonsters\Library\PackageCache\com.unity.multiplayer.center@f3fb577b3546)
    com.unity.render-pipelines.universal@17.0.4 (location: C:\LLMRPG\LoreLegacyMonsters\Library\PackageCache\com.unity.render-pipelines.universal@506b3deb0041)
    com.unity.textmeshpro@5.0.0 (location: C:\LLMRPG\LoreLegacyMonsters\Library\PackageCache\com.unity.textmeshpro@53f43edfd2e0)
    com.unity.ugui@2.0.0 (location: C:\LLMRPG\LoreLegacyMonsters\Library\PackageCache\com.unity.ugui@22ebcc83720a)
    com.unity.modules.accessibility@1.0.0 (location: C:\Program Files\Unity\Hub\Editor\6000.0.41f1\Editor\Data\Resources\PackageManager\BuiltInPackages\com.unity.modules.accessibility)
    com.unity.modules.ai@1.0.0 (location: C:\Program Files\Unity\Hub\Editor\6000.0.41f1\Editor\Data\Resources\PackageManager\BuiltInPackages\com.unity.modules.ai)
    com.unity.modules.androidjni@1.0.0 (location: C:\Program Files\Unity\Hub\Editor\6000.0.41f1\Editor\Data\Resources\PackageManager\BuiltInPackages\com.unity.modules.androidjni)
    com.unity.modules.animation@1.0.0 (location: C:\Program Files\Unity\Hub\Editor\6000.0.41f1\Editor\Data\Resources\PackageManager\BuiltInPackages\com.unity.modules.animation)
    com.unity.modules.assetbundle@1.0.0 (location: C:\Program Files\Unity\Hub\Editor\6000.0.41f1\Editor\Data\Resources\PackageManager\BuiltInPackages\com.unity.modules.assetbundle)
    com.unity.modules.audio@1.0.0 (location: C:\Program Files\Unity\Hub\Editor\6000.0.41f1\Editor\Data\Resources\PackageManager\BuiltInPackages\com.unity.modules.audio)
    com.unity.modules.cloth@1.0.0 (location: C:\Program Files\Unity\Hub\Editor\6000.0.41f1\Editor\Data\Resources\PackageManager\BuiltInPackages\com.unity.modules.cloth)
    com.unity.modules.director@1.0.0 (location: C:\Program Files\Unity\Hub\Editor\6000.0.41f1\Editor\Data\Resources\PackageManager\BuiltInPackages\com.unity.modules.director)
    com.unity.modules.imageconversion@1.0.0 (location: C:\Program Files\Unity\Hub\Editor\6000.0.41f1\Editor\Data\Resources\PackageManager\BuiltInPackages\com.unity.modules.imageconversion)
    com.unity.modules.imgui@1.0.0 (location: C:\Program Files\Unity\Hub\Editor\6000.0.41f1\Editor\Data\Resources\PackageManager\BuiltInPackages\com.unity.modules.imgui)
    com.unity.modules.jsonserialize@1.0.0 (location: C:\Program Files\Unity\Hub\Editor\6000.0.41f1\Editor\Data\Resources\PackageManager\BuiltInPackages\com.unity.modules.jsonserialize)
    com.unity.modules.particlesystem@1.0.0 (location: C:\Program Files\Unity\Hub\Editor\6000.0.41f1\Editor\Data\Resources\PackageManager\BuiltInPackages\com.unity.modules.particlesystem)
    com.unity.modules.physics@1.0.0 (location: C:\Program Files\Unity\Hub\Editor\6000.0.41f1\Editor\Data\Resources\PackageManager\BuiltInPackages\com.unity.modules.physics)
    com.unity.modules.physics2d@1.0.0 (location: C:\Program Files\Unity\Hub\Editor\6000.0.41f1\Editor\Data\Resources\PackageManager\BuiltInPackages\com.unity.modules.physics2d)
    com.unity.modules.screencapture@1.0.0 (location: C:\Program Files\Unity\Hub\Editor\6000.0.41f1\Editor\Data\Resources\PackageManager\BuiltInPackages\com.unity.modules.screencapture)
    com.unity.modules.terrain@1.0.0 (location: C:\Program Files\Unity\Hub\Editor\6000.0.41f1\Editor\Data\Resources\PackageManager\BuiltInPackages\com.unity.modules.terrain)
    com.unity.modules.terrainphysics@1.0.0 (location: C:\Program Files\Unity\Hub\Editor\6000.0.41f1\Editor\Data\Resources\PackageManager\BuiltInPackages\com.unity.modules.terrainphysics)
    com.unity.modules.tilemap@1.0.0 (location: C:\Program Files\Unity\Hub\Editor\6000.0.41f1\Editor\Data\Resources\PackageManager\BuiltInPackages\com.unity.modules.tilemap)
    com.unity.modules.ui@1.0.0 (location: C:\Program Files\Unity\Hub\Editor\6000.0.41f1\Editor\Data\Resources\PackageManager\BuiltInPackages\com.unity.modules.ui)
    com.unity.modules.uielements@1.0.0 (location: C:\Program Files\Unity\Hub\Editor\6000.0.41f1\Editor\Data\Resources\PackageManager\BuiltInPackages\com.unity.modules.uielements)
    com.unity.modules.umbra@1.0.0 (location: C:\Program Files\Unity\Hub\Editor\6000.0.41f1\Editor\Data\Resources\PackageManager\BuiltInPackages\com.unity.modules.umbra)
    com.unity.modules.unityanalytics@1.0.0 (location: C:\Program Files\Unity\Hub\Editor\6000.0.41f1\Editor\Data\Resources\PackageManager\BuiltInPackages\com.unity.modules.unityanalytics)
    com.unity.modules.unitywebrequest@1.0.0 (location: C:\Program Files\Unity\Hub\Editor\6000.0.41f1\Editor\Data\Resources\PackageManager\BuiltInPackages\com.unity.modules.unitywebrequest)
    com.unity.modules.unitywebrequestassetbundle@1.0.0 (location: C:\Program Files\Unity\Hub\Editor\6000.0.41f1\Editor\Data\Resources\PackageManager\BuiltInPackages\com.unity.modules.unitywebrequestassetbundle)
    com.unity.modules.unitywebrequestaudio@1.0.0 (location: C:\Program Files\Unity\Hub\Editor\6000.0.41f1\Editor\Data\Resources\PackageManager\BuiltInPackages\com.unity.modules.unitywebrequestaudio)
    com.unity.modules.unitywebrequesttexture@1.0.0 (location: C:\Program Files\Unity\Hub\Editor\6000.0.41f1\Editor\Data\Resources\PackageManager\BuiltInPackages\com.unity.modules.unitywebrequesttexture)
    com.unity.modules.unitywebrequestwww@1.0.0 (location: C:\Program Files\Unity\Hub\Editor\6000.0.41f1\Editor\Data\Resources\PackageManager\BuiltInPackages\com.unity.modules.unitywebrequestwww)
    com.unity.modules.vehicles@1.0.0 (location: C:\Program Files\Unity\Hub\Editor\6000.0.41f1\Editor\Data\Resources\PackageManager\BuiltInPackages\com.unity.modules.vehicles)
    com.unity.modules.video@1.0.0 (location: C:\Program Files\Unity\Hub\Editor\6000.0.41f1\Editor\Data\Resources\PackageManager\BuiltInPackages\com.unity.modules.video)
    com.unity.modules.vr@1.0.0 (location: C:\Program Files\Unity\Hub\Editor\6000.0.41f1\Editor\Data\Resources\PackageManager\BuiltInPackages\com.unity.modules.vr)
    com.unity.modules.wind@1.0.0 (location: C:\Program Files\Unity\Hub\Editor\6000.0.41f1\Editor\Data\Resources\PackageManager\BuiltInPackages\com.unity.modules.wind)
    com.unity.modules.xr@1.0.0 (location: C:\Program Files\Unity\Hub\Editor\6000.0.41f1\Editor\Data\Resources\PackageManager\BuiltInPackages\com.unity.modules.xr)
    com.unity.modules.subsystems@1.0.0 (location: C:\Program Files\Unity\Hub\Editor\6000.0.41f1\Editor\Data\Resources\PackageManager\BuiltInPackages\com.unity.modules.subsystems)
    com.unity.modules.hierarchycore@1.0.0 (location: C:\Program Files\Unity\Hub\Editor\6000.0.41f1\Editor\Data\Resources\PackageManager\BuiltInPackages\com.unity.modules.hierarchycore)
    com.unity.render-pipelines.core@17.0.4 (location: C:\LLMRPG\LoreLegacyMonsters\Library\PackageCache\com.unity.render-pipelines.core@e13fb214c240)
    com.unity.shadergraph@17.0.4 (location: C:\LLMRPG\LoreLegacyMonsters\Library\PackageCache\com.unity.shadergraph@cdef3258c742)
    com.unity.render-pipelines.universal-config@17.0.3 (location: C:\LLMRPG\LoreLegacyMonsters\Library\PackageCache\com.unity.render-pipelines.universal-config@fa63c96d3e1a)
    com.unity.rendering.light-transport@1.0.1 (location: C:\LLMRPG\LoreLegacyMonsters\Library\PackageCache\com.unity.rendering.light-transport@307bc27a498f)
[Package Manager] com.unity.textmeshpro is deprecated: This package is no longer supported. TextMeshPro functionalities are now included in the com.unity.ugui package. To continue using them, consider adding it to your project dependencies.
[Physics::Module] Selected backend.
[Physics::Module] Name: PhysX
[Physics::Module] Id: 0xf2b8ea05
[Physics::Module] SDK Version: 4.1.2
[Physics::Module] Integration Version: 1.0.0
[Physics::Module] Threading Mode: Multi-Threaded
[Subsystems] No new subsystems found in resolved package list.
Package Manager log level set to [2]
[Package Manager] Done registering packages in 0.59 seconds
Refreshing native plugins compatible for Editor in 8.28 ms, found 4 plugins.
Preloading 0 native plugins for Editor in 0.00 ms.
Initialize engine version: 6000.0.41f1 (46e447368a18)
[Subsystems] Discovering subsystems at path C:/Program Files/Unity/Hub/Editor/6000.0.41f1/Editor/Data/Resources/UnitySubsystems
[Subsystems] Discovering subsystems at path C:/LLMRPG/LoreLegacyMonsters/Assets
GfxDevice: creating device client; kGfxThreadingModeNonThreaded
Direct3D:
    Version:  Direct3D 11.0 [level 11.1]
    Renderer: NVIDIA GeForce RTX 4080 Laptop GPU (ID=0x27e0)
    Vendor:   NVIDIA
    VRAM:     11995 MB
    Driver:   32.0.15.9636
[Licensing::Client] Successfully resolved entitlement details
Initialize mono
Mono path[0] = 'C:/Program Files/Unity/Hub/Editor/6000.0.41f1/Editor/Data/Managed'
Mono path[1] = 'C:/Program Files/Unity/Hub/Editor/6000.0.41f1/Editor/Data/MonoBleedingEdge/lib/mono/unityjit-win32'
Mono config path = 'C:/Program Files/Unity/Hub/Editor/6000.0.41f1/Editor/Data/MonoBleedingEdge/etc'
Using monoOptions --debugger-agent=transport=dt_socket,embedding=1,server=y,suspend=n,address=127.0.0.1:56980
Using cacheserver namespaces - metadata:defaultmetadata, artifacts:defaultartifacts
Using cacheserver namespaces - metadata:defaultmetadata, artifacts:defaultartifacts
ImportWorker Server TCP listen port: 0
AcceleratorClientConnectionCallback - disconnected - :0
Begin MonoManager ReloadAssembly
Registering precompiled unity dll's ...
Register platform support module: C:/Program Files/Unity/Hub/Editor/6000.0.41f1/Editor/Data/PlaybackEngines/WindowsStandaloneSupport/UnityEditor.WindowsStandalone.Extensions.dll
Registered in 0.002930 seconds.
- Loaded All Assemblies, in  0.330 seconds
Native extension for WindowsStandalone target not found
Mono: successfully reloaded assembly
- Finished resetting the current domain, in  0.272 seconds
Domain Reload Profiling: 600ms
	BeginReloadAssembly (117ms)
		ExecutionOrderSort (0ms)
		DisableScriptedObjects (0ms)
		BackupInstance (0ms)
		ReleaseScriptingObjects (0ms)
		CreateAndSetChildDomain (1ms)
	RebuildCommonClasses (31ms)
	RebuildNativeTypeToScriptingClass (11ms)
	initialDomainReloadingComplete (43ms)
	LoadAllAssembliesAndSetupDomain (126ms)
		LoadAssemblies (114ms)
		RebuildTransferFunctionScriptingTraits (0ms)
		AnalyzeDomain (124ms)
			TypeCache.Refresh (122ms)
				TypeCache.ScanAssembly (111ms)
			BuildScriptInfoCaches (0ms)
			ResolveRequiredComponents (0ms)
	FinalizeReload (273ms)
		ReleaseScriptCaches (0ms)
		RebuildScriptCaches (0ms)
		SetupLoadedEditorAssemblies (244ms)
			LogAssemblyErrors (0ms)
			InitializePlatformSupportModulesInManaged (18ms)
			SetLoadedEditorAssemblies (4ms)
			BeforeProcessingInitializeOnLoad (46ms)
			ProcessInitializeOnLoadAttributes (129ms)
			ProcessInitializeOnLoadMethodAttributes (48ms)
			AfterProcessingInitializeOnLoad (0ms)
			EditorAssembliesLoaded (0ms)
		ExecutionOrderSort2 (0ms)
		AwakeInstancesAfterBackupRestoration (0ms)
[Licensing::Client] Successfully resolved entitlement details
Application.AssetDatabase Initial Refresh Start
[ScriptCompilation] Requested script compilation because: Assetdatabase observed changes in script compilation related files
Starting: C:\Program Files\Unity\Hub\Editor\6000.0.41f1\Editor\Data\bee_backend.exe --dont-print-to-structured-log --ipc --defer-dag-verification --dagfile="Library/Bee/1900b0aE.dag" --continue-on-failure --profile="Library/Bee/backend1.traceevents" ScriptAssemblies
WorkingDir: C:/LLMRPG/LoreLegacyMonsters
DisplayProgressbar: Compiling Scripts
ExitCode: 0 Duration: 1s755ms
[1074/1426  0s] ILPP-Configuration Library/ilpp-configuration.nevergeneratedoutput
[1414/1426  1s] Csc Library/Bee/artifacts/1900b0aE.dag/LoreLegacyMonsters.dll (+2 others)
[1417/1426  0s] ILPostProcess Library/Bee/artifacts/1900b0aE.dag/post-processed/LoreLegacyMonsters.dll (+pdb)
Processing assembly Library/Bee/artifacts/1900b0aE.dag/LoreLegacyMonsters.dll, with 128 defines and 261 references

processors: Unity.Jobs.CodeGen.JobsILPostProcessor, zzzUnity.Burst.CodeGen.BurstILPostProcessor

running Unity.Jobs.CodeGen.JobsILPostProcessor

running zzzUnity.Burst.CodeGen.BurstILPostProcessor
[1418/1426  0s] ILPostProcess Library/Bee/artifacts/1900b0aE.dag/post-processed/LoreLegacyMonsters.Editor.dll (+pdb)
Processing assembly Library/Bee/artifacts/1900b0aE.dag/LoreLegacyMonsters.Editor.dll, with 126 defines and 269 references

processors: Unity.Jobs.CodeGen.JobsILPostProcessor, zzzUnity.Burst.CodeGen.BurstILPostProcessor

running Unity.Jobs.CodeGen.JobsILPostProcessor

running zzzUnity.Burst.CodeGen.BurstILPostProcessor
[1419/1426  0s] ILPostProcess Library/Bee/artifacts/1900b0aE.dag/post-processed/LoreLegacyMonsters.Tests.dll (+pdb)
Processing assembly Library/Bee/artifacts/1900b0aE.dag/LoreLegacyMonsters.Tests.dll, with 128 defines and 244 references

processors: Unity.Jobs.CodeGen.JobsILPostProcessor, zzzUnity.Burst.CodeGen.BurstILPostProcessor

running Unity.Jobs.CodeGen.JobsILPostProcessor

running zzzUnity.Burst.CodeGen.BurstILPostProcessor
[1422/1426  0s] CopyFiles Library/ScriptAssemblies/LoreLegacyMonsters.pdb
[1423/1426  0s] CopyFiles Library/ScriptAssemblies/LoreLegacyMonsters.dll
*** Tundra build success (1.69 seconds), 7 items updated, 1426 evaluated
AssetDatabase: script compilation time: 2.347568s
Begin MonoManager ReloadAssembly
- Loaded All Assemblies, in  0.943 seconds
'Assets/Scripts/InventoryManager.cs' contains partial class of Unity.Object, exactly 1 of the partial classes needs to be in a file with the same filename. This is to know the one that can be referenced from ie. GameObjects
'Assets/Scripts/InventorySystem.cs' contains partial class of Unity.Object, exactly 1 of the partial classes needs to be in a file with the same filename. This is to know the one that can be referenced from ie. GameObjects
'Assets/Scripts/Inventory/InventorySystem.cs' contains partial class of Unity.Object, exactly 1 of the partial classes needs to be in a file with the same filename. This is to know the one that can be referenced from ie. GameObjects
'Assets/Scripts/World/WeatherSystem.cs' contains partial class of Unity.Object, exactly 1 of the partial classes needs to be in a file with the same filename. This is to know the one that can be referenced from ie. GameObjects
'Assets/Scripts/Inventory/InventoryManager.cs' contains partial class of Unity.Object, exactly 1 of the partial classes needs to be in a file with the same filename. This is to know the one that can be referenced from ie. GameObjects
'Assets/Scripts/WeatherSystem.cs' contains partial class of Unity.Object, exactly 1 of the partial classes needs to be in a file with the same filename. This is to know the one that can be referenced from ie. GameObjects
'Assets/Scripts/Quests/QuestManager.cs' contains partial class of Unity.Object, exactly 1 of the partial classes needs to be in a file with the same filename. This is to know the one that can be referenced from ie. GameObjects
'Assets/Scripts/Quest/QuestManager.cs' contains partial class of Unity.Object, exactly 1 of the partial classes needs to be in a file with the same filename. This is to know the one that can be referenced from ie. GameObjects
Refreshing native plugins compatible for Editor in 9.66 ms, found 4 plugins.
Native extension for WindowsStandalone target not found
Refreshing native plugins compatible for Editor in 8.31 ms, found 4 plugins.
Loaded VersionHandlerImpl
UnityEngine.Debug:ExtractStackTraceNoAlloc (byte*,int,string)
UnityEngine.StackTraceUtility:ExtractStackTrace ()
UnityEngine.DebugLogHandler:Internal_Log (UnityEngine.LogType,UnityEngine.LogOption,string,UnityEngine.Object)
UnityEngine.DebugLogHandler:LogFormat (UnityEngine.LogType,UnityEngine.Object,string,object[])
UnityEngine.Logger:Log (UnityEngine.LogType,object)
UnityEngine.Debug:Log (object)
Google.Logger:Log (string,Google.LogLevel)
Google.VersionHandlerImpl:Log (string,bool,Google.LogLevel)
Google.VersionHandlerImpl:.cctor ()
Google.VersionHandlerImpl/DotNetVersionUpdater:.cctor ()
System.Runtime.CompilerServices.RuntimeHelpers:RunClassConstructor (System.RuntimeTypeHandle)
UnityEditor.EditorAssemblies:ProcessInitializeOnLoadAttributes (System.Type[])

Assets\MobileDependencyResolver\Editor\Google.IOSResolver.dll metadata will be checked
UnityEngine.Debug:ExtractStackTraceNoAlloc (byte*,int,string)
UnityEngine.StackTraceUtility:ExtractStackTrace ()
UnityEngine.DebugLogHandler:Internal_Log (UnityEngine.LogType,UnityEngine.LogOption,string,UnityEngine.Object)
UnityEngine.DebugLogHandler:LogFormat (UnityEngine.LogType,UnityEngine.Object,string,object[])
UnityEngine.Logger:Log (UnityEngine.LogType,object)
UnityEngine.Debug:Log (object)
Google.Logger:Log (string,Google.LogLevel)
Google.VersionHandlerImpl:Log (string,bool,Google.LogLevel)
Google.VersionHandlerImpl/FileMetadataSet:FindWithPendingUpdates (Google.VersionHandlerImpl/FileMetadataSet)
Google.VersionHandlerImpl:UpdateVersionedAssets (bool,System.Action)
Google.VersionHandlerImpl:UpdateVersionedAssets (bool)
Google.VersionHandlerImpl:UpdateVersionedAssets ()
Google.VersionHandlerImpl:UpdateVersionedAssetsOnUpdate ()
Google.VersionHandlerImpl:<VersionHandlerImpl>m__B ()
Google.RunOnMainThread:ExecuteNext ()
Google.RunOnMainThread:<ExecuteAll>m__A ()
Google.RunOnMainThread:RunAction (System.Action)
Google.RunOnMainThread:ExecuteAll ()
Google.RunOnMainThread:Run (System.Action,bool)
Google.VersionHandlerImpl:.cctor ()
Google.VersionHandlerImpl/DotNetVersionUpdater:.cctor ()
System.Runtime.CompilerServices.RuntimeHelpers:RunClassConstructor (System.RuntimeTypeHandle)
UnityEditor.EditorAssemblies:ProcessInitializeOnLoadAttributes (System.Type[])

Assets\MobileDependencyResolver\Editor\Google.JarResolver.dll metadata will be checked
UnityEngine.Debug:ExtractStackTraceNoAlloc (byte*,int,string)
UnityEngine.StackTraceUtility:ExtractStackTrace ()
UnityEngine.DebugLogHandler:Internal_Log (UnityEngine.LogType,UnityEngine.LogOption,string,UnityEngine.Object)
UnityEngine.DebugLogHandler:LogFormat (UnityEngine.LogType,UnityEngine.Object,string,object[])
UnityEngine.Logger:Log (UnityEngine.LogType,object)
UnityEngine.Debug:Log (object)
Google.Logger:Log (string,Google.LogLevel)
Google.VersionHandlerImpl:Log (string,bool,Google.LogLevel)
Google.VersionHandlerImpl/FileMetadataSet:FindWithPendingUpdates (Google.VersionHandlerImpl/FileMetadataSet)
Google.VersionHandlerImpl:UpdateVersionedAssets (bool,System.Action)
Google.VersionHandlerImpl:UpdateVersionedAssets (bool)
Google.VersionHandlerImpl:UpdateVersionedAssets ()
Google.VersionHandlerImpl:UpdateVersionedAssetsOnUpdate ()
Google.VersionHandlerImpl:<VersionHandlerImpl>m__B ()
Google.RunOnMainThread:ExecuteNext ()
Google.RunOnMainThread:<ExecuteAll>m__A ()
Google.RunOnMainThread:RunAction (System.Action)
Google.RunOnMainThread:ExecuteAll ()
Google.RunOnMainThread:Run (System.Action,bool)
Google.VersionHandlerImpl:.cctor ()
Google.VersionHandlerImpl/DotNetVersionUpdater:.cctor ()
System.Runtime.CompilerServices.RuntimeHelpers:RunClassConstructor (System.RuntimeTypeHandle)
UnityEditor.EditorAssemblies:ProcessInitializeOnLoadAttributes (System.Type[])

Assets\MobileDependencyResolver\Editor\Google.VersionHandler.dll metadata will be checked
UnityEngine.Debug:ExtractStackTraceNoAlloc (byte*,int,string)
UnityEngine.StackTraceUtility:ExtractStackTrace ()
UnityEngine.DebugLogHandler:Internal_Log (UnityEngine.LogType,UnityEngine.LogOption,string,UnityEngine.Object)
UnityEngine.DebugLogHandler:LogFormat (UnityEngine.LogType,UnityEngine.Object,string,object[])
UnityEngine.Logger:Log (UnityEngine.LogType,object)
UnityEngine.Debug:Log (object)
Google.Logger:Log (string,Google.LogLevel)
Google.VersionHandlerImpl:Log (string,bool,Google.LogLevel)
Google.VersionHandlerImpl/FileMetadataSet:FindWithPendingUpdates (Google.VersionHandlerImpl/FileMetadataSet)
Google.VersionHandlerImpl:UpdateVersionedAssets (bool,System.Action)
Google.VersionHandlerImpl:UpdateVersionedAssets (bool)
Google.VersionHandlerImpl:UpdateVersionedAssets ()
Google.VersionHandlerImpl:UpdateVersionedAssetsOnUpdate ()
Google.VersionHandlerImpl:<VersionHandlerImpl>m__B ()
Google.RunOnMainThread:ExecuteNext ()
Google.RunOnMainThread:<ExecuteAll>m__A ()
Google.RunOnMainThread:RunAction (System.Action)
Google.RunOnMainThread:ExecuteAll ()
Google.RunOnMainThread:Run (System.Action,bool)
Google.VersionHandlerImpl:.cctor ()
Google.VersionHandlerImpl/DotNetVersionUpdater:.cctor ()
System.Runtime.CompilerServices.RuntimeHelpers:RunClassConstructor (System.RuntimeTypeHandle)
UnityEditor.EditorAssemblies:ProcessInitializeOnLoadAttributes (System.Type[])

Assets\MobileDependencyResolver\Editor\Google.VersionHandlerImpl.dll metadata will be checked
UnityEngine.Debug:ExtractStackTraceNoAlloc (byte*,int,string)
UnityEngine.StackTraceUtility:ExtractStackTrace ()
UnityEngine.DebugLogHandler:Internal_Log (UnityEngine.LogType,UnityEngine.LogOption,string,UnityEngine.Object)
UnityEngine.DebugLogHandler:LogFormat (UnityEngine.LogType,UnityEngine.Object,string,object[])
UnityEngine.Logger:Log (UnityEngine.LogType,object)
UnityEngine.Debug:Log (object)
Google.Logger:Log (string,Google.LogLevel)
Google.VersionHandlerImpl:Log (string,bool,Google.LogLevel)
Google.VersionHandlerImpl/FileMetadataSet:FindWithPendingUpdates (Google.VersionHandlerImpl/FileMetadataSet)
Google.VersionHandlerImpl:UpdateVersionedAssets (bool,System.Action)
Google.VersionHandlerImpl:UpdateVersionedAssets (bool)
Google.VersionHandlerImpl:UpdateVersionedAssets ()
Google.VersionHandlerImpl:UpdateVersionedAssetsOnUpdate ()
Google.VersionHandlerImpl:<VersionHandlerImpl>m__B ()
Google.RunOnMainThread:ExecuteNext ()
Google.RunOnMainThread:<ExecuteAll>m__A ()
Google.RunOnMainThread:RunAction (System.Action)
Google.RunOnMainThread:ExecuteAll ()
Google.RunOnMainThread:Run (System.Action,bool)
Google.VersionHandlerImpl:.cctor ()
Google.VersionHandlerImpl/DotNetVersionUpdater:.cctor ()
System.Runtime.CompilerServices.RuntimeHelpers:RunClassConstructor (System.RuntimeTypeHandle)
UnityEditor.EditorAssemblies:ProcessInitializeOnLoadAttributes (System.Type[])

Assets\MobileDependencyResolver\Editor\mobile-dependency-resolver.txt metadata will be checked
UnityEngine.Debug:ExtractStackTraceNoAlloc (byte*,int,string)
UnityEngine.StackTraceUtility:ExtractStackTrace ()
UnityEngine.DebugLogHandler:Internal_Log (UnityEngine.LogType,UnityEngine.LogOption,string,UnityEngine.Object)
UnityEngine.DebugLogHandler:LogFormat (UnityEngine.LogType,UnityEngine.Object,string,object[])
UnityEngine.Logger:Log (UnityEngine.LogType,object)
UnityEngine.Debug:Log (object)
Google.Logger:Log (string,Google.LogLevel)
Google.VersionHandlerImpl:Log (string,bool,Google.LogLevel)
Google.VersionHandlerImpl/FileMetadataSet:FindWithPendingUpdates (Google.VersionHandlerImpl/FileMetadataSet)
Google.VersionHandlerImpl:UpdateVersionedAssets (bool,System.Action)
Google.VersionHandlerImpl:UpdateVersionedAssets (bool)
Google.VersionHandlerImpl:UpdateVersionedAssets ()
Google.VersionHandlerImpl:UpdateVersionedAssetsOnUpdate ()
Google.VersionHandlerImpl:<VersionHandlerImpl>m__B ()
Google.RunOnMainThread:ExecuteNext ()
Google.RunOnMainThread:<ExecuteAll>m__A ()
Google.RunOnMainThread:RunAction (System.Action)
Google.RunOnMainThread:ExecuteAll ()
Google.RunOnMainThread:Run (System.Action,bool)
Google.VersionHandlerImpl:.cctor ()
Google.VersionHandlerImpl/DotNetVersionUpdater:.cctor ()
System.Runtime.CompilerServices.RuntimeHelpers:RunClassConstructor (System.RuntimeTypeHandle)
UnityEditor.EditorAssemblies:ProcessInitializeOnLoadAttributes (System.Type[])

Detected .NET version 4.5
UnityEngine.Debug:ExtractStackTraceNoAlloc (byte*,int,string)
UnityEngine.StackTraceUtility:ExtractStackTrace ()
UnityEngine.DebugLogHandler:Internal_Log (UnityEngine.LogType,UnityEngine.LogOption,string,UnityEngine.Object)
UnityEngine.DebugLogHandler:LogFormat (UnityEngine.LogType,UnityEngine.Object,string,object[])
UnityEngine.Logger:Log (UnityEngine.LogType,object)
UnityEngine.Debug:Log (object)
Google.Logger:Log (string,Google.LogLevel)
Google.VersionHandlerImpl:Log (string,bool,Google.LogLevel)
Google.VersionHandlerImpl/DotNetVersionUpdater:.cctor ()
System.Runtime.CompilerServices.RuntimeHelpers:RunClassConstructor (System.RuntimeTypeHandle)
UnityEditor.EditorAssemblies:ProcessInitializeOnLoadAttributes (System.Type[])

Mono: successfully reloaded assembly
- Finished resetting the current domain, in  3.308 seconds
Domain Reload Profiling: 4246ms
	BeginReloadAssembly (285ms)
		ExecutionOrderSort (0ms)
		DisableScriptedObjects (14ms)
		BackupInstance (0ms)
		ReleaseScriptingObjects (0ms)
		CreateAndSetChildDomain (140ms)
	RebuildCommonClasses (31ms)
	RebuildNativeTypeToScriptingClass (11ms)
	initialDomainReloadingComplete (31ms)
	LoadAllAssembliesAndSetupDomain (579ms)
		LoadAssemblies (418ms)
		RebuildTransferFunctionScriptingTraits (0ms)
		AnalyzeDomain (260ms)
			TypeCache.Refresh (182ms)
				TypeCache.ScanAssembly (166ms)
			BuildScriptInfoCaches (65ms)
			ResolveRequiredComponents (11ms)
	FinalizeReload (3308ms)
		ReleaseScriptCaches (0ms)
		RebuildScriptCaches (0ms)
		SetupLoadedEditorAssemblies (3177ms)
			LogAssemblyErrors (0ms)
			InitializePlatformSupportModulesInManaged (12ms)
			SetLoadedEditorAssemblies (3ms)
			BeforeProcessingInitializeOnLoad (134ms)
			ProcessInitializeOnLoadAttributes (2783ms)
			ProcessInitializeOnLoadMethodAttributes (240ms)
			AfterProcessingInitializeOnLoad (5ms)
			EditorAssembliesLoaded (0ms)
		ExecutionOrderSort2 (0ms)
		AwakeInstancesAfterBackupRestoration (10ms)
Refreshing native plugins compatible for Editor in 8.03 ms, found 4 plugins.
Preloading 0 native plugins for Editor in 0.00 ms.
Asset Pipeline Refresh (id=614eb6bfec3db114c86c4a63bd8c9365): Total: 7.571 seconds - Initiated by InitialRefreshV2(ForceSynchronousImport)
	Summary:
		Imports: total=0 (actual=0, local cache=0, cache server=0)
		Asset DB Process Time: managed=0 ms, native=3982 ms
		Asset DB Callback time: managed=221 ms, native=12 ms
		Scripting: domain reloads=1, domain reload time=944 ms, compile time=2349 ms, other=62 ms
		Project Asset Count: scripts=1743, non-scripts=3120
		Asset File Changes: new=0, changed=1, moved=0, deleted=0
		Scan Filter Count: 0
	InvokeCustomDependenciesCallbacks: 0.001ms
	InvokePackagesCallback: 3.663ms
	ApplyChangesToAssetFolders: 0.472ms
	Scan: 273.365ms
	OnSourceAssetsModified: 0.824ms
	CategorizeAssetsWithTransientArtifact: 63.913ms
	ProcessAssetsWithTransientArtifactChanges: 85.634ms
	CategorizeAssets: 46.693ms
	ImportOutOfDateAssets: 3335.588ms (985.077ms without children)
		CompileScripts: 2348.972ms
		ReloadNativeAssets: 0.000ms
		UnloadImportedAssets: 0.384ms
		EnsureUptoDateAssetsAreRegisteredWithGuidPM: 0.666ms
		InitializingProgressBar: 0.000ms
		PostProcessAllAssetNotificationsAddChangedAssets: 0.001ms
		OnDemandSchedulerStart: 0.487ms
	PostProcessAllAssets: 222.061ms
	Hotreload: 9.545ms
	GatherAllCurrentPrimaryArtifactRevisions: 0.000ms
	UnloadStreamsBegin: 1.101ms
	PersistCurrentRevisions: 0.154ms
	UnloadStreamsEnd: 0.001ms
	GenerateScriptTypeHashes: 2.666ms
	Untracked: 3527.690ms

Application.AssetDatabase Initial Refresh End
Scanning for USB devices : 3.043ms
Initializing Unity extensions:
[Licensing::Client] Successfully resolved entitlement details
[MODES] ModeService[none].Initialize
[MODES] ModeService[none].LoadModes
[MODES] Loading mode Default (0) for mode-current-id-LoreLegacyMonsters
Unloading 59 Unused Serialized files (Serialized files now loaded: 0)
Unloading 7798 unused Assets / (5.1 MB). Loaded Objects now: 8417.
Memory consumption went from 212.3 MB to 207.1 MB.
Total: 13.634900 ms (FindLiveObjects: 0.527500 ms CreateObjectMapping: 0.337200 ms MarkObjects: 10.370100 ms  DeleteObjects: 2.398700 ms)

Opening scene 'Assets/Scenes/Game.unity'
Unloading 3 Unused Serialized files (Serialized files now loaded: 0)
Loaded scene 'Assets/Scenes/Game.unity'
	Deserialize:            2.177 ms
	Integration:            207.425 ms
	Integration of assets:  0.002 ms
	Thread Wait Time:       0.015 ms
	Total Operation Time:   209.619 ms
Unloading 5 unused Assets / (6.3 KB). Loaded Objects now: 8435.
Memory consumption went from 195.0 MB to 194.9 MB.
Total: 10.080800 ms (FindLiveObjects: 0.288900 ms CreateObjectMapping: 0.143300 ms MarkObjects: 9.554500 ms  DeleteObjects: 0.092900 ms)

[Project] Loading completed in 12.024 seconds
	Project init time: 				10.654 seconds
		Template init time: 		0.000 seconds
		Package Manager init time: 		0.270 seconds
		Asset Database init time: 		0.700 seconds
		Global illumination init time: 	0.005 seconds
		Assemblies load time: 			0.615 seconds
		Unity extensions init time: 	0.008 seconds
		Asset Database refresh time: 	7.571 seconds
	Scene opening time: 			0.756 seconds
##utp:{"type":"ProjectInfo","version":2,"phase":"Immediate","time":1777696908175,"processId":2980,"projectLoad":12.023992699999999,"projectInit":10.654277,"templateInit":0.0,"packageManagerInit":0.2701488,"assetDatabaseInit":0.6997783,"globalIlluminationInit":0.00507,"assembliesLoad":0.6153324,"unityExtensionsInit":0.0080853,"assetDatabaseRefresh":7.5708555,"sceneOpening":0.7563519}
##utp:{"type":"EditorInfo","version":2,"phase":"Immediate","time":1777696908175,"processId":2980,"editorVersion":"6000.0.41f1 (46e447368a18)","branch":"6000.0/staging","buildType":"Release","platform":"Windows"}
Reloading assemblies for play mode.
Reloading assemblies after forced synchronous recompile.
Begin MonoManager ReloadAssembly
- Loaded All Assemblies, in  0.810 seconds
Refreshing native plugins compatible for Editor in 8.08 ms, found 4 plugins.
Native extension for WindowsStandalone target not found
Loaded VersionHandlerImpl
UnityEngine.Debug:ExtractStackTraceNoAlloc (byte*,int,string)
UnityEngine.StackTraceUtility:ExtractStackTrace ()
UnityEngine.DebugLogHandler:Internal_Log (UnityEngine.LogType,UnityEngine.LogOption,string,UnityEngine.Object)
UnityEngine.DebugLogHandler:LogFormat (UnityEngine.LogType,UnityEngine.Object,string,object[])
UnityEngine.Logger:Log (UnityEngine.LogType,object)
UnityEngine.Debug:Log (object)
Google.Logger:Log (string,Google.LogLevel)
Google.VersionHandlerImpl:Log (string,bool,Google.LogLevel)
Google.VersionHandlerImpl:.cctor ()
Google.VersionHandlerImpl/DotNetVersionUpdater:.cctor ()
System.Runtime.CompilerServices.RuntimeHelpers:RunClassConstructor (System.RuntimeTypeHandle)
UnityEditor.EditorAssemblies:ProcessInitializeOnLoadAttributes (System.Type[])

Assets\MobileDependencyResolver\Editor\Google.IOSResolver.dll metadata will be checked
UnityEngine.Debug:ExtractStackTraceNoAlloc (byte*,int,string)
UnityEngine.StackTraceUtility:ExtractStackTrace ()
UnityEngine.DebugLogHandler:Internal_Log (UnityEngine.LogType,UnityEngine.LogOption,string,UnityEngine.Object)
UnityEngine.DebugLogHandler:LogFormat (UnityEngine.LogType,UnityEngine.Object,string,object[])
UnityEngine.Logger:Log (UnityEngine.LogType,object)
UnityEngine.Debug:Log (object)
Google.Logger:Log (string,Google.LogLevel)
Google.VersionHandlerImpl:Log (string,bool,Google.LogLevel)
Google.VersionHandlerImpl/FileMetadataSet:FindWithPendingUpdates (Google.VersionHandlerImpl/FileMetadataSet)
Google.VersionHandlerImpl:UpdateVersionedAssets (bool,System.Action)
Google.VersionHandlerImpl:UpdateVersionedAssets (bool)
Google.VersionHandlerImpl:UpdateVersionedAssets ()
Google.VersionHandlerImpl:UpdateVersionedAssetsOnUpdate ()
Google.VersionHandlerImpl:<VersionHandlerImpl>m__B ()
Google.RunOnMainThread:ExecuteNext ()
Google.RunOnMainThread:<ExecuteAll>m__A ()
Google.RunOnMainThread:RunAction (System.Action)
Google.RunOnMainThread:ExecuteAll ()
Google.RunOnMainThread:Run (System.Action,bool)
Google.VersionHandlerImpl:.cctor ()
Google.VersionHandlerImpl/DotNetVersionUpdater:.cctor ()
System.Runtime.CompilerServices.RuntimeHelpers:RunClassConstructor (System.RuntimeTypeHandle)
UnityEditor.EditorAssemblies:ProcessInitializeOnLoadAttributes (System.Type[])

Assets\MobileDependencyResolver\Editor\Google.JarResolver.dll metadata will be checked
UnityEngine.Debug:ExtractStackTraceNoAlloc (byte*,int,string)
UnityEngine.StackTraceUtility:ExtractStackTrace ()
UnityEngine.DebugLogHandler:Internal_Log (UnityEngine.LogType,UnityEngine.LogOption,string,UnityEngine.Object)
UnityEngine.DebugLogHandler:LogFormat (UnityEngine.LogType,UnityEngine.Object,string,object[])
UnityEngine.Logger:Log (UnityEngine.LogType,object)
UnityEngine.Debug:Log (object)
Google.Logger:Log (string,Google.LogLevel)
Google.VersionHandlerImpl:Log (string,bool,Google.LogLevel)
Google.VersionHandlerImpl/FileMetadataSet:FindWithPendingUpdates (Google.VersionHandlerImpl/FileMetadataSet)
Google.VersionHandlerImpl:UpdateVersionedAssets (bool,System.Action)
Google.VersionHandlerImpl:UpdateVersionedAssets (bool)
Google.VersionHandlerImpl:UpdateVersionedAssets ()
Google.VersionHandlerImpl:UpdateVersionedAssetsOnUpdate ()
Google.VersionHandlerImpl:<VersionHandlerImpl>m__B ()
Google.RunOnMainThread:ExecuteNext ()
Google.RunOnMainThread:<ExecuteAll>m__A ()
Google.RunOnMainThread:RunAction (System.Action)
Google.RunOnMainThread:ExecuteAll ()
Google.RunOnMainThread:Run (System.Action,bool)
Google.VersionHandlerImpl:.cctor ()
Google.VersionHandlerImpl/DotNetVersionUpdater:.cctor ()
System.Runtime.CompilerServices.RuntimeHelpers:RunClassConstructor (System.RuntimeTypeHandle)
UnityEditor.EditorAssemblies:ProcessInitializeOnLoadAttributes (System.Type[])

Assets\MobileDependencyResolver\Editor\Google.VersionHandler.dll metadata will be checked
UnityEngine.Debug:ExtractStackTraceNoAlloc (byte*,int,string)
UnityEngine.StackTraceUtility:ExtractStackTrace ()
UnityEngine.DebugLogHandler:Internal_Log (UnityEngine.LogType,UnityEngine.LogOption,string,UnityEngine.Object)
UnityEngine.DebugLogHandler:LogFormat (UnityEngine.LogType,UnityEngine.Object,string,object[])
UnityEngine.Logger:Log (UnityEngine.LogType,object)
UnityEngine.Debug:Log (object)
Google.Logger:Log (string,Google.LogLevel)
Google.VersionHandlerImpl:Log (string,bool,Google.LogLevel)
Google.VersionHandlerImpl/FileMetadataSet:FindWithPendingUpdates (Google.VersionHandlerImpl/FileMetadataSet)
Google.VersionHandlerImpl:UpdateVersionedAssets (bool,System.Action)
Google.VersionHandlerImpl:UpdateVersionedAssets (bool)
Google.VersionHandlerImpl:UpdateVersionedAssets ()
Google.VersionHandlerImpl:UpdateVersionedAssetsOnUpdate ()
Google.VersionHandlerImpl:<VersionHandlerImpl>m__B ()
Google.RunOnMainThread:ExecuteNext ()
Google.RunOnMainThread:<ExecuteAll>m__A ()
Google.RunOnMainThread:RunAction (System.Action)
Google.RunOnMainThread:ExecuteAll ()
Google.RunOnMainThread:Run (System.Action,bool)
Google.VersionHandlerImpl:.cctor ()
Google.VersionHandlerImpl/DotNetVersionUpdater:.cctor ()
System.Runtime.CompilerServices.RuntimeHelpers:RunClassConstructor (System.RuntimeTypeHandle)
UnityEditor.EditorAssemblies:ProcessInitializeOnLoadAttributes (System.Type[])

Assets\MobileDependencyResolver\Editor\Google.VersionHandlerImpl.dll metadata will be checked
UnityEngine.Debug:ExtractStackTraceNoAlloc (byte*,int,string)
UnityEngine.StackTraceUtility:ExtractStackTrace ()
UnityEngine.DebugLogHandler:Internal_Log (UnityEngine.LogType,UnityEngine.LogOption,string,UnityEngine.Object)
UnityEngine.DebugLogHandler:LogFormat (UnityEngine.LogType,UnityEngine.Object,string,object[])
UnityEngine.Logger:Log (UnityEngine.LogType,object)
UnityEngine.Debug:Log (object)
Google.Logger:Log (string,Google.LogLevel)
Google.VersionHandlerImpl:Log (string,bool,Google.LogLevel)
Google.VersionHandlerImpl/FileMetadataSet:FindWithPendingUpdates (Google.VersionHandlerImpl/FileMetadataSet)
Google.VersionHandlerImpl:UpdateVersionedAssets (bool,System.Action)
Google.VersionHandlerImpl:UpdateVersionedAssets (bool)
Google.VersionHandlerImpl:UpdateVersionedAssets ()
Google.VersionHandlerImpl:UpdateVersionedAssetsOnUpdate ()
Google.VersionHandlerImpl:<VersionHandlerImpl>m__B ()
Google.RunOnMainThread:ExecuteNext ()
Google.RunOnMainThread:<ExecuteAll>m__A ()
Google.RunOnMainThread:RunAction (System.Action)
Google.RunOnMainThread:ExecuteAll ()
Google.RunOnMainThread:Run (System.Action,bool)
Google.VersionHandlerImpl:.cctor ()
Google.VersionHandlerImpl/DotNetVersionUpdater:.cctor ()
System.Runtime.CompilerServices.RuntimeHelpers:RunClassConstructor (System.RuntimeTypeHandle)
UnityEditor.EditorAssemblies:ProcessInitializeOnLoadAttributes (System.Type[])

Assets\MobileDependencyResolver\Editor\mobile-dependency-resolver.txt metadata will be checked
UnityEngine.Debug:ExtractStackTraceNoAlloc (byte*,int,string)
UnityEngine.StackTraceUtility:ExtractStackTrace ()
UnityEngine.DebugLogHandler:Internal_Log (UnityEngine.LogType,UnityEngine.LogOption,string,UnityEngine.Object)
UnityEngine.DebugLogHandler:LogFormat (UnityEngine.LogType,UnityEngine.Object,string,object[])
UnityEngine.Logger:Log (UnityEngine.LogType,object)
UnityEngine.Debug:Log (object)
Google.Logger:Log (string,Google.LogLevel)
Google.VersionHandlerImpl:Log (string,bool,Google.LogLevel)
Google.VersionHandlerImpl/FileMetadataSet:FindWithPendingUpdates (Google.VersionHandlerImpl/FileMetadataSet)
Google.VersionHandlerImpl:UpdateVersionedAssets (bool,System.Action)
Google.VersionHandlerImpl:UpdateVersionedAssets (bool)
Google.VersionHandlerImpl:UpdateVersionedAssets ()
Google.VersionHandlerImpl:UpdateVersionedAssetsOnUpdate ()
Google.VersionHandlerImpl:<VersionHandlerImpl>m__B ()
Google.RunOnMainThread:ExecuteNext ()
Google.RunOnMainThread:<ExecuteAll>m__A ()
Google.RunOnMainThread:RunAction (System.Action)
Google.RunOnMainThread:ExecuteAll ()
Google.RunOnMainThread:Run (System.Action,bool)
Google.VersionHandlerImpl:.cctor ()
Google.VersionHandlerImpl/DotNetVersionUpdater:.cctor ()
System.Runtime.CompilerServices.RuntimeHelpers:RunClassConstructor (System.RuntimeTypeHandle)
UnityEditor.EditorAssemblies:ProcessInitializeOnLoadAttributes (System.Type[])

Detected .NET version 4.5
UnityEngine.Debug:ExtractStackTraceNoAlloc (byte*,int,string)
UnityEngine.StackTraceUtility:ExtractStackTrace ()
UnityEngine.DebugLogHandler:Internal_Log (UnityEngine.LogType,UnityEngine.LogOption,string,UnityEngine.Object)
UnityEngine.DebugLogHandler:LogFormat (UnityEngine.LogType,UnityEngine.Object,string,object[])
UnityEngine.Logger:Log (UnityEngine.LogType,object)
UnityEngine.Debug:Log (object)
Google.Logger:Log (string,Google.LogLevel)
Google.VersionHandlerImpl:Log (string,bool,Google.LogLevel)
Google.VersionHandlerImpl/DotNetVersionUpdater:.cctor ()
System.Runtime.CompilerServices.RuntimeHelpers:RunClassConstructor (System.RuntimeTypeHandle)
UnityEditor.EditorAssemblies:ProcessInitializeOnLoadAttributes (System.Type[])

Mono: successfully reloaded assembly
- Finished resetting the current domain, in  1.020 seconds
Domain Reload Profiling: 1827ms
	BeginReloadAssembly (469ms)
		ExecutionOrderSort (0ms)
		DisableScriptedObjects (63ms)
		BackupInstance (0ms)
		ReleaseScriptingObjects (0ms)
		CreateAndSetChildDomain (249ms)
	RebuildCommonClasses (36ms)
	RebuildNativeTypeToScriptingClass (12ms)
	initialDomainReloadingComplete (30ms)
	LoadAllAssembliesAndSetupDomain (260ms)
		LoadAssemblies (191ms)
		RebuildTransferFunctionScriptingTraits (0ms)
		AnalyzeDomain (191ms)
			TypeCache.Refresh (6ms)
				TypeCache.ScanAssembly (0ms)
			BuildScriptInfoCaches (170ms)
			ResolveRequiredComponents (11ms)
	FinalizeReload (1020ms)
		ReleaseScriptCaches (0ms)
		RebuildScriptCaches (0ms)
		SetupLoadedEditorAssemblies (781ms)
			LogAssemblyErrors (0ms)
			InitializePlatformSupportModulesInManaged (12ms)
			SetLoadedEditorAssemblies (4ms)
			BeforeProcessingInitializeOnLoad (203ms)
			ProcessInitializeOnLoadAttributes (420ms)
			ProcessInitializeOnLoadMethodAttributes (137ms)
			AfterProcessingInitializeOnLoad (4ms)
			EditorAssembliesLoaded (0ms)
		ExecutionOrderSort2 (0ms)
		AwakeInstancesAfterBackupRestoration (21ms)
Asset Pipeline Refresh (id=59f48f300d20bba43ae833c24bfe7fe2): Total: 1.976 seconds - Initiated by StopAssetImportingV2(ForceSynchronousImport | ForceDomainReload)
	Summary:
		Imports: total=0 (actual=0, local cache=0, cache server=0)
		Asset DB Process Time: managed=0 ms, native=1126 ms
		Asset DB Callback time: managed=18 ms, native=0 ms
		Scripting: domain reloads=1, domain reload time=828 ms, compile time=1 ms, other=0 ms
		Project Asset Count: scripts=1743, non-scripts=3120
		Asset File Changes: new=0, changed=0, moved=0, deleted=0
		Scan Filter Count: 0
	InvokeCustomDependenciesCallbacks: 0.001ms
	InvokePackagesCallback: 3.313ms
	ApplyChangesToAssetFolders: 0.332ms
	Scan: 0.000ms
	OnSourceAssetsModified: 0.001ms
	CategorizeAssetsWithTransientArtifact: 0.003ms
	ProcessAssetsWithTransientArtifactChanges: 3.830ms
	CategorizeAssets: 39.756ms
	ImportOutOfDateAssets: 1042.702ms (1037.318ms without children)
		CompileScripts: 1.460ms
		CollectScriptTypesHashes: 2.410ms
		ReloadNativeAssets: 0.511ms
		UnloadImportedAssets: 0.062ms
		EnsureUptoDateAssetsAreRegisteredWithGuidPM: 0.626ms
		InitializingProgressBar: 0.000ms
		PostProcessAllAssetNotificationsAddChangedAssets: 0.000ms
		OnDemandSchedulerStart: 0.315ms
	PostProcessAllAssets: 18.370ms
	GatherAllCurrentPrimaryArtifactRevisions: 0.211ms
	UnloadStreamsBegin: 0.054ms
	PersistCurrentRevisions: 0.150ms
	UnloadStreamsEnd: 0.001ms
	GenerateScriptTypeHashes: 3.595ms
	Untracked: 867.009ms

Loaded scene 'Temp/__Backupscenes/0.backup'
	Deserialize:            0.820 ms
	Integration:            298.264 ms
	Integration of assets:  0.004 ms
	Thread Wait Time:       0.008 ms
	Total Operation Time:   299.096 ms
Asset Pipeline Refresh (id=4d03d1411586c3f42b8b8212c78dbab5): Total: 0.062 seconds - Initiated by RefreshV2(NoUpdateAssetOptions)
Launched and connected shader compiler UnityShaderCompiler.exe after 0.03 seconds
[MODES] ModeService[none].Initialize
[MODES] ModeService[none].LoadModes
VisualSmokeCapture: wrote camera fallback C:\LLMRPG\LoreLegacyMonsters\Artifacts/VisualSmoke\2026-05-01\01-town-start-camera.png
UnityEngine.Debug:ExtractStackTraceNoAlloc (byte*,int,string)
UnityEngine.StackTraceUtility:ExtractStackTrace ()
UnityEngine.DebugLogHandler:Internal_Log (UnityEngine.LogType,UnityEngine.LogOption,string,UnityEngine.Object)
UnityEngine.DebugLogHandler:LogFormat (UnityEngine.LogType,UnityEngine.Object,string,object[])
UnityEngine.Logger:Log (UnityEngine.LogType,object)
UnityEngine.Debug:Log (object)
LoreLegacyMonsters.Editor.VisualSmokeCapture:CaptureCameraFallback (string) (at Assets/Editor/VisualSmokeCapture.cs:458)
LoreLegacyMonsters.Editor.VisualSmokeCapture:Capture (string) (at Assets/Editor/VisualSmokeCapture.cs:436)
LoreLegacyMonsters.Editor.VisualSmokeCapture:Tick () (at Assets/Editor/VisualSmokeCapture.cs:151)
UnityEditor.EditorApplication:Internal_CallUpdateFunctions ()

(Filename: Assets/Editor/VisualSmokeCapture.cs Line: 458)

VisualSmokeCapture: requested screenshot C:\LLMRPG\LoreLegacyMonsters\Artifacts/VisualSmoke\2026-05-01\01-town-start.png
UnityEngine.Debug:ExtractStackTraceNoAlloc (byte*,int,string)
UnityEngine.StackTraceUtility:ExtractStackTrace ()
UnityEngine.DebugLogHandler:Internal_Log (UnityEngine.LogType,UnityEngine.LogOption,string,UnityEngine.Object)
UnityEngine.DebugLogHandler:LogFormat (UnityEngine.LogType,UnityEngine.Object,string,object[])
UnityEngine.Logger:Log (UnityEngine.LogType,object)
UnityEngine.Debug:Log (object)
LoreLegacyMonsters.Editor.VisualSmokeCapture:Capture (string) (at Assets/Editor/VisualSmokeCapture.cs:437)
LoreLegacyMonsters.Editor.VisualSmokeCapture:Tick () (at Assets/Editor/VisualSmokeCapture.cs:151)
UnityEditor.EditorApplication:Internal_CallUpdateFunctions ()

(Filename: Assets/Editor/VisualSmokeCapture.cs Line: 437)

[ASSERT][PASS] ui.world_hud.no_button_overlap: route/save=False, route/load=False
UnityEngine.Debug:ExtractStackTraceNoAlloc (byte*,int,string)
UnityEngine.StackTraceUtility:ExtractStackTrace ()
UnityEngine.DebugLogHandler:Internal_Log (UnityEngine.LogType,UnityEngine.LogOption,string,UnityEngine.Object)
UnityEngine.DebugLogHandler:LogFormat (UnityEngine.LogType,UnityEngine.Object,string,object[])
UnityEngine.Logger:Log (UnityEngine.LogType,object)
UnityEngine.Debug:Log (object)
LoreLegacyMonsters.Editor.VisualSmokeCapture:LogAssert (string,bool,string) (at Assets/Editor/VisualSmokeCapture.cs:290)
LoreLegacyMonsters.Editor.VisualSmokeCapture:AssertWorldHudLayout () (at Assets/Editor/VisualSmokeCapture.cs:327)
LoreLegacyMonsters.Editor.VisualSmokeCapture:Tick () (at Assets/Editor/VisualSmokeCapture.cs:152)
UnityEditor.EditorApplication:Internal_CallUpdateFunctions ()

(Filename: Assets/Editor/VisualSmokeCapture.cs Line: 290)

Created GICache directory at C:/Users/nwave/AppData/LocalLow/Unity/Caches/GiCache. Took: 0.014s, timestamps: [14.553 - 14.567]
VisualSmokeCapture: wrote camera fallback C:\LLMRPG\LoreLegacyMonsters\Artifacts/VisualSmoke\2026-05-01\02-route-camera.png
UnityEngine.Debug:ExtractStackTraceNoAlloc (byte*,int,string)
UnityEngine.StackTraceUtility:ExtractStackTrace ()
UnityEngine.DebugLogHandler:Internal_Log (UnityEngine.LogType,UnityEngine.LogOption,string,UnityEngine.Object)
UnityEngine.DebugLogHandler:LogFormat (UnityEngine.LogType,UnityEngine.Object,string,object[])
UnityEngine.Logger:Log (UnityEngine.LogType,object)
UnityEngine.Debug:Log (object)
LoreLegacyMonsters.Editor.VisualSmokeCapture:CaptureCameraFallback (string) (at Assets/Editor/VisualSmokeCapture.cs:458)
LoreLegacyMonsters.Editor.VisualSmokeCapture:Capture (string) (at Assets/Editor/VisualSmokeCapture.cs:436)
LoreLegacyMonsters.Editor.VisualSmokeCapture:Tick () (at Assets/Editor/VisualSmokeCapture.cs:158)
UnityEditor.EditorApplication:Internal_CallUpdateFunctions ()

(Filename: Assets/Editor/VisualSmokeCapture.cs Line: 458)

VisualSmokeCapture: requested screenshot C:\LLMRPG\LoreLegacyMonsters\Artifacts/VisualSmoke\2026-05-01\02-route.png
UnityEngine.Debug:ExtractStackTraceNoAlloc (byte*,int,string)
UnityEngine.StackTraceUtility:ExtractStackTrace ()
UnityEngine.DebugLogHandler:Internal_Log (UnityEngine.LogType,UnityEngine.LogOption,string,UnityEngine.Object)
UnityEngine.DebugLogHandler:LogFormat (UnityEngine.LogType,UnityEngine.Object,string,object[])
UnityEngine.Logger:Log (UnityEngine.LogType,object)
UnityEngine.Debug:Log (object)
LoreLegacyMonsters.Editor.VisualSmokeCapture:Capture (string) (at Assets/Editor/VisualSmokeCapture.cs:437)
LoreLegacyMonsters.Editor.VisualSmokeCapture:Tick () (at Assets/Editor/VisualSmokeCapture.cs:158)
UnityEditor.EditorApplication:Internal_CallUpdateFunctions ()

(Filename: Assets/Editor/VisualSmokeCapture.cs Line: 437)

VisualSmokeCapture: wrote camera fallback C:\LLMRPG\LoreLegacyMonsters\Artifacts/VisualSmoke\2026-05-01\03-forest-camera.png
UnityEngine.Debug:ExtractStackTraceNoAlloc (byte*,int,string)
UnityEngine.StackTraceUtility:ExtractStackTrace ()
UnityEngine.DebugLogHandler:Internal_Log (UnityEngine.LogType,UnityEngine.LogOption,string,UnityEngine.Object)
UnityEngine.DebugLogHandler:LogFormat (UnityEngine.LogType,UnityEngine.Object,string,object[])
UnityEngine.Logger:Log (UnityEngine.LogType,object)
UnityEngine.Debug:Log (object)
LoreLegacyMonsters.Editor.VisualSmokeCapture:CaptureCameraFallback (string) (at Assets/Editor/VisualSmokeCapture.cs:458)
LoreLegacyMonsters.Editor.VisualSmokeCapture:Capture (string) (at Assets/Editor/VisualSmokeCapture.cs:436)
LoreLegacyMonsters.Editor.VisualSmokeCapture:Tick () (at Assets/Editor/VisualSmokeCapture.cs:164)
UnityEditor.EditorApplication:Internal_CallUpdateFunctions ()

(Filename: Assets/Editor/VisualSmokeCapture.cs Line: 458)

VisualSmokeCapture: requested screenshot C:\LLMRPG\LoreLegacyMonsters\Artifacts/VisualSmoke\2026-05-01\03-forest.png
UnityEngine.Debug:ExtractStackTraceNoAlloc (byte*,int,string)
UnityEngine.StackTraceUtility:ExtractStackTrace ()
UnityEngine.DebugLogHandler:Internal_Log (UnityEngine.LogType,UnityEngine.LogOption,string,UnityEngine.Object)
UnityEngine.DebugLogHandler:LogFormat (UnityEngine.LogType,UnityEngine.Object,string,object[])
UnityEngine.Logger:Log (UnityEngine.LogType,object)
UnityEngine.Debug:Log (object)
LoreLegacyMonsters.Editor.VisualSmokeCapture:Capture (string) (at Assets/Editor/VisualSmokeCapture.cs:437)
LoreLegacyMonsters.Editor.VisualSmokeCapture:Tick () (at Assets/Editor/VisualSmokeCapture.cs:164)
UnityEditor.EditorApplication:Internal_CallUpdateFunctions ()

(Filename: Assets/Editor/VisualSmokeCapture.cs Line: 437)

VisualSmokeCapture: ensured Phase 2 route access for capture.
UnityEngine.Debug:ExtractStackTraceNoAlloc (byte*,int,string)
UnityEngine.StackTraceUtility:ExtractStackTrace ()
UnityEngine.DebugLogHandler:Internal_Log (UnityEngine.LogType,UnityEngine.LogOption,string,UnityEngine.Object)
UnityEngine.DebugLogHandler:LogFormat (UnityEngine.LogType,UnityEngine.Object,string,object[])
UnityEngine.Logger:Log (UnityEngine.LogType,object)
UnityEngine.Debug:Log (object)
LoreLegacyMonsters.Editor.VisualSmokeCapture:EnsurePhaseTwoCaptureUnlocked () (at Assets/Editor/VisualSmokeCapture.cs:318)
LoreLegacyMonsters.Editor.VisualSmokeCapture:Tick () (at Assets/Editor/VisualSmokeCapture.cs:165)
UnityEditor.EditorApplication:Internal_CallUpdateFunctions ()

(Filename: Assets/Editor/VisualSmokeCapture.cs Line: 318)

VisualSmokeCapture: wrote camera fallback C:\LLMRPG\LoreLegacyMonsters\Artifacts/VisualSmoke\2026-05-01\03b-stonewake-camera.png
UnityEngine.Debug:ExtractStackTraceNoAlloc (byte*,int,string)
UnityEngine.StackTraceUtility:ExtractStackTrace ()
UnityEngine.DebugLogHandler:Internal_Log (UnityEngine.LogType,UnityEngine.LogOption,string,UnityEngine.Object)
UnityEngine.DebugLogHandler:LogFormat (UnityEngine.LogType,UnityEngine.Object,string,object[])
UnityEngine.Logger:Log (UnityEngine.LogType,object)
UnityEngine.Debug:Log (object)
LoreLegacyMonsters.Editor.VisualSmokeCapture:CaptureCameraFallback (string) (at Assets/Editor/VisualSmokeCapture.cs:458)
LoreLegacyMonsters.Editor.VisualSmokeCapture:Capture (string) (at Assets/Editor/VisualSmokeCapture.cs:436)
LoreLegacyMonsters.Editor.VisualSmokeCapture:Tick () (at Assets/Editor/VisualSmokeCapture.cs:171)
UnityEditor.EditorApplication:Internal_CallUpdateFunctions ()

(Filename: Assets/Editor/VisualSmokeCapture.cs Line: 458)

VisualSmokeCapture: requested screenshot C:\LLMRPG\LoreLegacyMonsters\Artifacts/VisualSmoke\2026-05-01\03b-stonewake.png
UnityEngine.Debug:ExtractStackTraceNoAlloc (byte*,int,string)
UnityEngine.StackTraceUtility:ExtractStackTrace ()
UnityEngine.DebugLogHandler:Internal_Log (UnityEngine.LogType,UnityEngine.LogOption,string,UnityEngine.Object)
UnityEngine.DebugLogHandler:LogFormat (UnityEngine.LogType,UnityEngine.Object,string,object[])
UnityEngine.Logger:Log (UnityEngine.LogType,object)
UnityEngine.Debug:Log (object)
LoreLegacyMonsters.Editor.VisualSmokeCapture:Capture (string) (at Assets/Editor/VisualSmokeCapture.cs:437)
LoreLegacyMonsters.Editor.VisualSmokeCapture:Tick () (at Assets/Editor/VisualSmokeCapture.cs:171)
UnityEditor.EditorApplication:Internal_CallUpdateFunctions ()

(Filename: Assets/Editor/VisualSmokeCapture.cs Line: 437)

[ASSERT][PASS] visual.phase2.stonewake: expected=stonewake, actual=stonewake, position=(14.00, 9.00)
UnityEngine.Debug:ExtractStackTraceNoAlloc (byte*,int,string)
UnityEngine.StackTraceUtility:ExtractStackTrace ()
UnityEngine.DebugLogHandler:Internal_Log (UnityEngine.LogType,UnityEngine.LogOption,string,UnityEngine.Object)
UnityEngine.DebugLogHandler:LogFormat (UnityEngine.LogType,UnityEngine.Object,string,object[])
UnityEngine.Logger:Log (UnityEngine.LogType,object)
UnityEngine.Debug:Log (object)
LoreLegacyMonsters.Editor.VisualSmokeCapture:LogAssert (string,bool,string) (at Assets/Editor/VisualSmokeCapture.cs:290)
LoreLegacyMonsters.Editor.VisualSmokeCapture:AssertRegionResolve (string,string,UnityEngine.Vector2) (at Assets/Editor/VisualSmokeCapture.cs:308)
LoreLegacyMonsters.Editor.VisualSmokeCapture:Tick () (at Assets/Editor/VisualSmokeCapture.cs:172)
UnityEditor.EditorApplication:Internal_CallUpdateFunctions ()

(Filename: Assets/Editor/VisualSmokeCapture.cs Line: 290)

VisualSmokeCapture: wrote camera fallback C:\LLMRPG\LoreLegacyMonsters\Artifacts/VisualSmoke\2026-05-01\03c-moonwell-camera.png
UnityEngine.Debug:ExtractStackTraceNoAlloc (byte*,int,string)
UnityEngine.StackTraceUtility:ExtractStackTrace ()
UnityEngine.DebugLogHandler:Internal_Log (UnityEngine.LogType,UnityEngine.LogOption,string,UnityEngine.Object)
UnityEngine.DebugLogHandler:LogFormat (UnityEngine.LogType,UnityEngine.Object,string,object[])
UnityEngine.Logger:Log (UnityEngine.LogType,object)
UnityEngine.Debug:Log (object)
LoreLegacyMonsters.Editor.VisualSmokeCapture:CaptureCameraFallback (string) (at Assets/Editor/VisualSmokeCapture.cs:458)
LoreLegacyMonsters.Editor.VisualSmokeCapture:Capture (string) (at Assets/Editor/VisualSmokeCapture.cs:436)
LoreLegacyMonsters.Editor.VisualSmokeCapture:Tick () (at Assets/Editor/VisualSmokeCapture.cs:178)
UnityEditor.EditorApplication:Internal_CallUpdateFunctions ()

(Filename: Assets/Editor/VisualSmokeCapture.cs Line: 458)

VisualSmokeCapture: requested screenshot C:\LLMRPG\LoreLegacyMonsters\Artifacts/VisualSmoke\2026-05-01\03c-moonwell.png
UnityEngine.Debug:ExtractStackTraceNoAlloc (byte*,int,string)
UnityEngine.StackTraceUtility:ExtractStackTrace ()
UnityEngine.DebugLogHandler:Internal_Log (UnityEngine.LogType,UnityEngine.LogOption,string,UnityEngine.Object)
UnityEngine.DebugLogHandler:LogFormat (UnityEngine.LogType,UnityEngine.Object,string,object[])
UnityEngine.Logger:Log (UnityEngine.LogType,object)
UnityEngine.Debug:Log (object)
LoreLegacyMonsters.Editor.VisualSmokeCapture:Capture (string) (at Assets/Editor/VisualSmokeCapture.cs:437)
LoreLegacyMonsters.Editor.VisualSmokeCapture:Tick () (at Assets/Editor/VisualSmokeCapture.cs:178)
UnityEditor.EditorApplication:Internal_CallUpdateFunctions ()

(Filename: Assets/Editor/VisualSmokeCapture.cs Line: 437)

[ASSERT][PASS] visual.phase2.moonwell: expected=moonwell, actual=moonwell, position=(39.00, 23.00)
UnityEngine.Debug:ExtractStackTraceNoAlloc (byte*,int,string)
UnityEngine.StackTraceUtility:ExtractStackTrace ()
UnityEngine.DebugLogHandler:Internal_Log (UnityEngine.LogType,UnityEngine.LogOption,string,UnityEngine.Object)
UnityEngine.DebugLogHandler:LogFormat (UnityEngine.LogType,UnityEngine.Object,string,object[])
UnityEngine.Logger:Log (UnityEngine.LogType,object)
UnityEngine.Debug:Log (object)
LoreLegacyMonsters.Editor.VisualSmokeCapture:LogAssert (string,bool,string) (at Assets/Editor/VisualSmokeCapture.cs:290)
LoreLegacyMonsters.Editor.VisualSmokeCapture:AssertRegionResolve (string,string,UnityEngine.Vector2) (at Assets/Editor/VisualSmokeCapture.cs:308)
LoreLegacyMonsters.Editor.VisualSmokeCapture:Tick () (at Assets/Editor/VisualSmokeCapture.cs:179)
UnityEditor.EditorApplication:Internal_CallUpdateFunctions ()

(Filename: Assets/Editor/VisualSmokeCapture.cs Line: 290)

VisualSmokeCapture: wrote camera fallback C:\LLMRPG\LoreLegacyMonsters\Artifacts/VisualSmoke\2026-05-01\03d-quarry-camera.png
UnityEngine.Debug:ExtractStackTraceNoAlloc (byte*,int,string)
UnityEngine.StackTraceUtility:ExtractStackTrace ()
UnityEngine.DebugLogHandler:Internal_Log (UnityEngine.LogType,UnityEngine.LogOption,string,UnityEngine.Object)
UnityEngine.DebugLogHandler:LogFormat (UnityEngine.LogType,UnityEngine.Object,string,object[])
UnityEngine.Logger:Log (UnityEngine.LogType,object)
UnityEngine.Debug:Log (object)
LoreLegacyMonsters.Editor.VisualSmokeCapture:CaptureCameraFallback (string) (at Assets/Editor/VisualSmokeCapture.cs:458)
LoreLegacyMonsters.Editor.VisualSmokeCapture:Capture (string) (at Assets/Editor/VisualSmokeCapture.cs:436)
LoreLegacyMonsters.Editor.VisualSmokeCapture:Tick () (at Assets/Editor/VisualSmokeCapture.cs:185)
UnityEditor.EditorApplication:Internal_CallUpdateFunctions ()

(Filename: Assets/Editor/VisualSmokeCapture.cs Line: 458)

VisualSmokeCapture: requested screenshot C:\LLMRPG\LoreLegacyMonsters\Artifacts/VisualSmoke\2026-05-01\03d-quarry.png
UnityEngine.Debug:ExtractStackTraceNoAlloc (byte*,int,string)
UnityEngine.StackTraceUtility:ExtractStackTrace ()
UnityEngine.DebugLogHandler:Internal_Log (UnityEngine.LogType,UnityEngine.LogOption,string,UnityEngine.Object)
UnityEngine.DebugLogHandler:LogFormat (UnityEngine.LogType,UnityEngine.Object,string,object[])
UnityEngine.Logger:Log (UnityEngine.LogType,object)
UnityEngine.Debug:Log (object)
LoreLegacyMonsters.Editor.VisualSmokeCapture:Capture (string) (at Assets/Editor/VisualSmokeCapture.cs:437)
LoreLegacyMonsters.Editor.VisualSmokeCapture:Tick () (at Assets/Editor/VisualSmokeCapture.cs:185)
UnityEditor.EditorApplication:Internal_CallUpdateFunctions ()

(Filename: Assets/Editor/VisualSmokeCapture.cs Line: 437)

[ASSERT][PASS] visual.phase2.quarry: expected=quarry, actual=quarry, position=(84.00, 9.00)
UnityEngine.Debug:ExtractStackTraceNoAlloc (byte*,int,string)
UnityEngine.StackTraceUtility:ExtractStackTrace ()
UnityEngine.DebugLogHandler:Internal_Log (UnityEngine.LogType,UnityEngine.LogOption,string,UnityEngine.Object)
UnityEngine.DebugLogHandler:LogFormat (UnityEngine.LogType,UnityEngine.Object,string,object[])
UnityEngine.Logger:Log (UnityEngine.LogType,object)
UnityEngine.Debug:Log (object)
LoreLegacyMonsters.Editor.VisualSmokeCapture:LogAssert (string,bool,string) (at Assets/Editor/VisualSmokeCapture.cs:290)
LoreLegacyMonsters.Editor.VisualSmokeCapture:AssertRegionResolve (string,string,UnityEngine.Vector2) (at Assets/Editor/VisualSmokeCapture.cs:308)
LoreLegacyMonsters.Editor.VisualSmokeCapture:Tick () (at Assets/Editor/VisualSmokeCapture.cs:186)
UnityEditor.EditorApplication:Internal_CallUpdateFunctions ()

(Filename: Assets/Editor/VisualSmokeCapture.cs Line: 290)

VisualSmokeCapture: suite output directory = C:\LLMRPG\LoreLegacyMonsters\Artifacts/VisualSmoke\2026-05-01
UnityEngine.Debug:ExtractStackTraceNoAlloc (byte*,int,string)
UnityEngine.StackTraceUtility:ExtractStackTrace ()
UnityEngine.DebugLogHandler:Internal_Log (UnityEngine.LogType,UnityEngine.LogOption,string,UnityEngine.Object)
UnityEngine.DebugLogHandler:LogFormat (UnityEngine.LogType,UnityEngine.Object,string,object[])
UnityEngine.Logger:Log (UnityEngine.LogType,object)
UnityEngine.Debug:Log (object)
LoreLegacyMonsters.Editor.VisualSmokeCapture:LogSuiteSummary () (at Assets/Editor/VisualSmokeCapture.cs:429)
LoreLegacyMonsters.Editor.VisualSmokeCapture:Tick () (at Assets/Editor/VisualSmokeCapture.cs:190)
UnityEditor.EditorApplication:Internal_CallUpdateFunctions ()

(Filename: Assets/Editor/VisualSmokeCapture.cs Line: 429)

VisualSmokeCapture: complete (C:\LLMRPG\LoreLegacyMonsters\Artifacts/VisualSmoke\2026-05-01)
UnityEngine.Debug:ExtractStackTraceNoAlloc (byte*,int,string)
UnityEngine.StackTraceUtility:ExtractStackTrace ()
UnityEngine.DebugLogHandler:Internal_Log (UnityEngine.LogType,UnityEngine.LogOption,string,UnityEngine.Object)
UnityEngine.DebugLogHandler:LogFormat (UnityEngine.LogType,UnityEngine.Object,string,object[])
UnityEngine.Logger:Log (UnityEngine.LogType,object)
UnityEngine.Debug:Log (object)
LoreLegacyMonsters.Editor.VisualSmokeCapture:Finish (int) (at Assets/Editor/VisualSmokeCapture.cs:702)
LoreLegacyMonsters.Editor.VisualSmokeCapture:Tick () (at Assets/Editor/VisualSmokeCapture.cs:191)
UnityEditor.EditorApplication:Internal_CallUpdateFunctions ()

(Filename: Assets/Editor/VisualSmokeCapture.cs Line: 702)

[Physics::Module] Cleanup current backned.
[Physics::Module] Id: 0xf2b8ea05
Input System module state changed to: ShutdownInProgress.
Input System polling thread exited.
Input System module state changed to: Shutdown.
[Licensing::IpcConnector] License Notification channel disconnected successfully.
[Licensing::IpcConnector] License Client channel disconnected successfully.
AcceleratorClientConnectionCallback - disconnected - :0
Cleanup mono
Checking for leaked weakptr:
  Found no leaked weakptrs.
[Package Manager] Server process was shutdown
##utp:{"type":"MemoryLeaks","version":2,"phase":"Immediate","time":1777696915805,"processId":2980,"allocatedMemory":14882602,"memoryLabels":[{"Default":27677},{"Permanent":15356},{"NewDelete":83129},{"Thread":4230344},{"Manager":49970},{"VertexData":296},{"Geometry":816},{"Texture":160},{"Shader":81099},{"Material":24},{"GfxDevice":55352},{"Animation":328},{"Audio":4040},{"FontEngine":256},{"Physics":1241},{"Serialization":968},{"Input":14824},{"JobScheduler":36632},{"TextLib":32},{"Mono":32},{"ScriptingNativeRuntime":155060},{"BaseObject":1633232},{"Resource":1304},{"Renderer":2928},{"Transform":4646},{"File":3933},{"WebCam":752},{"Culling":32},{"Terrain":11394},{"Wind":24},{"STL":40},{"String":17651},{"DynamicArray":122625},{"HashMap":103607},{"Utility":2670238},{"Curl":48},{"PoolAlloc":1912},{"AI":104},{"TypeTree":5005},{"ScriptManager":512},{"RuntimeInitializeOnLoadManager":64},{"SpriteAtlas":112},{"GI":7888},{"Director":8240},{"CloudService":9136},{"WebRequest":808},{"VR":45961},{"SceneManager":496},{"Video":64},{"LazyScriptCache":32},{"NativeArray":8},{"Camera":17},{"Secure":1},{"SerializationCache":1576},{"APIUpdating":10320},{"Subsystems":336},{"VirtualTexturing":57888},{"StaticSafetyDebugInfo":278528},{"Analytics":560},{"Hierarchy":272},{"Gui":80},{"EditorUtility":78324},{"VersionControl":4},{"Undo":947},{"AssetDatabase":4988285},{"EditorGi":328},{"UnityConnect":24208},{"Upm":1996},{"DrivenProperties":72},{"LocalIPC":260},{"ProfilerEditor":9738},{"CoreBusinessMetrics":14742},{"Licensing":3624},{"AssetReference":32},{"IPCStream":32}]}
