
=== Tue Mar 11 01:29:57 2025

Packages were changed.
Update Mode: updateDependencies

The following packages were added:
  com.unity.ads@4.4.2
  com.unity.analytics@3.8.1
  com.unity.purchasing@4.12.2
  com.unity.xr.legacyinputhelpers@2.1.12
  com.unity.ai.navigation@2.0.6
  com.unity.modules.accessibility@1.0.0
  com.unity.multiplayer.center@1.0.0
The following packages were updated:
  com.unity.2d.animation from version 7.0.9 to 10.1.4
  com.unity.2d.psdimporter from version 6.0.7 to 9.0.3
  com.unity.2d.spriteshape from version 7.0.6 to 10.0.7
  com.unity.2d.tilemap.extras from version 2.2.4 to 4.1.0
  com.unity.collab-proxy from version 1.17.7 to 2.7.1
  com.unity.ide.rider from version 3.0.16 to 3.0.31
  com.unity.ide.visualstudio from version 2.0.16 to 2.0.22
  com.unity.inputsystem from version 1.4.4 to 1.13.1
  com.unity.render-pipelines.universal from version 12.1.8 to 17.0.4
  com.unity.test-framework from version 1.1.31 to 1.4.6
  com.unity.timeline from version 1.6.4 to 1.8.7
  com.unity.ugui from version 1.0.0 to 2.0.0
  com.unity.visualscripting from version 1.7.8 to 1.9.5
The following packages were removed:
  com.unity.textmeshpro@3.0.6

=== Wed Mar 12 02:41:06 2025

Packages were changed.
Update Mode: updateDependencies

The following packages were updated:
  com.unity.collab-proxy from version 1.2.16 to 2.7.1
  com.unity.ide.rider from version 1.1.4 to 3.0.31
  com.unity.test-framework from version 1.1.20 to 1.4.6
  com.unity.timeline from version 1.2.17 to 1.8.7
  com.unity.ugui from version 1.0.0 to 2.0.0
The following packages were removed:
  com.unity.textmeshpro@2.1.1

=== Wed Mar 12 02:41:06 2025

Packages were changed.
Update Mode: mergeDefaultDependencies

The following packages were added:
  com.unity.ide.vscode@1.2.3
